06:11:30.165 INFO  vert.x-eventloop-thread-0 BaseServiceProxy     : -> GET /sso/ping,200|2543ms
06:11:30.172 INFO  vert.x-eventloop-thread-0 SsoService           : sso ping {"result": "false"}
08:24:10.131 INFO  vert.x-eventloop-thread-0 BaseServiceProxy     : -> GET /sso/ping,200|995ms
08:24:10.132 INFO  vert.x-eventloop-thread-0 SsoService           : sso ping {"result": "true"}
08:29:09.407 INFO  vert.x-eventloop-thread-0 BaseServiceProxy     : -> GET /sso/ping,200|281ms
08:29:09.408 INFO  vert.x-eventloop-thread-0 SsoService           : sso ping {"result": "true"}
08:34:09.705 INFO  vert.x-eventloop-thread-0 BaseServiceProxy     : -> GET /sso/ping,200|275ms
08:34:09.705 INFO  vert.x-eventloop-thread-0 SsoService           : sso ping {"result": "true"}
08:39:09.706 INFO  vert.x-eventloop-thread-0 BaseServiceProxy     : -> GET /sso/ping,200|269ms
08:39:09.716 INFO  vert.x-eventloop-thread-0 SsoService           : sso ping {"result": "true"}
08:44:09.719 INFO  vert.x-eventloop-thread-0 BaseServiceProxy     : -> GET /sso/ping,200|277ms
08:44:09.720 INFO  vert.x-eventloop-thread-0 SsoService           : sso ping {"result": "true"}
08:49:11.548 INFO  vert.x-eventloop-thread-0 BaseServiceProxy     : -> GET /sso/ping,200|668ms
08:49:11.548 INFO  vert.x-eventloop-thread-0 SsoService           : sso ping {"result": "true"}
08:54:11.155 INFO  vert.x-eventloop-thread-0 BaseServiceProxy     : -> GET /sso/ping,200|271ms
08:54:11.157 INFO  vert.x-eventloop-thread-0 SsoService           : sso ping {"result": "true"}
08:59:11.294 INFO  vert.x-eventloop-thread-0 BaseServiceProxy     : -> GET /sso/ping,200|405ms
08:59:11.295 INFO  vert.x-eventloop-thread-0 SsoService           : sso ping {"result": "true"}
09:04:11.161 INFO  vert.x-eventloop-thread-0 BaseServiceProxy     : -> GET /sso/ping,200|274ms
09:04:11.161 INFO  vert.x-eventloop-thread-0 SsoService           : sso ping {"result": "true"}
09:09:11.168 INFO  vert.x-eventloop-thread-0 BaseServiceProxy     : -> GET /sso/ping,200|270ms
09:09:11.168 INFO  vert.x-eventloop-thread-0 SsoService           : sso ping {"result": "true"}
09:14:11.214 INFO  vert.x-eventloop-thread-0 BaseServiceProxy     : -> GET /sso/ping,200|312ms
09:14:11.214 INFO  vert.x-eventloop-thread-0 SsoService           : sso ping {"result": "true"}
09:19:11.174 INFO  vert.x-eventloop-thread-0 BaseServiceProxy     : -> GET /sso/ping,200|271ms
09:19:11.175 INFO  vert.x-eventloop-thread-0 SsoService           : sso ping {"result": "true"}
09:24:11.185 INFO  vert.x-eventloop-thread-0 BaseServiceProxy     : -> GET /sso/ping,200|272ms
09:24:11.185 INFO  vert.x-eventloop-thread-0 SsoService           : sso ping {"result": "true"}
09:29:11.182 INFO  vert.x-eventloop-thread-0 BaseServiceProxy     : -> GET /sso/ping,200|271ms
09:29:11.183 INFO  vert.x-eventloop-thread-0 SsoService           : sso ping {"result": "true"}
09:39:14.749 INFO  vert.x-eventloop-thread-0 BaseServiceProxy     : -> GET /sso/ping,200|543ms
09:39:14.749 INFO  vert.x-eventloop-thread-0 SsoService           : sso ping {"result": "true"}
10:42:24.724 INFO  vert.x-eventloop-thread-0 BaseServiceProxy     : -> GET /sso/ping,200|338ms
10:42:24.726 INFO  vert.x-eventloop-thread-0 SsoService           : sso ping {"result": "true"}
10:47:33.521 INFO  vert.x-eventloop-thread-0 BaseServiceProxy     : -> GET /sso/ping,200|273ms
10:47:33.521 INFO  vert.x-eventloop-thread-0 SsoService           : sso ping {"result": "true"}
12:14:31.475 INFO  vert.x-eventloop-thread-0 BaseServiceProxy     : -> GET /sso/ping,200|417ms
12:14:31.476 INFO  vert.x-eventloop-thread-0 SsoService           : sso ping {"result": "true"}
12:26:21.543 INFO  vert.x-eventloop-thread-0 BaseServiceProxy     : -> GET /sso/ping,200|272ms
12:26:21.543 INFO  vert.x-eventloop-thread-0 SsoService           : sso ping {"result": "true"}
12:31:21.563 INFO  vert.x-eventloop-thread-0 BaseServiceProxy     : -> GET /sso/ping,200|290ms
12:31:21.563 INFO  vert.x-eventloop-thread-0 SsoService           : sso ping {"result": "true"}
12:36:22.438 INFO  vert.x-eventloop-thread-0 BaseServiceProxy     : -> GET /sso/ping,200|271ms
12:36:22.438 INFO  vert.x-eventloop-thread-0 SsoService           : sso ping {"result": "true"}
12:41:23.769 INFO  vert.x-eventloop-thread-0 BaseServiceProxy     : -> GET /sso/ping,200|1602ms
12:41:23.770 INFO  vert.x-eventloop-thread-0 SsoService           : sso ping {"result": "true"}
12:46:22.447 INFO  vert.x-eventloop-thread-0 BaseServiceProxy     : -> GET /sso/ping,200|271ms
12:46:22.447 INFO  vert.x-eventloop-thread-0 SsoService           : sso ping {"result": "true"}
12:51:22.452 INFO  vert.x-eventloop-thread-0 BaseServiceProxy     : -> GET /sso/ping,200|274ms
12:51:22.453 INFO  vert.x-eventloop-thread-0 SsoService           : sso ping {"result": "true"}
12:56:22.461 INFO  vert.x-eventloop-thread-0 BaseServiceProxy     : -> GET /sso/ping,200|272ms
12:56:22.461 INFO  vert.x-eventloop-thread-0 SsoService           : sso ping {"result": "true"}
13:01:22.492 INFO  vert.x-eventloop-thread-0 BaseServiceProxy     : -> GET /sso/ping,200|303ms
13:01:22.492 INFO  vert.x-eventloop-thread-0 SsoService           : sso ping {"result": "true"}
13:06:22.478 INFO  vert.x-eventloop-thread-0 BaseServiceProxy     : -> GET /sso/ping,200|279ms
13:06:22.479 INFO  vert.x-eventloop-thread-0 SsoService           : sso ping {"result": "true"}
13:08:59.966 WARN  vert.x-eventloop-thread-0 DefaultChannelPipeline : An exceptionCaught() event was fired, and it reached at the tail of the pipeline. It usually means the last handler in the pipeline did not handle the exception.
io.netty.handler.codec.DecoderException: javax.net.ssl.SSLException: Received fatal alert: certificate_unknown
	at io.netty.handler.codec.ByteToMessageDecoder.callDecode(ByteToMessageDecoder.java:459)
	at io.netty.handler.codec.ByteToMessageDecoder.channelRead(ByteToMessageDecoder.java:265)
	at io.netty.channel.AbstractChannelHandlerContext.invokeChannelRead(AbstractChannelHandlerContext.java:362)
	at io.netty.channel.AbstractChannelHandlerContext.invokeChannelRead(AbstractChannelHandlerContext.java:348)
	at io.netty.channel.AbstractChannelHandlerContext.fireChannelRead(AbstractChannelHandlerContext.java:340)
	at io.netty.channel.DefaultChannelPipeline$HeadContext.channelRead(DefaultChannelPipeline.java:1359)
	at io.netty.channel.AbstractChannelHandlerContext.invokeChannelRead(AbstractChannelHandlerContext.java:362)
	at io.netty.channel.AbstractChannelHandlerContext.invokeChannelRead(AbstractChannelHandlerContext.java:348)
	at io.netty.channel.DefaultChannelPipeline.fireChannelRead(DefaultChannelPipeline.java:935)
	at io.netty.channel.nio.AbstractNioByteChannel$NioByteUnsafe.read(AbstractNioByteChannel.java:134)
	at io.netty.channel.nio.NioEventLoop.processSelectedKey(NioEventLoop.java:645)
	at io.netty.channel.nio.NioEventLoop.processSelectedKeysOptimized(NioEventLoop.java:580)
	at io.netty.channel.nio.NioEventLoop.processSelectedKeys(NioEventLoop.java:497)
	at io.netty.channel.nio.NioEventLoop.run(NioEventLoop.java:459)
	at io.netty.util.concurrent.SingleThreadEventExecutor$5.run(SingleThreadEventExecutor.java:858)
	at java.lang.Thread.run(Thread.java:748)
Caused by: javax.net.ssl.SSLException: Received fatal alert: certificate_unknown
	at sun.security.ssl.Alerts.getSSLException(Alerts.java:208)
	at sun.security.ssl.SSLEngineImpl.fatal(SSLEngineImpl.java:1666)
	at sun.security.ssl.SSLEngineImpl.fatal(SSLEngineImpl.java:1634)
	at sun.security.ssl.SSLEngineImpl.recvAlert(SSLEngineImpl.java:1800)
	at sun.security.ssl.SSLEngineImpl.readRecord(SSLEngineImpl.java:1083)
	at sun.security.ssl.SSLEngineImpl.readNetRecord(SSLEngineImpl.java:907)
	at sun.security.ssl.SSLEngineImpl.unwrap(SSLEngineImpl.java:781)
	at javax.net.ssl.SSLEngine.unwrap(SSLEngine.java:624)
	at io.netty.handler.ssl.SslHandler$SslEngineType$3.unwrap(SslHandler.java:281)
	at io.netty.handler.ssl.SslHandler.unwrap(SslHandler.java:1215)
	at io.netty.handler.ssl.SslHandler.decodeJdkCompatible(SslHandler.java:1127)
	at io.netty.handler.ssl.SslHandler.decode(SslHandler.java:1162)
	at io.netty.handler.codec.ByteToMessageDecoder.decodeRemovalReentryProtection(ByteToMessageDecoder.java:489)
	at io.netty.handler.codec.ByteToMessageDecoder.callDecode(ByteToMessageDecoder.java:428)
	... 15 common frames omitted
13:08:59.969 WARN  vert.x-eventloop-thread-0 DefaultChannelPipeline : An exceptionCaught() event was fired, and it reached at the tail of the pipeline. It usually means the last handler in the pipeline did not handle the exception.
io.netty.handler.codec.DecoderException: javax.net.ssl.SSLException: Received fatal alert: certificate_unknown
	at io.netty.handler.codec.ByteToMessageDecoder.callDecode(ByteToMessageDecoder.java:459)
	at io.netty.handler.codec.ByteToMessageDecoder.channelRead(ByteToMessageDecoder.java:265)
	at io.netty.channel.AbstractChannelHandlerContext.invokeChannelRead(AbstractChannelHandlerContext.java:362)
	at io.netty.channel.AbstractChannelHandlerContext.invokeChannelRead(AbstractChannelHandlerContext.java:348)
	at io.netty.channel.AbstractChannelHandlerContext.fireChannelRead(AbstractChannelHandlerContext.java:340)
	at io.netty.channel.DefaultChannelPipeline$HeadContext.channelRead(DefaultChannelPipeline.java:1359)
	at io.netty.channel.AbstractChannelHandlerContext.invokeChannelRead(AbstractChannelHandlerContext.java:362)
	at io.netty.channel.AbstractChannelHandlerContext.invokeChannelRead(AbstractChannelHandlerContext.java:348)
	at io.netty.channel.DefaultChannelPipeline.fireChannelRead(DefaultChannelPipeline.java:935)
	at io.netty.channel.nio.AbstractNioByteChannel$NioByteUnsafe.read(AbstractNioByteChannel.java:134)
	at io.netty.channel.nio.NioEventLoop.processSelectedKey(NioEventLoop.java:645)
	at io.netty.channel.nio.NioEventLoop.processSelectedKeysOptimized(NioEventLoop.java:580)
	at io.netty.channel.nio.NioEventLoop.processSelectedKeys(NioEventLoop.java:497)
	at io.netty.channel.nio.NioEventLoop.run(NioEventLoop.java:459)
	at io.netty.util.concurrent.SingleThreadEventExecutor$5.run(SingleThreadEventExecutor.java:858)
	at java.lang.Thread.run(Thread.java:748)
Caused by: javax.net.ssl.SSLException: Received fatal alert: certificate_unknown
	at sun.security.ssl.Alerts.getSSLException(Alerts.java:208)
	at sun.security.ssl.SSLEngineImpl.fatal(SSLEngineImpl.java:1666)
	at sun.security.ssl.SSLEngineImpl.fatal(SSLEngineImpl.java:1634)
	at sun.security.ssl.SSLEngineImpl.recvAlert(SSLEngineImpl.java:1800)
	at sun.security.ssl.SSLEngineImpl.readRecord(SSLEngineImpl.java:1083)
	at sun.security.ssl.SSLEngineImpl.readNetRecord(SSLEngineImpl.java:907)
	at sun.security.ssl.SSLEngineImpl.unwrap(SSLEngineImpl.java:781)
	at javax.net.ssl.SSLEngine.unwrap(SSLEngine.java:624)
	at io.netty.handler.ssl.SslHandler$SslEngineType$3.unwrap(SslHandler.java:281)
	at io.netty.handler.ssl.SslHandler.unwrap(SslHandler.java:1215)
	at io.netty.handler.ssl.SslHandler.decodeJdkCompatible(SslHandler.java:1127)
	at io.netty.handler.ssl.SslHandler.decode(SslHandler.java:1162)
	at io.netty.handler.codec.ByteToMessageDecoder.decodeRemovalReentryProtection(ByteToMessageDecoder.java:489)
	at io.netty.handler.codec.ByteToMessageDecoder.callDecode(ByteToMessageDecoder.java:428)
	... 15 common frames omitted
13:09:00.443 INFO  vert.x-eventloop-thread-0 BaseServiceProxy     : -> GET /sso/Login?forwardTo=22&RL=1&ip2loc=US,200|453ms
13:09:00.443 INFO  vert.x-eventloop-thread-0 CookieManager        : set cookies [XYZAB_AM.LOGIN=""; Domain=.ibkr.com; Path=/, XYZAB=""; Domain=.ibkr.com; Path=/, URL_PARAM="forwardTo=22&RL=1&ip2loc=US"; Version=1; Domain=.ibkr.com; Path=/, RL=1; Domain=.ibkr.com; Path=/, JSESSIONID=72137EDDFD33F46026CCF59B122790CC.ny5wwwdamsso1; Path=/sso; HttpOnly, ibkr.nj=!Frw4ydojZ8dpTT2zECbCpldviNMCC5aQuI+VOU0/jlc/97RiQbY450gXYtp7FW9eqOLCwPZxJPS97UDg5gif2tiCoW1z0Z4v6xBV/4eDxupwZ5HIZDG8YFlRc9cH7F5FPzt4XsJyzVytSZWAYEhdO0+UaKcJVfs=; path=/; Httponly, ibkr.nj=286525962.20480.0000; path=/; Httponly; Secure]
13:09:00.444 DEBUG vert.x-eventloop-thread-0 BaseServiceProxy     : Remapping Set-cookies [XYZAB_AM.LOGIN=""; Domain=.ibkr.com; Path=/, XYZAB=""; Domain=.ibkr.com; Path=/, URL_PARAM="forwardTo=22&RL=1&ip2loc=US"; Version=1; Domain=.ibkr.com; Path=/, RL=1; Domain=.ibkr.com; Path=/, JSESSIONID=72137EDDFD33F46026CCF59B122790CC.ny5wwwdamsso1; Path=/sso; HttpOnly, ibkr.nj=!Frw4ydojZ8dpTT2zECbCpldviNMCC5aQuI+VOU0/jlc/97RiQbY450gXYtp7FW9eqOLCwPZxJPS97UDg5gif2tiCoW1z0Z4v6xBV/4eDxupwZ5HIZDG8YFlRc9cH7F5FPzt4XsJyzVytSZWAYEhdO0+UaKcJVfs=; path=/; Httponly, ibkr.nj=286525962.20480.0000; path=/; Httponly; Secure] -> 
13:09:00.452 WARN  vert.x-eventloop-thread-0 DefaultChannelPipeline : An exceptionCaught() event was fired, and it reached at the tail of the pipeline. It usually means the last handler in the pipeline did not handle the exception.
io.netty.handler.codec.DecoderException: javax.net.ssl.SSLException: Received fatal alert: certificate_unknown
	at io.netty.handler.codec.ByteToMessageDecoder.callDecode(ByteToMessageDecoder.java:459)
	at io.netty.handler.codec.ByteToMessageDecoder.channelRead(ByteToMessageDecoder.java:265)
	at io.netty.channel.AbstractChannelHandlerContext.invokeChannelRead(AbstractChannelHandlerContext.java:362)
	at io.netty.channel.AbstractChannelHandlerContext.invokeChannelRead(AbstractChannelHandlerContext.java:348)
	at io.netty.channel.AbstractChannelHandlerContext.fireChannelRead(AbstractChannelHandlerContext.java:340)
	at io.netty.channel.DefaultChannelPipeline$HeadContext.channelRead(DefaultChannelPipeline.java:1359)
	at io.netty.channel.AbstractChannelHandlerContext.invokeChannelRead(AbstractChannelHandlerContext.java:362)
	at io.netty.channel.AbstractChannelHandlerContext.invokeChannelRead(AbstractChannelHandlerContext.java:348)
	at io.netty.channel.DefaultChannelPipeline.fireChannelRead(DefaultChannelPipeline.java:935)
	at io.netty.channel.nio.AbstractNioByteChannel$NioByteUnsafe.read(AbstractNioByteChannel.java:134)
	at io.netty.channel.nio.NioEventLoop.processSelectedKey(NioEventLoop.java:645)
	at io.netty.channel.nio.NioEventLoop.processSelectedKeysOptimized(NioEventLoop.java:580)
	at io.netty.channel.nio.NioEventLoop.processSelectedKeys(NioEventLoop.java:497)
	at io.netty.channel.nio.NioEventLoop.run(NioEventLoop.java:459)
	at io.netty.util.concurrent.SingleThreadEventExecutor$5.run(SingleThreadEventExecutor.java:858)
	at java.lang.Thread.run(Thread.java:748)
Caused by: javax.net.ssl.SSLException: Received fatal alert: certificate_unknown
	at sun.security.ssl.Alerts.getSSLException(Alerts.java:208)
	at sun.security.ssl.SSLEngineImpl.fatal(SSLEngineImpl.java:1666)
	at sun.security.ssl.SSLEngineImpl.fatal(SSLEngineImpl.java:1634)
	at sun.security.ssl.SSLEngineImpl.recvAlert(SSLEngineImpl.java:1800)
	at sun.security.ssl.SSLEngineImpl.readRecord(SSLEngineImpl.java:1083)
	at sun.security.ssl.SSLEngineImpl.readNetRecord(SSLEngineImpl.java:907)
	at sun.security.ssl.SSLEngineImpl.unwrap(SSLEngineImpl.java:781)
	at javax.net.ssl.SSLEngine.unwrap(SSLEngine.java:624)
	at io.netty.handler.ssl.SslHandler$SslEngineType$3.unwrap(SslHandler.java:281)
	at io.netty.handler.ssl.SslHandler.unwrap(SslHandler.java:1215)
	at io.netty.handler.ssl.SslHandler.decodeJdkCompatible(SslHandler.java:1127)
	at io.netty.handler.ssl.SslHandler.decode(SslHandler.java:1162)
	at io.netty.handler.codec.ByteToMessageDecoder.decodeRemovalReentryProtection(ByteToMessageDecoder.java:489)
	at io.netty.handler.codec.ByteToMessageDecoder.callDecode(ByteToMessageDecoder.java:428)
	... 15 common frames omitted
13:09:00.511 WARN  vert.x-eventloop-thread-0 DefaultChannelPipeline : An exceptionCaught() event was fired, and it reached at the tail of the pipeline. It usually means the last handler in the pipeline did not handle the exception.
io.netty.handler.codec.DecoderException: javax.net.ssl.SSLException: Received fatal alert: certificate_unknown
	at io.netty.handler.codec.ByteToMessageDecoder.callDecode(ByteToMessageDecoder.java:459)
	at io.netty.handler.codec.ByteToMessageDecoder.channelRead(ByteToMessageDecoder.java:265)
	at io.netty.channel.AbstractChannelHandlerContext.invokeChannelRead(AbstractChannelHandlerContext.java:362)
	at io.netty.channel.AbstractChannelHandlerContext.invokeChannelRead(AbstractChannelHandlerContext.java:348)
	at io.netty.channel.AbstractChannelHandlerContext.fireChannelRead(AbstractChannelHandlerContext.java:340)
	at io.netty.channel.DefaultChannelPipeline$HeadContext.channelRead(DefaultChannelPipeline.java:1359)
	at io.netty.channel.AbstractChannelHandlerContext.invokeChannelRead(AbstractChannelHandlerContext.java:362)
	at io.netty.channel.AbstractChannelHandlerContext.invokeChannelRead(AbstractChannelHandlerContext.java:348)
	at io.netty.channel.DefaultChannelPipeline.fireChannelRead(DefaultChannelPipeline.java:935)
	at io.netty.channel.nio.AbstractNioByteChannel$NioByteUnsafe.read(AbstractNioByteChannel.java:134)
	at io.netty.channel.nio.NioEventLoop.processSelectedKey(NioEventLoop.java:645)
	at io.netty.channel.nio.NioEventLoop.processSelectedKeysOptimized(NioEventLoop.java:580)
	at io.netty.channel.nio.NioEventLoop.processSelectedKeys(NioEventLoop.java:497)
	at io.netty.channel.nio.NioEventLoop.run(NioEventLoop.java:459)
	at io.netty.util.concurrent.SingleThreadEventExecutor$5.run(SingleThreadEventExecutor.java:858)
	at java.lang.Thread.run(Thread.java:748)
Caused by: javax.net.ssl.SSLException: Received fatal alert: certificate_unknown
	at sun.security.ssl.Alerts.getSSLException(Alerts.java:208)
	at sun.security.ssl.SSLEngineImpl.fatal(SSLEngineImpl.java:1666)
	at sun.security.ssl.SSLEngineImpl.fatal(SSLEngineImpl.java:1634)
	at sun.security.ssl.SSLEngineImpl.recvAlert(SSLEngineImpl.java:1800)
	at sun.security.ssl.SSLEngineImpl.readRecord(SSLEngineImpl.java:1083)
	at sun.security.ssl.SSLEngineImpl.readNetRecord(SSLEngineImpl.java:907)
	at sun.security.ssl.SSLEngineImpl.unwrap(SSLEngineImpl.java:781)
	at javax.net.ssl.SSLEngine.unwrap(SSLEngine.java:624)
	at io.netty.handler.ssl.SslHandler$SslEngineType$3.unwrap(SslHandler.java:281)
	at io.netty.handler.ssl.SslHandler.unwrap(SslHandler.java:1215)
	at io.netty.handler.ssl.SslHandler.decodeJdkCompatible(SslHandler.java:1127)
	at io.netty.handler.ssl.SslHandler.decode(SslHandler.java:1162)
	at io.netty.handler.codec.ByteToMessageDecoder.decodeRemovalReentryProtection(ByteToMessageDecoder.java:489)
	at io.netty.handler.codec.ByteToMessageDecoder.callDecode(ByteToMessageDecoder.java:428)
	... 15 common frames omitted
13:09:00.515 WARN  vert.x-eventloop-thread-0 DefaultChannelPipeline : An exceptionCaught() event was fired, and it reached at the tail of the pipeline. It usually means the last handler in the pipeline did not handle the exception.
io.netty.handler.codec.DecoderException: javax.net.ssl.SSLException: Received fatal alert: certificate_unknown
	at io.netty.handler.codec.ByteToMessageDecoder.callDecode(ByteToMessageDecoder.java:459)
	at io.netty.handler.codec.ByteToMessageDecoder.channelRead(ByteToMessageDecoder.java:265)
	at io.netty.channel.AbstractChannelHandlerContext.invokeChannelRead(AbstractChannelHandlerContext.java:362)
	at io.netty.channel.AbstractChannelHandlerContext.invokeChannelRead(AbstractChannelHandlerContext.java:348)
	at io.netty.channel.AbstractChannelHandlerContext.fireChannelRead(AbstractChannelHandlerContext.java:340)
	at io.netty.channel.DefaultChannelPipeline$HeadContext.channelRead(DefaultChannelPipeline.java:1359)
	at io.netty.channel.AbstractChannelHandlerContext.invokeChannelRead(AbstractChannelHandlerContext.java:362)
	at io.netty.channel.AbstractChannelHandlerContext.invokeChannelRead(AbstractChannelHandlerContext.java:348)
	at io.netty.channel.DefaultChannelPipeline.fireChannelRead(DefaultChannelPipeline.java:935)
	at io.netty.channel.nio.AbstractNioByteChannel$NioByteUnsafe.read(AbstractNioByteChannel.java:134)
	at io.netty.channel.nio.NioEventLoop.processSelectedKey(NioEventLoop.java:645)
	at io.netty.channel.nio.NioEventLoop.processSelectedKeysOptimized(NioEventLoop.java:580)
	at io.netty.channel.nio.NioEventLoop.processSelectedKeys(NioEventLoop.java:497)
	at io.netty.channel.nio.NioEventLoop.run(NioEventLoop.java:459)
	at io.netty.util.concurrent.SingleThreadEventExecutor$5.run(SingleThreadEventExecutor.java:858)
	at java.lang.Thread.run(Thread.java:748)
Caused by: javax.net.ssl.SSLException: Received fatal alert: certificate_unknown
	at sun.security.ssl.Alerts.getSSLException(Alerts.java:208)
	at sun.security.ssl.SSLEngineImpl.fatal(SSLEngineImpl.java:1666)
	at sun.security.ssl.SSLEngineImpl.fatal(SSLEngineImpl.java:1634)
	at sun.security.ssl.SSLEngineImpl.recvAlert(SSLEngineImpl.java:1800)
	at sun.security.ssl.SSLEngineImpl.readRecord(SSLEngineImpl.java:1083)
	at sun.security.ssl.SSLEngineImpl.readNetRecord(SSLEngineImpl.java:907)
	at sun.security.ssl.SSLEngineImpl.unwrap(SSLEngineImpl.java:781)
	at javax.net.ssl.SSLEngine.unwrap(SSLEngine.java:624)
	at io.netty.handler.ssl.SslHandler$SslEngineType$3.unwrap(SslHandler.java:281)
	at io.netty.handler.ssl.SslHandler.unwrap(SslHandler.java:1215)
	at io.netty.handler.ssl.SslHandler.decodeJdkCompatible(SslHandler.java:1127)
	at io.netty.handler.ssl.SslHandler.decode(SslHandler.java:1162)
	at io.netty.handler.codec.ByteToMessageDecoder.decodeRemovalReentryProtection(ByteToMessageDecoder.java:489)
	at io.netty.handler.codec.ByteToMessageDecoder.callDecode(ByteToMessageDecoder.java:428)
	... 15 common frames omitted
13:09:00.527 WARN  vert.x-eventloop-thread-0 DefaultChannelPipeline : An exceptionCaught() event was fired, and it reached at the tail of the pipeline. It usually means the last handler in the pipeline did not handle the exception.
io.netty.handler.codec.DecoderException: javax.net.ssl.SSLException: Received fatal alert: certificate_unknown
	at io.netty.handler.codec.ByteToMessageDecoder.callDecode(ByteToMessageDecoder.java:459)
	at io.netty.handler.codec.ByteToMessageDecoder.channelRead(ByteToMessageDecoder.java:265)
	at io.netty.channel.AbstractChannelHandlerContext.invokeChannelRead(AbstractChannelHandlerContext.java:362)
	at io.netty.channel.AbstractChannelHandlerContext.invokeChannelRead(AbstractChannelHandlerContext.java:348)
	at io.netty.channel.AbstractChannelHandlerContext.fireChannelRead(AbstractChannelHandlerContext.java:340)
	at io.netty.channel.DefaultChannelPipeline$HeadContext.channelRead(DefaultChannelPipeline.java:1359)
	at io.netty.channel.AbstractChannelHandlerContext.invokeChannelRead(AbstractChannelHandlerContext.java:362)
	at io.netty.channel.AbstractChannelHandlerContext.invokeChannelRead(AbstractChannelHandlerContext.java:348)
	at io.netty.channel.DefaultChannelPipeline.fireChannelRead(DefaultChannelPipeline.java:935)
	at io.netty.channel.nio.AbstractNioByteChannel$NioByteUnsafe.read(AbstractNioByteChannel.java:134)
	at io.netty.channel.nio.NioEventLoop.processSelectedKey(NioEventLoop.java:645)
	at io.netty.channel.nio.NioEventLoop.processSelectedKeysOptimized(NioEventLoop.java:580)
	at io.netty.channel.nio.NioEventLoop.processSelectedKeys(NioEventLoop.java:497)
	at io.netty.channel.nio.NioEventLoop.run(NioEventLoop.java:459)
	at io.netty.util.concurrent.SingleThreadEventExecutor$5.run(SingleThreadEventExecutor.java:858)
	at java.lang.Thread.run(Thread.java:748)
Caused by: javax.net.ssl.SSLException: Received fatal alert: certificate_unknown
	at sun.security.ssl.Alerts.getSSLException(Alerts.java:208)
	at sun.security.ssl.SSLEngineImpl.fatal(SSLEngineImpl.java:1666)
	at sun.security.ssl.SSLEngineImpl.fatal(SSLEngineImpl.java:1634)
	at sun.security.ssl.SSLEngineImpl.recvAlert(SSLEngineImpl.java:1800)
	at sun.security.ssl.SSLEngineImpl.readRecord(SSLEngineImpl.java:1083)
	at sun.security.ssl.SSLEngineImpl.readNetRecord(SSLEngineImpl.java:907)
	at sun.security.ssl.SSLEngineImpl.unwrap(SSLEngineImpl.java:781)
	at javax.net.ssl.SSLEngine.unwrap(SSLEngine.java:624)
	at io.netty.handler.ssl.SslHandler$SslEngineType$3.unwrap(SslHandler.java:281)
	at io.netty.handler.ssl.SslHandler.unwrap(SslHandler.java:1215)
	at io.netty.handler.ssl.SslHandler.decodeJdkCompatible(SslHandler.java:1127)
	at io.netty.handler.ssl.SslHandler.decode(SslHandler.java:1162)
	at io.netty.handler.codec.ByteToMessageDecoder.decodeRemovalReentryProtection(ByteToMessageDecoder.java:489)
	at io.netty.handler.codec.ByteToMessageDecoder.callDecode(ByteToMessageDecoder.java:428)
	... 15 common frames omitted
13:09:00.545 WARN  vert.x-eventloop-thread-0 DefaultChannelPipeline : An exceptionCaught() event was fired, and it reached at the tail of the pipeline. It usually means the last handler in the pipeline did not handle the exception.
io.netty.handler.codec.DecoderException: javax.net.ssl.SSLException: Received fatal alert: certificate_unknown
	at io.netty.handler.codec.ByteToMessageDecoder.callDecode(ByteToMessageDecoder.java:459)
	at io.netty.handler.codec.ByteToMessageDecoder.channelRead(ByteToMessageDecoder.java:265)
	at io.netty.channel.AbstractChannelHandlerContext.invokeChannelRead(AbstractChannelHandlerContext.java:362)
	at io.netty.channel.AbstractChannelHandlerContext.invokeChannelRead(AbstractChannelHandlerContext.java:348)
	at io.netty.channel.AbstractChannelHandlerContext.fireChannelRead(AbstractChannelHandlerContext.java:340)
	at io.netty.channel.DefaultChannelPipeline$HeadContext.channelRead(DefaultChannelPipeline.java:1359)
	at io.netty.channel.AbstractChannelHandlerContext.invokeChannelRead(AbstractChannelHandlerContext.java:362)
	at io.netty.channel.AbstractChannelHandlerContext.invokeChannelRead(AbstractChannelHandlerContext.java:348)
	at io.netty.channel.DefaultChannelPipeline.fireChannelRead(DefaultChannelPipeline.java:935)
	at io.netty.channel.nio.AbstractNioByteChannel$NioByteUnsafe.read(AbstractNioByteChannel.java:134)
	at io.netty.channel.nio.NioEventLoop.processSelectedKey(NioEventLoop.java:645)
	at io.netty.channel.nio.NioEventLoop.processSelectedKeysOptimized(NioEventLoop.java:580)
	at io.netty.channel.nio.NioEventLoop.processSelectedKeys(NioEventLoop.java:497)
	at io.netty.channel.nio.NioEventLoop.run(NioEventLoop.java:459)
	at io.netty.util.concurrent.SingleThreadEventExecutor$5.run(SingleThreadEventExecutor.java:858)
	at java.lang.Thread.run(Thread.java:748)
Caused by: javax.net.ssl.SSLException: Received fatal alert: certificate_unknown
	at sun.security.ssl.Alerts.getSSLException(Alerts.java:208)
	at sun.security.ssl.SSLEngineImpl.fatal(SSLEngineImpl.java:1666)
	at sun.security.ssl.SSLEngineImpl.fatal(SSLEngineImpl.java:1634)
	at sun.security.ssl.SSLEngineImpl.recvAlert(SSLEngineImpl.java:1800)
	at sun.security.ssl.SSLEngineImpl.readRecord(SSLEngineImpl.java:1083)
	at sun.security.ssl.SSLEngineImpl.readNetRecord(SSLEngineImpl.java:907)
	at sun.security.ssl.SSLEngineImpl.unwrap(SSLEngineImpl.java:781)
	at javax.net.ssl.SSLEngine.unwrap(SSLEngine.java:624)
	at io.netty.handler.ssl.SslHandler$SslEngineType$3.unwrap(SslHandler.java:281)
	at io.netty.handler.ssl.SslHandler.unwrap(SslHandler.java:1215)
	at io.netty.handler.ssl.SslHandler.decodeJdkCompatible(SslHandler.java:1127)
	at io.netty.handler.ssl.SslHandler.decode(SslHandler.java:1162)
	at io.netty.handler.codec.ByteToMessageDecoder.decodeRemovalReentryProtection(ByteToMessageDecoder.java:489)
	at io.netty.handler.codec.ByteToMessageDecoder.callDecode(ByteToMessageDecoder.java:428)
	... 15 common frames omitted
13:09:00.546 WARN  vert.x-eventloop-thread-0 DefaultChannelPipeline : An exceptionCaught() event was fired, and it reached at the tail of the pipeline. It usually means the last handler in the pipeline did not handle the exception.
io.netty.handler.codec.DecoderException: javax.net.ssl.SSLException: Received fatal alert: certificate_unknown
	at io.netty.handler.codec.ByteToMessageDecoder.callDecode(ByteToMessageDecoder.java:459)
	at io.netty.handler.codec.ByteToMessageDecoder.channelRead(ByteToMessageDecoder.java:265)
	at io.netty.channel.AbstractChannelHandlerContext.invokeChannelRead(AbstractChannelHandlerContext.java:362)
	at io.netty.channel.AbstractChannelHandlerContext.invokeChannelRead(AbstractChannelHandlerContext.java:348)
	at io.netty.channel.AbstractChannelHandlerContext.fireChannelRead(AbstractChannelHandlerContext.java:340)
	at io.netty.channel.DefaultChannelPipeline$HeadContext.channelRead(DefaultChannelPipeline.java:1359)
	at io.netty.channel.AbstractChannelHandlerContext.invokeChannelRead(AbstractChannelHandlerContext.java:362)
	at io.netty.channel.AbstractChannelHandlerContext.invokeChannelRead(AbstractChannelHandlerContext.java:348)
	at io.netty.channel.DefaultChannelPipeline.fireChannelRead(DefaultChannelPipeline.java:935)
	at io.netty.channel.nio.AbstractNioByteChannel$NioByteUnsafe.read(AbstractNioByteChannel.java:134)
	at io.netty.channel.nio.NioEventLoop.processSelectedKey(NioEventLoop.java:645)
	at io.netty.channel.nio.NioEventLoop.processSelectedKeysOptimized(NioEventLoop.java:580)
	at io.netty.channel.nio.NioEventLoop.processSelectedKeys(NioEventLoop.java:497)
	at io.netty.channel.nio.NioEventLoop.run(NioEventLoop.java:459)
	at io.netty.util.concurrent.SingleThreadEventExecutor$5.run(SingleThreadEventExecutor.java:858)
	at java.lang.Thread.run(Thread.java:748)
Caused by: javax.net.ssl.SSLException: Received fatal alert: certificate_unknown
	at sun.security.ssl.Alerts.getSSLException(Alerts.java:208)
	at sun.security.ssl.SSLEngineImpl.fatal(SSLEngineImpl.java:1666)
	at sun.security.ssl.SSLEngineImpl.fatal(SSLEngineImpl.java:1634)
	at sun.security.ssl.SSLEngineImpl.recvAlert(SSLEngineImpl.java:1800)
	at sun.security.ssl.SSLEngineImpl.readRecord(SSLEngineImpl.java:1083)
	at sun.security.ssl.SSLEngineImpl.readNetRecord(SSLEngineImpl.java:907)
	at sun.security.ssl.SSLEngineImpl.unwrap(SSLEngineImpl.java:781)
	at javax.net.ssl.SSLEngine.unwrap(SSLEngine.java:624)
	at io.netty.handler.ssl.SslHandler$SslEngineType$3.unwrap(SslHandler.java:281)
	at io.netty.handler.ssl.SslHandler.unwrap(SslHandler.java:1215)
	at io.netty.handler.ssl.SslHandler.decodeJdkCompatible(SslHandler.java:1127)
	at io.netty.handler.ssl.SslHandler.decode(SslHandler.java:1162)
	at io.netty.handler.codec.ByteToMessageDecoder.decodeRemovalReentryProtection(ByteToMessageDecoder.java:489)
	at io.netty.handler.codec.ByteToMessageDecoder.callDecode(ByteToMessageDecoder.java:428)
	... 15 common frames omitted
13:09:00.546 WARN  vert.x-eventloop-thread-0 DefaultChannelPipeline : An exceptionCaught() event was fired, and it reached at the tail of the pipeline. It usually means the last handler in the pipeline did not handle the exception.
io.netty.handler.codec.DecoderException: javax.net.ssl.SSLException: Received fatal alert: certificate_unknown
	at io.netty.handler.codec.ByteToMessageDecoder.callDecode(ByteToMessageDecoder.java:459)
	at io.netty.handler.codec.ByteToMessageDecoder.channelRead(ByteToMessageDecoder.java:265)
	at io.netty.channel.AbstractChannelHandlerContext.invokeChannelRead(AbstractChannelHandlerContext.java:362)
	at io.netty.channel.AbstractChannelHandlerContext.invokeChannelRead(AbstractChannelHandlerContext.java:348)
	at io.netty.channel.AbstractChannelHandlerContext.fireChannelRead(AbstractChannelHandlerContext.java:340)
	at io.netty.channel.DefaultChannelPipeline$HeadContext.channelRead(DefaultChannelPipeline.java:1359)
	at io.netty.channel.AbstractChannelHandlerContext.invokeChannelRead(AbstractChannelHandlerContext.java:362)
	at io.netty.channel.AbstractChannelHandlerContext.invokeChannelRead(AbstractChannelHandlerContext.java:348)
	at io.netty.channel.DefaultChannelPipeline.fireChannelRead(DefaultChannelPipeline.java:935)
	at io.netty.channel.nio.AbstractNioByteChannel$NioByteUnsafe.read(AbstractNioByteChannel.java:134)
	at io.netty.channel.nio.NioEventLoop.processSelectedKey(NioEventLoop.java:645)
	at io.netty.channel.nio.NioEventLoop.processSelectedKeysOptimized(NioEventLoop.java:580)
	at io.netty.channel.nio.NioEventLoop.processSelectedKeys(NioEventLoop.java:497)
	at io.netty.channel.nio.NioEventLoop.run(NioEventLoop.java:459)
	at io.netty.util.concurrent.SingleThreadEventExecutor$5.run(SingleThreadEventExecutor.java:858)
	at java.lang.Thread.run(Thread.java:748)
Caused by: javax.net.ssl.SSLException: Received fatal alert: certificate_unknown
	at sun.security.ssl.Alerts.getSSLException(Alerts.java:208)
	at sun.security.ssl.SSLEngineImpl.fatal(SSLEngineImpl.java:1666)
	at sun.security.ssl.SSLEngineImpl.fatal(SSLEngineImpl.java:1634)
	at sun.security.ssl.SSLEngineImpl.recvAlert(SSLEngineImpl.java:1800)
	at sun.security.ssl.SSLEngineImpl.readRecord(SSLEngineImpl.java:1083)
	at sun.security.ssl.SSLEngineImpl.readNetRecord(SSLEngineImpl.java:907)
	at sun.security.ssl.SSLEngineImpl.unwrap(SSLEngineImpl.java:781)
	at javax.net.ssl.SSLEngine.unwrap(SSLEngine.java:624)
	at io.netty.handler.ssl.SslHandler$SslEngineType$3.unwrap(SslHandler.java:281)
	at io.netty.handler.ssl.SslHandler.unwrap(SslHandler.java:1215)
	at io.netty.handler.ssl.SslHandler.decodeJdkCompatible(SslHandler.java:1127)
	at io.netty.handler.ssl.SslHandler.decode(SslHandler.java:1162)
	at io.netty.handler.codec.ByteToMessageDecoder.decodeRemovalReentryProtection(ByteToMessageDecoder.java:489)
	at io.netty.handler.codec.ByteToMessageDecoder.callDecode(ByteToMessageDecoder.java:428)
	... 15 common frames omitted
13:09:00.557 WARN  vert.x-eventloop-thread-0 DefaultChannelPipeline : An exceptionCaught() event was fired, and it reached at the tail of the pipeline. It usually means the last handler in the pipeline did not handle the exception.
io.netty.handler.codec.DecoderException: javax.net.ssl.SSLException: Received fatal alert: certificate_unknown
	at io.netty.handler.codec.ByteToMessageDecoder.callDecode(ByteToMessageDecoder.java:459)
	at io.netty.handler.codec.ByteToMessageDecoder.channelRead(ByteToMessageDecoder.java:265)
	at io.netty.channel.AbstractChannelHandlerContext.invokeChannelRead(AbstractChannelHandlerContext.java:362)
	at io.netty.channel.AbstractChannelHandlerContext.invokeChannelRead(AbstractChannelHandlerContext.java:348)
	at io.netty.channel.AbstractChannelHandlerContext.fireChannelRead(AbstractChannelHandlerContext.java:340)
	at io.netty.channel.DefaultChannelPipeline$HeadContext.channelRead(DefaultChannelPipeline.java:1359)
	at io.netty.channel.AbstractChannelHandlerContext.invokeChannelRead(AbstractChannelHandlerContext.java:362)
	at io.netty.channel.AbstractChannelHandlerContext.invokeChannelRead(AbstractChannelHandlerContext.java:348)
	at io.netty.channel.DefaultChannelPipeline.fireChannelRead(DefaultChannelPipeline.java:935)
	at io.netty.channel.nio.AbstractNioByteChannel$NioByteUnsafe.read(AbstractNioByteChannel.java:134)
	at io.netty.channel.nio.NioEventLoop.processSelectedKey(NioEventLoop.java:645)
	at io.netty.channel.nio.NioEventLoop.processSelectedKeysOptimized(NioEventLoop.java:580)
	at io.netty.channel.nio.NioEventLoop.processSelectedKeys(NioEventLoop.java:497)
	at io.netty.channel.nio.NioEventLoop.run(NioEventLoop.java:459)
	at io.netty.util.concurrent.SingleThreadEventExecutor$5.run(SingleThreadEventExecutor.java:858)
	at java.lang.Thread.run(Thread.java:748)
Caused by: javax.net.ssl.SSLException: Received fatal alert: certificate_unknown
	at sun.security.ssl.Alerts.getSSLException(Alerts.java:208)
	at sun.security.ssl.SSLEngineImpl.fatal(SSLEngineImpl.java:1666)
	at sun.security.ssl.SSLEngineImpl.fatal(SSLEngineImpl.java:1634)
	at sun.security.ssl.SSLEngineImpl.recvAlert(SSLEngineImpl.java:1800)
	at sun.security.ssl.SSLEngineImpl.readRecord(SSLEngineImpl.java:1083)
	at sun.security.ssl.SSLEngineImpl.readNetRecord(SSLEngineImpl.java:907)
	at sun.security.ssl.SSLEngineImpl.unwrap(SSLEngineImpl.java:781)
	at javax.net.ssl.SSLEngine.unwrap(SSLEngine.java:624)
	at io.netty.handler.ssl.SslHandler$SslEngineType$3.unwrap(SslHandler.java:281)
	at io.netty.handler.ssl.SslHandler.unwrap(SslHandler.java:1215)
	at io.netty.handler.ssl.SslHandler.decodeJdkCompatible(SslHandler.java:1127)
	at io.netty.handler.ssl.SslHandler.decode(SslHandler.java:1162)
	at io.netty.handler.codec.ByteToMessageDecoder.decodeRemovalReentryProtection(ByteToMessageDecoder.java:489)
	at io.netty.handler.codec.ByteToMessageDecoder.callDecode(ByteToMessageDecoder.java:428)
	... 15 common frames omitted
13:09:00.558 WARN  vert.x-eventloop-thread-0 DefaultChannelPipeline : An exceptionCaught() event was fired, and it reached at the tail of the pipeline. It usually means the last handler in the pipeline did not handle the exception.
io.netty.handler.codec.DecoderException: javax.net.ssl.SSLException: Received fatal alert: certificate_unknown
	at io.netty.handler.codec.ByteToMessageDecoder.callDecode(ByteToMessageDecoder.java:459)
	at io.netty.handler.codec.ByteToMessageDecoder.channelRead(ByteToMessageDecoder.java:265)
	at io.netty.channel.AbstractChannelHandlerContext.invokeChannelRead(AbstractChannelHandlerContext.java:362)
	at io.netty.channel.AbstractChannelHandlerContext.invokeChannelRead(AbstractChannelHandlerContext.java:348)
	at io.netty.channel.AbstractChannelHandlerContext.fireChannelRead(AbstractChannelHandlerContext.java:340)
	at io.netty.channel.DefaultChannelPipeline$HeadContext.channelRead(DefaultChannelPipeline.java:1359)
	at io.netty.channel.AbstractChannelHandlerContext.invokeChannelRead(AbstractChannelHandlerContext.java:362)
	at io.netty.channel.AbstractChannelHandlerContext.invokeChannelRead(AbstractChannelHandlerContext.java:348)
	at io.netty.channel.DefaultChannelPipeline.fireChannelRead(DefaultChannelPipeline.java:935)
	at io.netty.channel.nio.AbstractNioByteChannel$NioByteUnsafe.read(AbstractNioByteChannel.java:134)
	at io.netty.channel.nio.NioEventLoop.processSelectedKey(NioEventLoop.java:645)
	at io.netty.channel.nio.NioEventLoop.processSelectedKeysOptimized(NioEventLoop.java:580)
	at io.netty.channel.nio.NioEventLoop.processSelectedKeys(NioEventLoop.java:497)
	at io.netty.channel.nio.NioEventLoop.run(NioEventLoop.java:459)
	at io.netty.util.concurrent.SingleThreadEventExecutor$5.run(SingleThreadEventExecutor.java:858)
	at java.lang.Thread.run(Thread.java:748)
Caused by: javax.net.ssl.SSLException: Received fatal alert: certificate_unknown
	at sun.security.ssl.Alerts.getSSLException(Alerts.java:208)
	at sun.security.ssl.SSLEngineImpl.fatal(SSLEngineImpl.java:1666)
	at sun.security.ssl.SSLEngineImpl.fatal(SSLEngineImpl.java:1634)
	at sun.security.ssl.SSLEngineImpl.recvAlert(SSLEngineImpl.java:1800)
	at sun.security.ssl.SSLEngineImpl.readRecord(SSLEngineImpl.java:1083)
	at sun.security.ssl.SSLEngineImpl.readNetRecord(SSLEngineImpl.java:907)
	at sun.security.ssl.SSLEngineImpl.unwrap(SSLEngineImpl.java:781)
	at javax.net.ssl.SSLEngine.unwrap(SSLEngine.java:624)
	at io.netty.handler.ssl.SslHandler$SslEngineType$3.unwrap(SslHandler.java:281)
	at io.netty.handler.ssl.SslHandler.unwrap(SslHandler.java:1215)
	at io.netty.handler.ssl.SslHandler.decodeJdkCompatible(SslHandler.java:1127)
	at io.netty.handler.ssl.SslHandler.decode(SslHandler.java:1162)
	at io.netty.handler.codec.ByteToMessageDecoder.decodeRemovalReentryProtection(ByteToMessageDecoder.java:489)
	at io.netty.handler.codec.ByteToMessageDecoder.callDecode(ByteToMessageDecoder.java:428)
	... 15 common frames omitted
13:09:00.644 INFO  vert.x-eventloop-thread-0 BaseServiceProxy     : -> GET /stylesheet/web/login.css,200|81ms
13:09:00.714 INFO  vert.x-eventloop-thread-0 BaseServiceProxy     : -> GET /stylesheet/web/bootstrap-switch.v3.3.2.min.css,200|137ms
13:09:00.761 INFO  vert.x-eventloop-thread-0 BaseServiceProxy     : -> GET /stylesheet/web/switchery.min.css,200|202ms
13:09:00.761 INFO  vert.x-eventloop-thread-0 CookieManager        : set cookies [ibkr.nj=!MtQQr40DQzNEQ3qzECbCpldviNMCCwod081Xh7vZbACRQqGg/7AHpmOk7xyYGW/lk6RDLpZDU4sn5QRcDwuNz7y9Z3eyGXXiuuvOwhyIcFUfNgwFD8tVP4JK5AuZySWU6vGD/Z+cVxA8fsdS6L+INFBA4TjFwL4=; path=/; Httponly, ibkr.nj=286525962.20480.0000; path=/; Httponly; Secure]
13:09:00.761 DEBUG vert.x-eventloop-thread-0 BaseServiceProxy     : Remapping Set-cookies [ibkr.nj=!MtQQr40DQzNEQ3qzECbCpldviNMCCwod081Xh7vZbACRQqGg/7AHpmOk7xyYGW/lk6RDLpZDU4sn5QRcDwuNz7y9Z3eyGXXiuuvOwhyIcFUfNgwFD8tVP4JK5AuZySWU6vGD/Z+cVxA8fsdS6L+INFBA4TjFwL4=; path=/; Httponly, ibkr.nj=286525962.20480.0000; path=/; Httponly; Secure] -> 
13:09:00.765 INFO  vert.x-eventloop-thread-0 BaseServiceProxy     : -> GET /sso/Login?forwardTo=22&RL=1&ip2loc=US,200|264ms
13:09:00.765 INFO  vert.x-eventloop-thread-0 CookieManager        : set cookies [XYZAB_AM.LOGIN=""; Domain=.ibkr.com; Path=/, XYZAB=""; Domain=.ibkr.com; Path=/, URL_PARAM="forwardTo=22&RL=1&ip2loc=US"; Version=1; Domain=.ibkr.com; Path=/, RL=1; Domain=.ibkr.com; Path=/, JSESSIONID=1F56057B6245F0250129D69CECD70B47.ny5wwwdamsso1; Path=/sso; HttpOnly, ibkr.nj=!LnNThe8Cb3MvOtWzECbCpldviNMCCwiswOlIdhuyNibqRg6ybyEVNqiTac+PBE5NLIfC5n2Le1e9QS1wWbfIlwtSODnlH2vXg7cA3OshWWmKUOHhG5XgPyquqIB7RSSdaqmGQq6kJyz9pFsohGFnNgu4+RgdinY=; path=/; Httponly, ibkr.nj=286525962.20480.0000; path=/; Httponly; Secure]
13:09:00.765 DEBUG vert.x-eventloop-thread-0 BaseServiceProxy     : Remapping Set-cookies [XYZAB_AM.LOGIN=""; Domain=.ibkr.com; Path=/, XYZAB=""; Domain=.ibkr.com; Path=/, URL_PARAM="forwardTo=22&RL=1&ip2loc=US"; Version=1; Domain=.ibkr.com; Path=/, RL=1; Domain=.ibkr.com; Path=/, JSESSIONID=1F56057B6245F0250129D69CECD70B47.ny5wwwdamsso1; Path=/sso; HttpOnly, ibkr.nj=!LnNThe8Cb3MvOtWzECbCpldviNMCCwiswOlIdhuyNibqRg6ybyEVNqiTac+PBE5NLIfC5n2Le1e9QS1wWbfIlwtSODnlH2vXg7cA3OshWWmKUOHhG5XgPyquqIB7RSSdaqmGQq6kJyz9pFsohGFnNgu4+RgdinY=; path=/; Httponly, ibkr.nj=286525962.20480.0000; path=/; Httponly; Secure] -> 
13:09:00.810 INFO  vert.x-eventloop-thread-0 BaseServiceProxy     : -> GET /stylesheet/web/font-awesome.v4.7.0.css,200|162ms
13:09:00.833 INFO  vert.x-eventloop-thread-0 BaseServiceProxy     : -> GET /stylesheet/web/bootstrap.v3.3.6.css,200|277ms
13:09:00.833 INFO  vert.x-eventloop-thread-0 CookieManager        : set cookies [ibkr.nj=!b76lAEbH1jKyhX+zECbCpldviNMCC8AJkNobIhlmOFjiYxH3L6+S2zov+kFQaq9OTmX81v//zS8Vbowmr0qzrt14AbsanQRiW7bpMloJcH4RoM8MDJJNBcQhIj6sFvbikbzkWM11ULEqhRRBO3UV7COl0q+GE48=; path=/; Httponly, ibkr.nj=286525962.20480.0000; path=/; Httponly; Secure]
13:09:00.833 DEBUG vert.x-eventloop-thread-0 BaseServiceProxy     : Remapping Set-cookies [ibkr.nj=!b76lAEbH1jKyhX+zECbCpldviNMCC8AJkNobIhlmOFjiYxH3L6+S2zov+kFQaq9OTmX81v//zS8Vbowmr0qzrt14AbsanQRiW7bpMloJcH4RoM8MDJJNBcQhIj6sFvbikbzkWM11ULEqhRRBO3UV7COl0q+GE48=; path=/; Httponly, ibkr.nj=286525962.20480.0000; path=/; Httponly; Secure] -> 
13:09:00.834 INFO  vert.x-eventloop-thread-0 BaseServiceProxy     : -> GET /stylesheet/web/ib-common.css,200|272ms
13:09:00.834 INFO  vert.x-eventloop-thread-0 CookieManager        : set cookies [ibkr.nj=!pao6gk/mEUxC23SzECbCpldviNMCC/ImynwwjuHiYnc/XmShi78NKRyiybOR5Fqcc9YSNay4Ztcs8NbbvLSXtRduqN6HNRs3lEhXZu//WuCUL6ZPu06wyHUauF9KaaNlA1gaLs8ekgf6uyMn0krT4kdFWLnjDuQ=; path=/; Httponly, ibkr.nj=286525962.20480.0000; path=/; Httponly; Secure]
13:09:00.834 DEBUG vert.x-eventloop-thread-0 BaseServiceProxy     : Remapping Set-cookies [ibkr.nj=!pao6gk/mEUxC23SzECbCpldviNMCC/ImynwwjuHiYnc/XmShi78NKRyiybOR5Fqcc9YSNay4Ztcs8NbbvLSXtRduqN6HNRs3lEhXZu//WuCUL6ZPu06wyHUauF9KaaNlA1gaLs8ekgf6uyMn0krT4kdFWLnjDuQ=; path=/; Httponly, ibkr.nj=286525962.20480.0000; path=/; Httponly; Secure] -> 
13:09:00.836 INFO  vert.x-eventloop-thread-0 BaseServiceProxy     : -> GET /sso/Templates/otp-responsive.css?1593198540419,200|116ms
13:09:00.902 INFO  vert.x-eventloop-thread-0 BaseServiceProxy     : -> GET /scripts/common/js/2015/jquery.min.js,200|135ms
13:09:00.915 INFO  vert.x-eventloop-thread-0 BaseServiceProxy     : -> GET /stylesheet/web/bootstrap-switch.v3.3.2.min.css,200|69ms
13:09:00.960 INFO  vert.x-eventloop-thread-0 BaseServiceProxy     : -> GET /stylesheet/web/font-awesome.v4.7.0.css,200|112ms
13:09:00.989 INFO  vert.x-eventloop-thread-0 BaseServiceProxy     : -> GET /stylesheet/web/switchery.min.css,200|94ms
13:09:01.057 INFO  vert.x-eventloop-thread-0 BaseServiceProxy     : -> GET /sso/Templates/otp-responsive.css?1593198540680,200|67ms
13:09:01.059 INFO  vert.x-eventloop-thread-0 BaseServiceProxy     : -> GET /stylesheet/web/login.css,200|139ms
13:09:01.091 INFO  vert.x-eventloop-thread-0 BaseServiceProxy     : -> GET /stylesheet/web/bootstrap.v3.3.6.css,200|100ms
13:09:01.095 INFO  vert.x-eventloop-thread-0 BaseServiceProxy     : -> GET /stylesheet/web/ib-common.css,200|78ms
13:09:01.128 INFO  vert.x-eventloop-thread-0 BaseServiceProxy     : -> GET /scripts/common/js/2015/bootstrap.min.js,200|102ms
13:09:01.136 INFO  vert.x-eventloop-thread-0 BaseServiceProxy     : -> GET /scripts/common/js/2015/bootstrap-switch.min.js,200|74ms
13:09:01.147 INFO  vert.x-eventloop-thread-0 BaseServiceProxy     : -> GET /scripts/common/js/switchery.min.js,200|84ms
13:09:01.211 INFO  vert.x-eventloop-thread-0 BaseServiceProxy     : -> GET /sso/CombineFiles,200|133ms
13:09:01.223 INFO  vert.x-eventloop-thread-0 BaseServiceProxy     : -> GET /scripts/common/js/2015/jquery.min.js,200|83ms
13:09:01.233 INFO  vert.x-eventloop-thread-0 BaseServiceProxy     : -> GET /scripts/common/js/jquery-ui-1.12.1.min.js,200|74ms
13:09:01.278 INFO  vert.x-eventloop-thread-0 BaseServiceProxy     : -> GET /images/2015/btn-app-apple.png,200|114ms
13:09:01.319 INFO  vert.x-eventloop-thread-0 BaseServiceProxy     : -> GET /scripts/common/js/2015/bootstrap.min.js,200|97ms
13:09:01.355 INFO  vert.x-eventloop-thread-0 BaseServiceProxy     : -> GET /scripts/common/js/jquery-ui-1.12.1.min.js,200|101ms
13:09:01.364 INFO  vert.x-eventloop-thread-0 BaseServiceProxy     : -> GET /scripts/common/js/2015/bootstrap-switch.min.js,200|79ms
13:09:01.393 INFO  vert.x-eventloop-thread-0 BaseServiceProxy     : -> GET /scripts/common/js/switchery.min.js,200|103ms
13:09:01.409 INFO  vert.x-eventloop-thread-0 BaseServiceProxy     : -> GET /sso/CombineFiles,200|83ms
13:09:01.433 INFO  vert.x-eventloop-thread-0 BaseServiceProxy     : -> GET /images/2015/btn-app-google.png,200|95ms
13:09:01.463 INFO  vert.x-eventloop-thread-0 BaseServiceProxy     : -> GET /images/2015/btn-app-apple.png,200|94ms
13:09:01.496 INFO  vert.x-eventloop-thread-0 BaseServiceProxy     : -> GET /images/2015/btn-app-tws.png,200|99ms
13:09:01.504 INFO  vert.x-eventloop-thread-0 BaseServiceProxy     : -> GET /images/2015/button_discover_apis.png,200|75ms
13:09:01.549 INFO  vert.x-eventloop-thread-0 BaseServiceProxy     : -> GET /images/2015/btn-app-google.png,200|70ms
13:09:01.630 INFO  vert.x-eventloop-thread-0 BaseServiceProxy     : -> GET /images/2015/btn-app-tws.png,200|69ms
13:09:01.631 INFO  vert.x-eventloop-thread-0 BaseServiceProxy     : -> GET /images/2015/button_discover_apis.png,200|69ms
13:09:01.682 INFO  vert.x-eventloop-thread-0 BaseServiceProxy     : -> GET /images/2015/template/logo-ib-ibkr-txtwht.svg,200|69ms
13:09:01.756 INFO  vert.x-eventloop-thread-0 BaseServiceProxy     : -> GET /images/2015/template/logo-ib-ibkr-txtblk.svg,200|68ms
13:09:01.797 INFO  vert.x-eventloop-thread-0 BaseServiceProxy     : -> GET /fonts/Proxima-Nova-Light.woff2,200|77ms
13:09:01.804 INFO  vert.x-eventloop-thread-0 BaseServiceProxy     : -> GET /fonts/Proxima-Nova-Semibold.woff2,200|76ms
13:09:01.807 INFO  vert.x-eventloop-thread-0 BaseServiceProxy     : -> GET /fonts/fontawesome-webfont.woff2?v=4.6.1,200|79ms
13:09:01.812 INFO  vert.x-eventloop-thread-0 BaseServiceProxy     : -> GET /fonts/Proxima-Nova-Regular.woff2,200|83ms
13:09:04.885 INFO  vert.x-eventloop-thread-0 BaseServiceProxy     : -> GET /sso/Authenticator?17099,200|132ms
13:09:08.891 INFO  vert.x-eventloop-thread-0 BaseServiceProxy     : -> GET /sso/Authenticator?81244,200|601ms
13:09:08.892 INFO  vert.x-eventloop-thread-0 CookieManager        : set cookies [ibkr.nj=!QCDioCa4tcC4my+zECbCpldviNMCC5//C4Hc85Ua5OxINcLh99tcLhWwnVy/odzPDqGnBE0mtRY8caSQv3fUUwFVyb7ZuWs2yKPS3Y657DFSVi8cOJh62tVIun8NpZyFPsXSF4ui5q/gBWmiESD3L+2w5irgTlI=; path=/; Httponly, ibkr.nj=286525962.20480.0000; path=/; Httponly; Secure]
13:09:08.892 DEBUG vert.x-eventloop-thread-0 BaseServiceProxy     : Remapping Set-cookies [ibkr.nj=!QCDioCa4tcC4my+zECbCpldviNMCC5//C4Hc85Ua5OxINcLh99tcLhWwnVy/odzPDqGnBE0mtRY8caSQv3fUUwFVyb7ZuWs2yKPS3Y657DFSVi8cOJh62tVIun8NpZyFPsXSF4ui5q/gBWmiESD3L+2w5irgTlI=; path=/; Httponly, ibkr.nj=286525962.20480.0000; path=/; Httponly; Secure] -> 
13:09:09.228 INFO  vert.x-eventloop-thread-0 BaseServiceProxy     : -> GET /sso/Dispatcher,302|314ms
13:09:09.228 INFO  vert.x-eventloop-thread-0 CookieManager        : set cookies [USERID=50335886; Domain=.ibkr.com; Path=/, REGION=us; Domain=.ibkr.com; Path=/, ibkr.nj=!/50otA897RUE2g6zECbCpldviNMCC7COBMCL7DJcTJZJ3tYAxxKx54pBrurr1xfhDSFYeomlhxAdh8pXI2GX1QfYZVclsW9+1W+6gTAQ+ULH52Kb0jyK+v1T72muFxsLi7Fj9m262mr9yYVbpVlc2kmvxPV/gHA=; path=/; Httponly, ibkr.nj=286525962.20480.0000; path=/; Httponly; Secure]
13:09:09.228 DEBUG vert.x-eventloop-thread-0 BaseServiceProxy     : Remapping Set-cookies [USERID=50335886; Domain=.ibkr.com; Path=/, REGION=us; Domain=.ibkr.com; Path=/, ibkr.nj=!/50otA897RUE2g6zECbCpldviNMCC7COBMCL7DJcTJZJ3tYAxxKx54pBrurr1xfhDSFYeomlhxAdh8pXI2GX1QfYZVclsW9+1W+6gTAQ+ULH52Kb0jyK+v1T72muFxsLi7Fj9m262mr9yYVbpVlc2kmvxPV/gHA=; path=/; Httponly, ibkr.nj=286525962.20480.0000; path=/; Httponly; Secure] -> 
13:09:09.229 INFO  vert.x-eventloop-thread-0 GatewayHttpProxy     : Client login succeeds
13:09:09.229 INFO  vert.x-eventloop-thread-0 AmService            : authenticating with AM https://api.ibkr.com/AccountManagement/OneBarAuthentication?json=1
13:09:09.440 INFO  vert.x-eventloop-thread-0 BaseServiceProxy     : -> GET /AccountManagement/OneBarAuthentication?json=1,404|211ms
13:09:09.440 WARN  vert.x-eventloop-thread-0 BaseServiceProxy     : failed /AccountManagement/OneBarAuthentication?json=1 | reason <!DOCTYPE HTML PUBLIC "-//IETF//DTD HTML 2.0//EN">
<html><head>
<title>404 Not Found</title>
</head><body>
<h1>Not Found</h1>
<p>The requested URL /AccountManagement/OneBarAuthentication was not found on this server.</p>
<p>Additionally, a 404 Not Found
error was encountered while trying to use an ErrorDocument to handle the request.</p>
</body></html>

13:09:09.441 ERROR vert.x-eventloop-thread-0 AmService            : am authentication failed
io.vertx.core.impl.NoStackTraceThrowable: <!DOCTYPE HTML PUBLIC "-//IETF//DTD HTML 2.0//EN">
<html><head>
<title>404 Not Found</title>
</head><body>
<h1>Not Found</h1>
<p>The requested URL /AccountManagement/OneBarAuthentication was not found on this server.</p>
<p>Additionally, a 404 Not Found
error was encountered while trying to use an ErrorDocument to handle the request.</p>
</body></html>

13:09:09.441 WARN  vert.x-eventloop-thread-0 BaseServiceProxy     : failed /AccountManagement/OneBarAuthentication?json=1 | reason 404
13:09:09.442 ERROR vert.x-eventloop-thread-0 AmService            : am authentication failed
io.vertx.core.impl.NoStackTraceThrowable: 404
13:09:09.487 INFO  vert.x-eventloop-thread-0 BaseServiceProxy     : -> GET /v1/api/sso/validate?gw=1,200|258ms
13:09:09.488 DEBUG vert.x-eventloop-thread-0 ClientPortalService  : portal validate response: {"PAPER_USER_NAME":"scea2767","LOGIN_TYPE":1,"IS_PENDING_APPLICANT":true,"SF_ENABLED":false,"AUTH_TIME":1593198548677,"CREDENTIAL":"scea1997","SF_CONFIG":"","USER_NAME":"scea1997","CREDENTIAL_TYPE":0,"RESULT":true,"IS_FREE_TRIAL":true,"IP":"128.187.116.21","USER_ID":50335886,"EXPIRES":1593198549464,"TOKEN":"ca6e847630d92e48a11eb883cdf9f223f4bfda10"}
13:09:09.490 INFO  vert.x-eventloop-thread-0 GatewayHttpProxy     : authenticated to cp
13:09:09.492 DEBUG vert.x-eventloop-thread-0 BaseServiceProxy     : cancel timer SsoService 12
13:09:09.492 DEBUG vert.x-eventloop-thread-0 BaseServiceProxy     : start timer 300000 SsoService
13:09:09.639 INFO  vert.x-eventloop-thread-0 SsoService           : sso init status=200, url=https://api.ibkr.com/sso/AuthenticateSSODH?ACTION=INIT
13:09:09.640 DEBUG vert.x-eventloop-thread-0 SsoService           : sso init reponse: <ib_auth_res>
<dh_params>
<hash>SHA-1</hash>
<p>d842362d79ce8f289bffef175677bafbeed49230fe4cd738b472ba43e4413f5deda41ed30979b822a75133cd5060df550fd0bb0413eb59caf1a13cf10091e061</p>
<g>b7dfa04b3ea20eb300de9ebf750d62a1ae0b564c07d9e7cfdf646a0819d329294ec2e680a81c91857156ef6ccfa07dde7d09fda474dbd68a4606b6e02843c79d</g>
<A>594b5f0bd5bf2556aaf73c64ce2316917d154ed802eb536d316b5081e27ff863924dbbfa55ddccaf34bcc60df1c2ba71c406c0826d75d7a0eb3a9b6c76b266ab</A>
<challenge>32e5d205a999659b4a6975d03fcb649b2dc9953e</challenge>
<info></info>
</dh_params>
</ib_auth_res>

13:09:09.640 DEBUG vert.x-eventloop-thread-0 SsoService           : p d842362d79ce8f289bffef175677bafbeed49230fe4cd738b472ba43e4413f5deda41ed30979b822a75133cd5060df550fd0bb0413eb59caf1a13cf10091e061
13:09:09.641 DEBUG vert.x-eventloop-thread-0 SsoService           : K 59d4b6430c90723a1f2e0f91cc8de1727c716cfe
13:09:09.641 DEBUG vert.x-eventloop-thread-0 SsoService           : chlRes 37bb4888308659786cca07d09526f9d08c6d54c0
13:09:09.641 DEBUG vert.x-eventloop-thread-0 SsoService           : B 1fbb0645e3a0b3d583ab5e9fc2050ff37be8ec796adbb581bc752e83892736defa79c4f1841d6e4d5683ec17f828fc5bb29d4a5e3be48ec1d93c55264306b301
13:09:09.769 INFO  vert.x-eventloop-thread-0 SsoService           : sso complete url status=200, url=https://api.ibkr.com/sso/AuthenticateSSODH?ACTION=COMPLETE&B=1fbb0645e3a0b3d583ab5e9fc2050ff37be8ec796adbb581bc752e83892736defa79c4f1841d6e4d5683ec17f828fc5bb29d4a5e3be48ec1d93c55264306b301&CHRESPONSE=37bb4888308659786cca07d09526f9d08c6d54c0
13:09:09.769 DEBUG vert.x-eventloop-thread-0 SsoService           : challenge reply:
<ib_auth_res>
<dh_params>
<enc>AES</enc>
<einfo>-55c13dfad1a2296b5fe7f0e2b26689b0</einfo>
<info></info>
</dh_params>
</ib_auth_res>

13:09:09.769 DEBUG vert.x-eventloop-thread-0 BaseServiceProxy     : forward event ON_SSODH_COMPLETED, payload none
13:09:09.769 DEBUG vert.x-eventloop-thread-0 GatewayHttpProxy     : delaying authentication for 3000
13:09:09.858 INFO  vert.x-eventloop-thread-0 BaseServiceProxy     : -> GET /v1/api/one/user,200|368ms
13:09:09.859 INFO  vert.x-eventloop-thread-0 ClientPortalService  : get user reply {"ispaper":true,"islite":false,"has2fa":false,"username":"scea2767","features":{"env":"PROD","wlms":true,"realtime":true,"bond":true,"optionChains":true,"calendar":true,"aQA":true,"newMf":true},"applicants":[{"id":6067566,"type":"INDIVIDUAL","entityId":125850149,"businessType":"INDEPENDENT","legalCountry":{"name":"United States","alpha3":"USA"},"nlcode":"en_US"}],"uar":{"portfolioAnalyst":true,"userInfo":true,"messageCenter":true,"accountDetails":true,"tradingRestrictions":false,"tws":true,"fyi":true,"voting":true,"forum":true,"recentTransactions":true},"accts":{"DU2388114":{"clearingStatus":"O","openDate":1592193600000,"isFunded":true,"tradingPermissions":[],"isFAClient":false}},"props":{"readOnlySession":null,"isIBAMClient":false}}
13:09:12.843 INFO  vert.x-eventloop-thread-0 BaseServiceProxy     : -> GET /v1/api/iserver/auth/status,200|73ms
13:09:12.843 DEBUG vert.x-eventloop-thread-0 ClientPortalService  : status {"authenticated":false,"competing":false,"connected":false,"MAC":"48:DF:37:57:33:80"}
13:09:12.843 INFO  vert.x-eventloop-thread-0 ClientPortalService  : process auth status {"authenticated":false,"competing":false,"connected":false,"MAC":"48:DF:37:57:33:80"}
13:09:12.844 DEBUG vert.x-eventloop-thread-0 ClientPortalService  : auth brokerage, k=59d4b6430c90723a1f2e0f91cc8de1727c716cfe, post={"username":"scea1997","machineId":"2cb99b56","compete":true}
13:09:22.950 INFO  vert.x-eventloop-thread-0 BaseServiceProxy     : -> POST https://api.ibkr.com/v1/api/iserver/auth/ssodh/init,503|10106ms
13:09:22.950 WARN  vert.x-eventloop-thread-0 BaseServiceProxy     : failed /v1/api/iserver/auth/ssodh/init | reason 503
13:09:22.950 DEBUG vert.x-eventloop-thread-0 ClientPortalService  : iserver init : null
13:09:22.950 ERROR vert.x-eventloop-thread-0 ClientPortalService  : iserver init failed
io.vertx.core.impl.NoStackTraceThrowable: 503
13:09:22.951 DEBUG vert.x-eventloop-thread-0 BaseServiceProxy     : forward event ON_SSODH_FAILED, payload none
13:09:22.951 ERROR vert.x-eventloop-thread-0 GatewayHttpProxy     : ssodh failed, retry with /iserver/reauthenticate
13:10:37.015 INFO  vert.x-eventloop-thread-0 BaseServiceProxy     : -> GET /v1/portal/portfolio/accounts,200|282ms
13:10:37.015 INFO  vert.x-eventloop-thread-0 CookieManager        : set cookies [ibkr.nj=!EtrzYZwOGRB3EaGzECbCpldviNMCC0t/51Adna51JsG/7cbHr7deRRHT9ju2NPUZbHlPuphcGR8BfYem530Vtqq3iJ9xlUetyDfiK5ikqxL/taiQyAE7bHs6+30vs2TlNkbUig797hg6ULpWabgLP3uLVVzuYAY=; path=/; Httponly, ibkr.nj=286525962.20480.0000; path=/; Httponly; Secure]
13:10:37.015 DEBUG vert.x-eventloop-thread-0 BaseServiceProxy     : Remapping Set-cookies [ibkr.nj=!EtrzYZwOGRB3EaGzECbCpldviNMCC0t/51Adna51JsG/7cbHr7deRRHT9ju2NPUZbHlPuphcGR8BfYem530Vtqq3iJ9xlUetyDfiK5ikqxL/taiQyAE7bHs6+30vs2TlNkbUig797hg6ULpWabgLP3uLVVzuYAY=; path=/; Httponly, ibkr.nj=286525962.20480.0000; path=/; Httponly; Secure] -> 
13:10:37.294 INFO  vert.x-eventloop-thread-0 BaseServiceProxy     : -> GET /v1/portal/portfolio/DU2388114/positions/0,200|263ms
13:11:40.805 INFO  vert.x-eventloop-thread-0 BaseServiceProxy     : -> GET /v1/portal/portfolio/accounts,200|275ms
13:11:40.805 INFO  vert.x-eventloop-thread-0 CookieManager        : set cookies [ibkr.nj=!n2ldd9PQsLwZYxizECbCpldviNMCC5oDA+FDg6qiVUWBhcbbBRhgwaGnyBITH7fFeagXdVInN80sOtWRPe6TRA2/8V5PjgVwz+eGn10PmTIc/WnAsp35YSqccImx5cU6QNoFuafd3Yblo/7JIAChGWYVlbu6Va4=; path=/; Httponly, ibkr.nj=286525962.20480.0000; path=/; Httponly; Secure]
13:11:40.805 DEBUG vert.x-eventloop-thread-0 BaseServiceProxy     : Remapping Set-cookies [ibkr.nj=!n2ldd9PQsLwZYxizECbCpldviNMCC5oDA+FDg6qiVUWBhcbbBRhgwaGnyBITH7fFeagXdVInN80sOtWRPe6TRA2/8V5PjgVwz+eGn10PmTIc/WnAsp35YSqccImx5cU6QNoFuafd3Yblo/7JIAChGWYVlbu6Va4=; path=/; Httponly, ibkr.nj=286525962.20480.0000; path=/; Httponly; Secure] -> 
13:11:40.892 INFO  vert.x-eventloop-thread-0 BaseServiceProxy     : -> GET /v1/portal/portfolio/DU2388114/positions/0,200|71ms
13:12:09.467 INFO  vert.x-eventloop-thread-0 BaseServiceProxy     : -> GET /v1/portal/portfolio/accounts,200|276ms
13:12:09.467 INFO  vert.x-eventloop-thread-0 CookieManager        : set cookies [ibkr.nj=!gG1Rl3JDpkEzOhmzECbCpldviNMCC6vNqcIWwFe3p5WyrFvYdJ93zYHWdjTaKmbN0ZEAigB9MPrzI7D/goGomER7+KkXJ+f5pZ060+YGIBVcqck2MwzEXLn0kH1J4mONY3dV/iFKElrs/HVYEM7Lna0ABNqh7yA=; path=/; Httponly, ibkr.nj=286525962.20480.0000; path=/; Httponly; Secure]
13:12:09.467 DEBUG vert.x-eventloop-thread-0 BaseServiceProxy     : Remapping Set-cookies [ibkr.nj=!gG1Rl3JDpkEzOhmzECbCpldviNMCC6vNqcIWwFe3p5WyrFvYdJ93zYHWdjTaKmbN0ZEAigB9MPrzI7D/goGomER7+KkXJ+f5pZ060+YGIBVcqck2MwzEXLn0kH1J4mONY3dV/iFKElrs/HVYEM7Lna0ABNqh7yA=; path=/; Httponly, ibkr.nj=286525962.20480.0000; path=/; Httponly; Secure] -> 
13:12:09.556 INFO  vert.x-eventloop-thread-0 BaseServiceProxy     : -> GET /v1/portal/portfolio/DU2388114/positions/0,200|72ms
13:14:09.773 INFO  vert.x-eventloop-thread-0 BaseServiceProxy     : -> GET /sso/ping,200|270ms
13:14:09.774 INFO  vert.x-eventloop-thread-0 SsoService           : sso ping {"result": "true"}
13:19:09.804 INFO  vert.x-eventloop-thread-0 BaseServiceProxy     : -> GET /sso/ping,200|271ms
13:19:09.805 INFO  vert.x-eventloop-thread-0 SsoService           : sso ping {"result": "true"}
13:28:00.197 ERROR vert.x-eventloop-thread-0 ConnectionBase       : java.io.IOException: Operation timed out
13:28:00.198 ERROR vert.x-eventloop-thread-0 BaseServiceProxy     : request failed Operation timed out
java.io.IOException: Operation timed out
	at sun.nio.ch.FileDispatcherImpl.read0(Native Method)
	at sun.nio.ch.SocketDispatcher.read(SocketDispatcher.java:39)
	at sun.nio.ch.IOUtil.readIntoNativeBuffer(IOUtil.java:223)
	at sun.nio.ch.IOUtil.read(IOUtil.java:192)
	at sun.nio.ch.SocketChannelImpl.read(SocketChannelImpl.java:380)
	at io.netty.buffer.PooledUnsafeDirectByteBuf.setBytes(PooledUnsafeDirectByteBuf.java:288)
	at io.netty.buffer.AbstractByteBuf.writeBytes(AbstractByteBuf.java:1106)
	at io.netty.channel.socket.nio.NioSocketChannel.doReadBytes(NioSocketChannel.java:373)
	at io.netty.channel.nio.AbstractNioByteChannel$NioByteUnsafe.read(AbstractNioByteChannel.java:123)
	at io.netty.channel.nio.NioEventLoop.processSelectedKey(NioEventLoop.java:645)
	at io.netty.channel.nio.NioEventLoop.processSelectedKeysOptimized(NioEventLoop.java:580)
	at io.netty.channel.nio.NioEventLoop.processSelectedKeys(NioEventLoop.java:497)
	at io.netty.channel.nio.NioEventLoop.run(NioEventLoop.java:459)
	at io.netty.util.concurrent.SingleThreadEventExecutor$5.run(SingleThreadEventExecutor.java:858)
	at java.lang.Thread.run(Thread.java:748)
13:32:18.203 INFO  vert.x-eventloop-thread-0 BaseServiceProxy     : -> GET /sso/ping,200|216ms
13:32:18.204 INFO  vert.x-eventloop-thread-0 SsoService           : sso ping {"result": "true"}
13:37:18.268 INFO  vert.x-eventloop-thread-0 BaseServiceProxy     : -> GET /sso/ping,200|270ms
13:37:18.268 INFO  vert.x-eventloop-thread-0 SsoService           : sso ping {"result": "true"}
13:42:18.281 INFO  vert.x-eventloop-thread-0 BaseServiceProxy     : -> GET /sso/ping,200|273ms
13:42:18.283 INFO  vert.x-eventloop-thread-0 SsoService           : sso ping {"result": "true"}
13:47:18.340 INFO  vert.x-eventloop-thread-0 BaseServiceProxy     : -> GET /sso/ping,200|327ms
13:47:18.340 INFO  vert.x-eventloop-thread-0 SsoService           : sso ping {"result": "true"}
13:52:18.295 INFO  vert.x-eventloop-thread-0 BaseServiceProxy     : -> GET /sso/ping,200|272ms
13:52:18.295 INFO  vert.x-eventloop-thread-0 SsoService           : sso ping {"result": "true"}
13:57:18.306 INFO  vert.x-eventloop-thread-0 BaseServiceProxy     : -> GET /sso/ping,200|270ms
13:57:18.306 INFO  vert.x-eventloop-thread-0 SsoService           : sso ping {"result": "true"}
14:02:18.317 INFO  vert.x-eventloop-thread-0 BaseServiceProxy     : -> GET /sso/ping,200|273ms
14:02:18.317 INFO  vert.x-eventloop-thread-0 SsoService           : sso ping {"result": "true"}
14:07:18.323 INFO  vert.x-eventloop-thread-0 BaseServiceProxy     : -> GET /sso/ping,200|272ms
14:07:18.324 INFO  vert.x-eventloop-thread-0 SsoService           : sso ping {"result": "true"}
14:12:18.332 INFO  vert.x-eventloop-thread-0 BaseServiceProxy     : -> GET /sso/ping,200|273ms
14:12:18.333 INFO  vert.x-eventloop-thread-0 SsoService           : sso ping {"result": "true"}
14:17:18.340 INFO  vert.x-eventloop-thread-0 BaseServiceProxy     : -> GET /sso/ping,200|268ms
14:17:18.341 INFO  vert.x-eventloop-thread-0 SsoService           : sso ping {"result": "true"}
14:22:18.353 INFO  vert.x-eventloop-thread-0 BaseServiceProxy     : -> GET /sso/ping,200|272ms
14:22:18.353 INFO  vert.x-eventloop-thread-0 SsoService           : sso ping {"result": "true"}
14:27:18.353 INFO  vert.x-eventloop-thread-0 BaseServiceProxy     : -> GET /sso/ping,200|267ms
14:27:18.353 INFO  vert.x-eventloop-thread-0 SsoService           : sso ping {"result": "true"}
14:32:18.439 INFO  vert.x-eventloop-thread-0 BaseServiceProxy     : -> GET /sso/ping,200|340ms
14:32:18.439 INFO  vert.x-eventloop-thread-0 SsoService           : sso ping {"result": "true"}
14:37:18.380 INFO  vert.x-eventloop-thread-0 BaseServiceProxy     : -> GET /sso/ping,200|272ms
14:37:18.381 INFO  vert.x-eventloop-thread-0 SsoService           : sso ping {"result": "true"}
14:42:18.383 INFO  vert.x-eventloop-thread-0 BaseServiceProxy     : -> GET /sso/ping,200|271ms
14:42:18.384 INFO  vert.x-eventloop-thread-0 SsoService           : sso ping {"result": "true"}
14:47:18.397 INFO  vert.x-eventloop-thread-0 BaseServiceProxy     : -> GET /sso/ping,200|271ms
14:47:18.397 INFO  vert.x-eventloop-thread-0 SsoService           : sso ping {"result": "true"}
14:52:18.401 INFO  vert.x-eventloop-thread-0 BaseServiceProxy     : -> GET /sso/ping,200|271ms
14:52:18.401 INFO  vert.x-eventloop-thread-0 SsoService           : sso ping {"result": "true"}
14:57:18.416 INFO  vert.x-eventloop-thread-0 BaseServiceProxy     : -> GET /sso/ping,200|272ms
14:57:18.417 INFO  vert.x-eventloop-thread-0 SsoService           : sso ping {"result": "true"}
15:02:18.426 INFO  vert.x-eventloop-thread-0 BaseServiceProxy     : -> GET /sso/ping,200|274ms
15:02:18.428 INFO  vert.x-eventloop-thread-0 SsoService           : sso ping {"result": "true"}
15:07:18.430 INFO  vert.x-eventloop-thread-0 BaseServiceProxy     : -> GET /sso/ping,200|269ms
15:07:18.432 INFO  vert.x-eventloop-thread-0 SsoService           : sso ping {"result": "true"}
15:12:18.444 INFO  vert.x-eventloop-thread-0 BaseServiceProxy     : -> GET /sso/ping,200|274ms
15:12:18.444 INFO  vert.x-eventloop-thread-0 SsoService           : sso ping {"result": "true"}
15:17:18.450 INFO  vert.x-eventloop-thread-0 BaseServiceProxy     : -> GET /sso/ping,200|266ms
15:17:18.451 INFO  vert.x-eventloop-thread-0 SsoService           : sso ping {"result": "true"}
15:22:18.456 INFO  vert.x-eventloop-thread-0 BaseServiceProxy     : -> GET /sso/ping,200|268ms
15:22:18.456 INFO  vert.x-eventloop-thread-0 SsoService           : sso ping {"result": "true"}
15:27:18.465 INFO  vert.x-eventloop-thread-0 BaseServiceProxy     : -> GET /sso/ping,200|268ms
15:27:18.467 INFO  vert.x-eventloop-thread-0 SsoService           : sso ping {"result": "true"}
15:32:18.480 INFO  vert.x-eventloop-thread-0 BaseServiceProxy     : -> GET /sso/ping,200|274ms
15:32:18.480 INFO  vert.x-eventloop-thread-0 SsoService           : sso ping {"result": "true"}
15:37:18.481 INFO  vert.x-eventloop-thread-0 BaseServiceProxy     : -> GET /sso/ping,200|270ms
15:37:18.481 INFO  vert.x-eventloop-thread-0 SsoService           : sso ping {"result": "true"}
15:42:18.493 INFO  vert.x-eventloop-thread-0 BaseServiceProxy     : -> GET /sso/ping,200|269ms
15:42:18.496 INFO  vert.x-eventloop-thread-0 SsoService           : sso ping {"result": "true"}
15:47:18.501 INFO  vert.x-eventloop-thread-0 BaseServiceProxy     : -> GET /sso/ping,200|268ms
15:47:18.501 INFO  vert.x-eventloop-thread-0 SsoService           : sso ping {"result": "true"}
15:52:18.512 INFO  vert.x-eventloop-thread-0 BaseServiceProxy     : -> GET /sso/ping,200|274ms
15:52:18.512 INFO  vert.x-eventloop-thread-0 SsoService           : sso ping {"result": "true"}
15:57:18.522 INFO  vert.x-eventloop-thread-0 BaseServiceProxy     : -> GET /sso/ping,200|265ms
15:57:18.523 INFO  vert.x-eventloop-thread-0 SsoService           : sso ping {"result": "true"}
16:02:18.533 INFO  vert.x-eventloop-thread-0 BaseServiceProxy     : -> GET /sso/ping,200|273ms
16:02:18.535 INFO  vert.x-eventloop-thread-0 SsoService           : sso ping {"result": "true"}
16:07:18.537 INFO  vert.x-eventloop-thread-0 BaseServiceProxy     : -> GET /sso/ping,200|270ms
16:07:18.539 INFO  vert.x-eventloop-thread-0 SsoService           : sso ping {"result": "true"}
16:12:18.544 INFO  vert.x-eventloop-thread-0 BaseServiceProxy     : -> GET /sso/ping,200|266ms
16:12:18.547 INFO  vert.x-eventloop-thread-0 SsoService           : sso ping {"result": "true"}
16:17:18.553 INFO  vert.x-eventloop-thread-0 BaseServiceProxy     : -> GET /sso/ping,200|266ms
16:17:18.554 INFO  vert.x-eventloop-thread-0 SsoService           : sso ping {"result": "true"}
16:22:18.569 INFO  vert.x-eventloop-thread-0 BaseServiceProxy     : -> GET /sso/ping,200|274ms
16:22:18.569 INFO  vert.x-eventloop-thread-0 SsoService           : sso ping {"result": "true"}
16:27:18.579 INFO  vert.x-eventloop-thread-0 BaseServiceProxy     : -> GET /sso/ping,200|276ms
16:27:18.580 INFO  vert.x-eventloop-thread-0 SsoService           : sso ping {"result": "true"}
16:32:18.587 INFO  vert.x-eventloop-thread-0 BaseServiceProxy     : -> GET /sso/ping,200|268ms
16:32:18.588 INFO  vert.x-eventloop-thread-0 SsoService           : sso ping {"result": "true"}
17:18:18.028 INFO  vert.x-eventloop-thread-0 BaseServiceProxy     : -> GET /sso/ping,200|379ms
17:18:18.030 INFO  vert.x-eventloop-thread-0 SsoService           : sso ping {"result": "true"}
17:23:18.089 INFO  vert.x-eventloop-thread-0 BaseServiceProxy     : -> GET /sso/ping,200|356ms
17:23:18.090 INFO  vert.x-eventloop-thread-0 SsoService           : sso ping {"result": "true"}
17:28:18.110 INFO  vert.x-eventloop-thread-0 BaseServiceProxy     : -> GET /sso/ping,200|352ms
17:28:18.112 INFO  vert.x-eventloop-thread-0 SsoService           : sso ping {"result": "true"}
20:30:50.294 INFO  vert.x-eventloop-thread-0 BaseServiceProxy     : -> GET /sso/ping,200|2594ms
20:30:50.297 INFO  vert.x-eventloop-thread-0 SsoService           : sso ping {"result": "false"}
