-> GET /sso/Login?forwardTo=22&RL=1&ip2loc=US
<- 200 GET /sso/Login?forwardTo=22&RL=1&ip2loc=US
-> GET /stylesheet/web/ib-common.css
-> GET /stylesheet/web/login.css
-> GET /sso/Templates/otp-responsive.css?1593615182057
-> GET /stylesheet/web/bootstrap.v3.3.6.css
-> GET /stylesheet/web/bootstrap-switch.v3.3.2.min.css
-> GET /stylesheet/web/font-awesome.v4.7.0.css
<- 200 GET /stylesheet/web/bootstrap-switch.v3.3.2.min.css
-> GET /stylesheet/web/switchery.min.css
<- 200 GET /sso/Templates/otp-responsive.css?1593615182057
-> GET /scripts/common/js/2015/jquery.min.js
<- 200 GET /stylesheet/web/font-awesome.v4.7.0.css
-> GET /scripts/common/js/jquery-ui-1.12.1.min.js
<- 200 GET /stylesheet/web/ib-common.css
<- 200 GET /scripts/common/js/2015/jquery.min.js
<- 200 GET /stylesheet/web/switchery.min.css
-> GET /scripts/common/js/2015/bootstrap.min.js
<- 200 GET /stylesheet/web/login.css
<- 200 GET /stylesheet/web/bootstrap.v3.3.6.css
<- 200 GET /scripts/common/js/jquery-ui-1.12.1.min.js
-> GET /scripts/common/js/2015/bootstrap-switch.min.js
-> GET /scripts/common/js/switchery.min.js
<- 200 GET /scripts/common/js/2015/bootstrap.min.js
<- 200 GET /scripts/common/js/2015/bootstrap-switch.min.js
-> GET /sso/CombineFiles
<- 200 GET /scripts/common/js/switchery.min.js
<- 200 GET /sso/CombineFiles
-> GET /images/2015/btn-app-apple.png
<- 200 GET /images/2015/btn-app-apple.png
-> GET /images/2015/btn-app-google.png
<- 200 GET /images/2015/btn-app-google.png
-> GET /images/2015/btn-app-tws.png
-> GET /images/2015/button_discover_apis.png
-> GET /images/2015/template/logo-ib-ibkr-txtwht.svg
-> GET /images/2015/template/logo-ib-ibkr-txtblk.svg
<- 200 GET /images/2015/btn-app-tws.png
<- 200 GET /images/2015/button_discover_apis.png
<- 200 GET /images/2015/template/logo-ib-ibkr-txtwht.svg
-> GET /fonts/Proxima-Nova-Light.woff2
-> GET /fonts/fontawesome-webfont.woff2?v=4.6.1
-> GET /fonts/Proxima-Nova-Semibold.woff2
-> GET /fonts/Proxima-Nova-Regular.woff2
<- 200 GET /images/2015/template/logo-ib-ibkr-txtblk.svg
<- 200 GET /fonts/Proxima-Nova-Light.woff2
<- 200 GET /fonts/Proxima-Nova-Semibold.woff2
<- 200 GET /fonts/Proxima-Nova-Regular.woff2
<- 200 GET /fonts/fontawesome-webfont.woff2?v=4.6.1
-> POST /sso/Authenticator;jsessionid=96DCDB57B03E6BE49543687DE95453CB.ny5wwwdamsso2?64319
<- 200 POST /sso/Authenticator;jsessionid=96DCDB57B03E6BE49543687DE95453CB.ny5wwwdamsso2?64319
-> POST /sso/Authenticator;jsessionid=96DCDB57B03E6BE49543687DE95453CB.ny5wwwdamsso2?85845
<- 200 POST /sso/Authenticator;jsessionid=96DCDB57B03E6BE49543687DE95453CB.ny5wwwdamsso2?85845
-> POST /sso/Authenticator;jsessionid=96DCDB57B03E6BE49543687DE95453CB.ny5wwwdamsso2?93118
<- 200 POST /sso/Authenticator;jsessionid=96DCDB57B03E6BE49543687DE95453CB.ny5wwwdamsso2?93118
-> POST /sso/Authenticator;jsessionid=96DCDB57B03E6BE49543687DE95453CB.ny5wwwdamsso2?64661
<- 200 POST /sso/Authenticator;jsessionid=96DCDB57B03E6BE49543687DE95453CB.ny5wwwdamsso2?64661
-> POST /sso/Authenticator;jsessionid=96DCDB57B03E6BE49543687DE95453CB.ny5wwwdamsso2?58471
<- 200 POST /sso/Authenticator;jsessionid=96DCDB57B03E6BE49543687DE95453CB.ny5wwwdamsso2?58471
-> POST /sso/Authenticator;jsessionid=96DCDB57B03E6BE49543687DE95453CB.ny5wwwdamsso2?73927
<- 200 POST /sso/Authenticator;jsessionid=96DCDB57B03E6BE49543687DE95453CB.ny5wwwdamsso2?73927
-> POST /sso/Authenticator;jsessionid=96DCDB57B03E6BE49543687DE95453CB.ny5wwwdamsso2?73409
<- 200 POST /sso/Authenticator;jsessionid=96DCDB57B03E6BE49543687DE95453CB.ny5wwwdamsso2?73409
-> POST /sso/Authenticator;jsessionid=96DCDB57B03E6BE49543687DE95453CB.ny5wwwdamsso2?88507
<- 200 POST /sso/Authenticator;jsessionid=96DCDB57B03E6BE49543687DE95453CB.ny5wwwdamsso2?88507
-> POST /sso/Authenticator;jsessionid=96DCDB57B03E6BE49543687DE95453CB.ny5wwwdamsso2?69446
<- 200 POST /sso/Authenticator;jsessionid=96DCDB57B03E6BE49543687DE95453CB.ny5wwwdamsso2?69446
-> POST /sso/Authenticator;jsessionid=96DCDB57B03E6BE49543687DE95453CB.ny5wwwdamsso2?7835
<- 200 POST /sso/Authenticator;jsessionid=96DCDB57B03E6BE49543687DE95453CB.ny5wwwdamsso2?7835
-> POST /sso/Authenticator;jsessionid=96DCDB57B03E6BE49543687DE95453CB.ny5wwwdamsso2?92108
<- 200 POST /sso/Authenticator;jsessionid=96DCDB57B03E6BE49543687DE95453CB.ny5wwwdamsso2?92108
-> POST /sso/Authenticator;jsessionid=96DCDB57B03E6BE49543687DE95453CB.ny5wwwdamsso2?36756
<- 200 POST /sso/Authenticator;jsessionid=96DCDB57B03E6BE49543687DE95453CB.ny5wwwdamsso2?36756
-> POST /sso/Dispatcher;jsessionid=96DCDB57B03E6BE49543687DE95453CB.ny5wwwdamsso2
<- 302 POST /sso/Dispatcher;jsessionid=96DCDB57B03E6BE49543687DE95453CB.ny5wwwdamsso2
-> request: /v1/api/sso/validate?gw=1
-> request: /AccountManagement/OneBarAuthentication?json=1
-> GET /AccountManagement/OneBarAuthentication?json=1,404|211ms
-> GET /v1/api/sso/validate?gw=1,200|1222ms
-> request: /v1/api/one/user
-> request: /sso/AuthenticateSSODH?ACTION=INIT
-> sso GET https://api.ibkr.com/sso/AuthenticateSSODH?ACTION=INIT
-> request: /sso/AuthenticateSSODH?ACTION=COMPLETE&B=57dbfe2df8285097e5a73b701a80397345cf133a06e2630ab8b5f809ac0d85b52c8d301427cfe6c3f634c94cf130f1d647b5589e091979c69c1b5adc98e63f9c&CHRESPONSE=f10880164470bb6991434010b083b6afd7e0c32b
-> sso GET https://api.ibkr.com/sso/AuthenticateSSODH?ACTION=COMPLETE&B=57dbfe2df8285097e5a73b701a80397345cf133a06e2630ab8b5f809ac0d85b52c8d301427cfe6c3f634c94cf130f1d647b5589e091979c69c1b5adc98e63f9c&CHRESPONSE=f10880164470bb6991434010b083b6afd7e0c32b
-> GET /v1/api/one/user,200|112ms
-> request: /v1/api/iserver/auth/status
-> GET /v1/api/iserver/auth/status,200|67ms
-> request: /v1/api/iserver/auth/ssodh/init
-> POST https://api.ibkr.com/v1/api/iserver/auth/ssodh/init,503|10069ms
