-> request: /sso/ping
-> GET /sso/ping,200|2543ms
-> request: /sso/ping
-> GET /sso/ping,200|995ms
-> request: /sso/ping
-> GET /sso/ping,200|281ms
-> request: /sso/ping
-> GET /sso/ping,200|275ms
-> request: /sso/ping
-> GET /sso/ping,200|269ms
-> request: /sso/ping
-> GET /sso/ping,200|277ms
-> request: /sso/ping
-> GET /sso/ping,200|668ms
-> request: /sso/ping
-> GET /sso/ping,200|271ms
-> request: /sso/ping
-> GET /sso/ping,200|405ms
-> request: /sso/ping
-> GET /sso/ping,200|274ms
-> request: /sso/ping
-> GET /sso/ping,200|270ms
-> request: /sso/ping
-> GET /sso/ping,200|312ms
-> request: /sso/ping
-> GET /sso/ping,200|271ms
-> request: /sso/ping
-> GET /sso/ping,200|272ms
-> request: /sso/ping
-> GET /sso/ping,200|271ms
-> request: /sso/ping
-> GET /sso/ping,200|543ms
-> request: /sso/ping
-> GET /sso/ping,200|338ms
-> request: /sso/ping
-> GET /sso/ping,200|273ms
-> request: /sso/ping
-> GET /sso/ping,200|417ms
-> request: /sso/ping
-> GET /sso/ping,200|272ms
-> request: /sso/ping
-> GET /sso/ping,200|290ms
-> request: /sso/ping
-> GET /sso/ping,200|271ms
-> request: /sso/ping
-> GET /sso/ping,200|1602ms
-> request: /sso/ping
-> GET /sso/ping,200|271ms
-> request: /sso/ping
-> GET /sso/ping,200|274ms
-> request: /sso/ping
-> GET /sso/ping,200|272ms
-> request: /sso/ping
-> GET /sso/ping,200|303ms
-> request: /sso/ping
-> GET /sso/ping,200|279ms
-> GET /sso/Login?forwardTo=22&RL=1&ip2loc=US
<- 200 GET /sso/Login?forwardTo=22&RL=1&ip2loc=US
-> GET /sso/Login?forwardTo=22&RL=1&ip2loc=US
-> GET /stylesheet/web/bootstrap.v3.3.6.css
-> GET /stylesheet/web/switchery.min.css
-> GET /stylesheet/web/ib-common.css
-> GET /stylesheet/web/login.css
-> GET /stylesheet/web/bootstrap-switch.v3.3.2.min.css
<- 200 GET /stylesheet/web/login.css
-> GET /stylesheet/web/font-awesome.v4.7.0.css
<- 200 GET /stylesheet/web/bootstrap-switch.v3.3.2.min.css
-> GET /sso/Templates/otp-responsive.css?1593198540419
<- 200 GET /stylesheet/web/switchery.min.css
<- 200 GET /sso/Login?forwardTo=22&RL=1&ip2loc=US
-> GET /scripts/common/js/2015/jquery.min.js
<- 200 GET /stylesheet/web/font-awesome.v4.7.0.css
<- 200 GET /stylesheet/web/bootstrap.v3.3.6.css
<- 200 GET /stylesheet/web/ib-common.css
<- 200 GET /sso/Templates/otp-responsive.css?1593198540419
-> GET /stylesheet/web/bootstrap-switch.v3.3.2.min.css
-> GET /stylesheet/web/font-awesome.v4.7.0.css
-> GET /stylesheet/web/switchery.min.css
<- 200 GET /scripts/common/js/2015/jquery.min.js
<- 200 GET /stylesheet/web/bootstrap-switch.v3.3.2.min.css
-> GET /stylesheet/web/login.css
<- 200 GET /stylesheet/web/font-awesome.v4.7.0.css
<- 200 GET /stylesheet/web/switchery.min.css
-> GET /sso/Templates/otp-responsive.css?1593198540680
-> GET /stylesheet/web/bootstrap.v3.3.6.css
-> GET /stylesheet/web/ib-common.css
-> GET /scripts/common/js/2015/bootstrap.min.js
<- 200 GET /sso/Templates/otp-responsive.css?1593198540680
<- 200 GET /stylesheet/web/login.css
-> GET /scripts/common/js/2015/bootstrap-switch.min.js
-> GET /scripts/common/js/switchery.min.js
-> GET /sso/CombineFiles
<- 200 GET /stylesheet/web/bootstrap.v3.3.6.css
<- 200 GET /stylesheet/web/ib-common.css
<- 200 GET /scripts/common/js/2015/bootstrap.min.js
<- 200 GET /scripts/common/js/2015/bootstrap-switch.min.js
-> GET /scripts/common/js/2015/jquery.min.js
<- 200 GET /scripts/common/js/switchery.min.js
-> GET /scripts/common/js/jquery-ui-1.12.1.min.js
-> GET /images/2015/btn-app-apple.png
<- 200 GET /sso/CombineFiles
-> GET /scripts/common/js/2015/bootstrap.min.js
<- 200 GET /scripts/common/js/2015/jquery.min.js
<- 200 GET /scripts/common/js/jquery-ui-1.12.1.min.js
-> GET /scripts/common/js/jquery-ui-1.12.1.min.js
<- 200 GET /images/2015/btn-app-apple.png
-> GET /scripts/common/js/2015/bootstrap-switch.min.js
-> GET /scripts/common/js/switchery.min.js
<- 200 GET /scripts/common/js/2015/bootstrap.min.js
-> GET /sso/CombineFiles
-> GET /images/2015/btn-app-google.png
<- 200 GET /scripts/common/js/jquery-ui-1.12.1.min.js
<- 200 GET /scripts/common/js/2015/bootstrap-switch.min.js
-> GET /images/2015/btn-app-apple.png
<- 200 GET /scripts/common/js/switchery.min.js
-> GET /images/2015/btn-app-tws.png
<- 200 GET /sso/CombineFiles
-> GET /images/2015/button_discover_apis.png
<- 200 GET /images/2015/btn-app-google.png
<- 200 GET /images/2015/btn-app-apple.png
-> GET /images/2015/btn-app-google.png
<- 200 GET /images/2015/btn-app-tws.png
<- 200 GET /images/2015/button_discover_apis.png
<- 200 GET /images/2015/btn-app-google.png
-> GET /images/2015/btn-app-tws.png
-> GET /images/2015/button_discover_apis.png
-> GET /images/2015/template/logo-ib-ibkr-txtwht.svg
<- 200 GET /images/2015/btn-app-tws.png
<- 200 GET /images/2015/button_discover_apis.png
<- 200 GET /images/2015/template/logo-ib-ibkr-txtwht.svg
-> GET /images/2015/template/logo-ib-ibkr-txtblk.svg
-> GET /fonts/Proxima-Nova-Light.woff2
-> GET /fonts/fontawesome-webfont.woff2?v=4.6.1
-> GET /fonts/Proxima-Nova-Semibold.woff2
-> GET /fonts/Proxima-Nova-Regular.woff2
<- 200 GET /images/2015/template/logo-ib-ibkr-txtblk.svg
<- 200 GET /fonts/Proxima-Nova-Light.woff2
<- 200 GET /fonts/Proxima-Nova-Semibold.woff2
<- 200 GET /fonts/fontawesome-webfont.woff2?v=4.6.1
<- 200 GET /fonts/Proxima-Nova-Regular.woff2
-> POST /sso/Authenticator?17099
<- 200 POST /sso/Authenticator?17099
-> POST /sso/Authenticator?81244
<- 200 POST /sso/Authenticator?81244
-> POST /sso/Dispatcher
<- 302 POST /sso/Dispatcher
-> request: /v1/api/sso/validate?gw=1
-> request: /AccountManagement/OneBarAuthentication?json=1
-> GET /AccountManagement/OneBarAuthentication?json=1,404|211ms
-> GET /v1/api/sso/validate?gw=1,200|258ms
-> request: /v1/api/one/user
-> request: /sso/AuthenticateSSODH?ACTION=INIT
-> sso GET https://api.ibkr.com/sso/AuthenticateSSODH?ACTION=INIT
-> request: /sso/AuthenticateSSODH?ACTION=COMPLETE&B=1fbb0645e3a0b3d583ab5e9fc2050ff37be8ec796adbb581bc752e83892736defa79c4f1841d6e4d5683ec17f828fc5bb29d4a5e3be48ec1d93c55264306b301&CHRESPONSE=37bb4888308659786cca07d09526f9d08c6d54c0
-> sso GET https://api.ibkr.com/sso/AuthenticateSSODH?ACTION=COMPLETE&B=1fbb0645e3a0b3d583ab5e9fc2050ff37be8ec796adbb581bc752e83892736defa79c4f1841d6e4d5683ec17f828fc5bb29d4a5e3be48ec1d93c55264306b301&CHRESPONSE=37bb4888308659786cca07d09526f9d08c6d54c0
-> GET /v1/api/one/user,200|368ms
-> request: /v1/api/iserver/auth/status
-> GET /v1/api/iserver/auth/status,200|73ms
-> request: /v1/api/iserver/auth/ssodh/init
-> POST https://api.ibkr.com/v1/api/iserver/auth/ssodh/init,503|10106ms
-> GET /v1/portal/portfolio/accounts
<- 200 GET /v1/portal/portfolio/accounts
-> GET /v1/portal/portfolio/DU2388114/positions/0
<- 200 GET /v1/portal/portfolio/DU2388114/positions/0
-> GET /v1/portal/portfolio/accounts
<- 200 GET /v1/portal/portfolio/accounts
-> GET /v1/portal/portfolio/DU2388114/positions/0
<- 200 GET /v1/portal/portfolio/DU2388114/positions/0
-> GET /v1/portal/portfolio/accounts
<- 200 GET /v1/portal/portfolio/accounts
-> GET /v1/portal/portfolio/DU2388114/positions/0
<- 200 GET /v1/portal/portfolio/DU2388114/positions/0
-> request: /sso/ping
-> GET /sso/ping,200|270ms
-> request: /sso/ping
-> GET /sso/ping,200|271ms
-> request: /sso/ping
-> request: /sso/ping
-> GET /sso/ping,200|216ms
-> request: /sso/ping
-> GET /sso/ping,200|270ms
-> request: /sso/ping
-> GET /sso/ping,200|273ms
-> request: /sso/ping
-> GET /sso/ping,200|327ms
-> request: /sso/ping
-> GET /sso/ping,200|272ms
-> request: /sso/ping
-> GET /sso/ping,200|270ms
-> request: /sso/ping
-> GET /sso/ping,200|273ms
-> request: /sso/ping
-> GET /sso/ping,200|272ms
-> request: /sso/ping
-> GET /sso/ping,200|273ms
-> request: /sso/ping
-> GET /sso/ping,200|268ms
-> request: /sso/ping
-> GET /sso/ping,200|272ms
-> request: /sso/ping
-> GET /sso/ping,200|267ms
-> request: /sso/ping
-> GET /sso/ping,200|340ms
-> request: /sso/ping
-> GET /sso/ping,200|272ms
-> request: /sso/ping
-> GET /sso/ping,200|271ms
-> request: /sso/ping
-> GET /sso/ping,200|271ms
-> request: /sso/ping
-> GET /sso/ping,200|271ms
-> request: /sso/ping
-> GET /sso/ping,200|272ms
-> request: /sso/ping
-> GET /sso/ping,200|274ms
-> request: /sso/ping
-> GET /sso/ping,200|269ms
-> request: /sso/ping
-> GET /sso/ping,200|274ms
-> request: /sso/ping
-> GET /sso/ping,200|266ms
-> request: /sso/ping
-> GET /sso/ping,200|268ms
-> request: /sso/ping
-> GET /sso/ping,200|268ms
-> request: /sso/ping
-> GET /sso/ping,200|274ms
-> request: /sso/ping
-> GET /sso/ping,200|270ms
-> request: /sso/ping
-> GET /sso/ping,200|269ms
-> request: /sso/ping
-> GET /sso/ping,200|268ms
-> request: /sso/ping
-> GET /sso/ping,200|274ms
-> request: /sso/ping
-> GET /sso/ping,200|265ms
-> request: /sso/ping
-> GET /sso/ping,200|273ms
-> request: /sso/ping
-> GET /sso/ping,200|270ms
-> request: /sso/ping
-> GET /sso/ping,200|266ms
-> request: /sso/ping
-> GET /sso/ping,200|266ms
-> request: /sso/ping
-> GET /sso/ping,200|274ms
-> request: /sso/ping
-> GET /sso/ping,200|276ms
-> request: /sso/ping
-> GET /sso/ping,200|268ms
-> request: /sso/ping
-> GET /sso/ping,200|379ms
-> request: /sso/ping
-> GET /sso/ping,200|356ms
-> request: /sso/ping
-> GET /sso/ping,200|352ms
-> request: /sso/ping
-> GET /sso/ping,200|2594ms
