-> GET /v1/portal/tickle
<- 200 GET /v1/portal/tickle
-> GET /v1/portal/tickle
<- 200 GET /v1/portal/tickle
-> GET /v1/portal/tickle
<- 200 GET /v1/portal/tickle
-> GET /v1/portal/tickle
<- 200 GET /v1/portal/tickle
-> GET /v1/portal/tickle
<- 200 GET /v1/portal/tickle
-> POST /v1/portal/tickle
<- 200 POST /v1/portal/tickle
-> POST /v1/portal/tickle
<- 200 POST /v1/portal/tickle
-> GET /sso/Login?forwardTo=22&RL=1&ip2loc=US
<- 200 GET /sso/Login?forwardTo=22&RL=1&ip2loc=US
-> GET /stylesheet/web/ib-common.css
-> GET /stylesheet/web/login.css
-> GET /sso/Templates/otp-responsive.css?1594048883304
-> GET /stylesheet/web/bootstrap.v3.3.6.css
-> GET /stylesheet/web/bootstrap-switch.v3.3.2.min.css
-> GET /stylesheet/web/font-awesome.v4.7.0.css
<- 200 GET /stylesheet/web/bootstrap-switch.v3.3.2.min.css
-> GET /stylesheet/web/switchery.min.css
<- 200 GET /stylesheet/web/font-awesome.v4.7.0.css
<- 200 GET /stylesheet/web/login.css
<- 200 GET /sso/Templates/otp-responsive.css?1594048883304
-> GET /scripts/common/js/2015/jquery.min.js
-> GET /scripts/common/js/jquery-ui-1.12.1.min.js
<- 200 GET /stylesheet/web/ib-common.css
<- 200 GET /stylesheet/web/bootstrap.v3.3.6.css
<- 200 GET /stylesheet/web/switchery.min.css
-> GET /scripts/common/js/2015/bootstrap.min.js
-> GET /scripts/common/js/2015/bootstrap-switch.min.js
<- 200 GET /scripts/common/js/2015/jquery.min.js
<- 200 GET /scripts/common/js/jquery-ui-1.12.1.min.js
<- 200 GET /scripts/common/js/2015/bootstrap.min.js
-> GET /scripts/common/js/switchery.min.js
-> GET /sso/CombineFiles
<- 200 GET /scripts/common/js/2015/bootstrap-switch.min.js
<- 200 GET /scripts/common/js/switchery.min.js
<- 200 GET /sso/CombineFiles
-> GET /images/2015/btn-app-apple.png
<- 200 GET /images/2015/btn-app-apple.png
-> GET /images/2015/btn-app-google.png
<- 200 GET /images/2015/btn-app-google.png
-> GET /images/2015/btn-app-tws.png
-> GET /images/2015/button_discover_apis.png
-> GET /images/2015/template/logo-ib-ibkr-txtwht.svg
<- 200 GET /images/2015/btn-app-tws.png
-> GET /images/2015/template/logo-ib-ibkr-txtblk.svg
<- 200 GET /images/2015/button_discover_apis.png
<- 200 GET /images/2015/template/logo-ib-ibkr-txtwht.svg
-> GET /fonts/Proxima-Nova-Light.woff2
-> GET /fonts/fontawesome-webfont.woff2?v=4.6.1
-> GET /fonts/Proxima-Nova-Semibold.woff2
-> GET /fonts/Proxima-Nova-Regular.woff2
<- 200 GET /images/2015/template/logo-ib-ibkr-txtblk.svg
<- 200 GET /fonts/Proxima-Nova-Regular.woff2
<- 200 GET /fonts/Proxima-Nova-Light.woff2
<- 200 GET /fonts/Proxima-Nova-Semibold.woff2
<- 200 GET /fonts/fontawesome-webfont.woff2?v=4.6.1
-> GET /images/2015/template/home-screen-icon-128x128.png
<- 200 GET /images/2015/template/home-screen-icon-128x128.png
-> POST /sso/Authenticator;jsessionid=D729DDCE0D0DDB520552F4A271D8EF64.ny5wwwdamsso1?49798
<- 200 POST /sso/Authenticator;jsessionid=D729DDCE0D0DDB520552F4A271D8EF64.ny5wwwdamsso1?49798
-> POST /sso/Authenticator;jsessionid=D729DDCE0D0DDB520552F4A271D8EF64.ny5wwwdamsso1?63117
<- 200 POST /sso/Authenticator;jsessionid=D729DDCE0D0DDB520552F4A271D8EF64.ny5wwwdamsso1?63117
-> POST /sso/Authenticator;jsessionid=D729DDCE0D0DDB520552F4A271D8EF64.ny5wwwdamsso1?14309
<- 200 POST /sso/Authenticator;jsessionid=D729DDCE0D0DDB520552F4A271D8EF64.ny5wwwdamsso1?14309
-> POST /sso/Authenticator;jsessionid=D729DDCE0D0DDB520552F4A271D8EF64.ny5wwwdamsso1?21570
<- 200 POST /sso/Authenticator;jsessionid=D729DDCE0D0DDB520552F4A271D8EF64.ny5wwwdamsso1?21570
-> POST /sso/Authenticator;jsessionid=D729DDCE0D0DDB520552F4A271D8EF64.ny5wwwdamsso1?28887
<- 200 POST /sso/Authenticator;jsessionid=D729DDCE0D0DDB520552F4A271D8EF64.ny5wwwdamsso1?28887
-> POST /sso/Authenticator;jsessionid=D729DDCE0D0DDB520552F4A271D8EF64.ny5wwwdamsso1?2534
<- 200 POST /sso/Authenticator;jsessionid=D729DDCE0D0DDB520552F4A271D8EF64.ny5wwwdamsso1?2534
-> POST /sso/Authenticator;jsessionid=D729DDCE0D0DDB520552F4A271D8EF64.ny5wwwdamsso1?65279
<- 200 POST /sso/Authenticator;jsessionid=D729DDCE0D0DDB520552F4A271D8EF64.ny5wwwdamsso1?65279
-> GET /sso/Login?forwardTo=22&RL=1&ip2loc=US
<- 200 GET /sso/Login?forwardTo=22&RL=1&ip2loc=US
-> GET /stylesheet/web/ib-common.css
-> GET /stylesheet/web/login.css
-> GET /sso/Templates/otp-responsive.css?1594059305171
-> GET /stylesheet/web/bootstrap.v3.3.6.css
-> GET /stylesheet/web/bootstrap-switch.v3.3.2.min.css
-> GET /stylesheet/web/font-awesome.v4.7.0.css
<- 200 GET /stylesheet/web/bootstrap-switch.v3.3.2.min.css
-> GET /stylesheet/web/switchery.min.css
<- 200 GET /stylesheet/web/ib-common.css
<- 200 GET /stylesheet/web/font-awesome.v4.7.0.css
-> GET /sso/CombineFiles
<- 200 GET /stylesheet/web/switchery.min.css
<- 200 GET /sso/Templates/otp-responsive.css?1594059305171
<- 200 GET /sso/CombineFiles
<- 200 GET /stylesheet/web/login.css
<- 200 GET /stylesheet/web/bootstrap.v3.3.6.css
-> GET /images/2015/template/home-screen-icon-128x128.png
<- 200 GET /images/2015/template/home-screen-icon-128x128.png
-> POST /sso/Authenticator?34409
<- 200 POST /sso/Authenticator?34409
-> POST /sso/Authenticator?19638
<- 200 POST /sso/Authenticator?19638
-> GET /sso/Login?forwardTo=22&RL=1&ip2loc=US
<- 200 GET /sso/Login?forwardTo=22&RL=1&ip2loc=US
-> GET /stylesheet/web/ib-common.css
-> GET /stylesheet/web/login.css
-> GET /sso/Templates/otp-responsive.css?1594059373637
-> GET /stylesheet/web/bootstrap.v3.3.6.css
-> GET /stylesheet/web/bootstrap-switch.v3.3.2.min.css
-> GET /stylesheet/web/font-awesome.v4.7.0.css
<- 200 GET /stylesheet/web/bootstrap-switch.v3.3.2.min.css
-> GET /stylesheet/web/switchery.min.css
<- 200 GET /stylesheet/web/font-awesome.v4.7.0.css
<- 200 GET /sso/Templates/otp-responsive.css?1594059373637
-> GET /scripts/common/js/2015/jquery.min.js
-> GET /scripts/common/js/jquery-ui-1.12.1.min.js
<- 200 GET /stylesheet/web/ib-common.css
<- 200 GET /stylesheet/web/login.css
<- 200 GET /stylesheet/web/switchery.min.css
-> GET /scripts/common/js/2015/bootstrap.min.js
<- 200 GET /scripts/common/js/2015/jquery.min.js
-> GET /scripts/common/js/2015/bootstrap-switch.min.js
<- 200 GET /stylesheet/web/bootstrap.v3.3.6.css
<- 200 GET /scripts/common/js/jquery-ui-1.12.1.min.js
<- 200 GET /scripts/common/js/2015/bootstrap.min.js
-> GET /scripts/common/js/switchery.min.js
<- 200 GET /scripts/common/js/2015/bootstrap-switch.min.js
-> GET /sso/CombineFiles
<- 200 GET /scripts/common/js/switchery.min.js
<- 200 GET /sso/CombineFiles
-> GET /images/2015/btn-app-apple.png
<- 200 GET /images/2015/btn-app-apple.png
-> GET /images/2015/btn-app-google.png
<- 200 GET /images/2015/btn-app-google.png
-> GET /images/2015/btn-app-tws.png
-> GET /images/2015/button_discover_apis.png
-> GET /images/2015/template/logo-ib-ibkr-txtwht.svg
-> GET /images/2015/template/logo-ib-ibkr-txtblk.svg
<- 200 GET /images/2015/btn-app-tws.png
<- 200 GET /images/2015/button_discover_apis.png
-> GET /fonts/Proxima-Nova-Light.woff2
-> GET /fonts/fontawesome-webfont.woff2?v=4.6.1
-> GET /fonts/Proxima-Nova-Semibold.woff2
-> GET /fonts/Proxima-Nova-Regular.woff2
<- 200 GET /images/2015/template/logo-ib-ibkr-txtwht.svg
<- 200 GET /images/2015/template/logo-ib-ibkr-txtblk.svg
<- 200 GET /fonts/Proxima-Nova-Semibold.woff2
<- 200 GET /fonts/fontawesome-webfont.woff2?v=4.6.1
<- 200 GET /fonts/Proxima-Nova-Light.woff2
<- 200 GET /fonts/Proxima-Nova-Regular.woff2
-> GET /images/2015/template/home-screen-icon-128x128.png
<- 200 GET /images/2015/template/home-screen-icon-128x128.png
-> POST /sso/Authenticator;jsessionid=FB0A92EE5F72850AD4DEA67A8A521A69.ny5wwwdamsso1?54265
<- 200 POST /sso/Authenticator;jsessionid=FB0A92EE5F72850AD4DEA67A8A521A69.ny5wwwdamsso1?54265
-> POST /sso/Authenticator;jsessionid=FB0A92EE5F72850AD4DEA67A8A521A69.ny5wwwdamsso1?96005
<- 200 POST /sso/Authenticator;jsessionid=FB0A92EE5F72850AD4DEA67A8A521A69.ny5wwwdamsso1?96005
-> POST /sso/Authenticator;jsessionid=FB0A92EE5F72850AD4DEA67A8A521A69.ny5wwwdamsso1?56554
<- 200 POST /sso/Authenticator;jsessionid=FB0A92EE5F72850AD4DEA67A8A521A69.ny5wwwdamsso1?56554
-> POST /sso/Authenticator;jsessionid=FB0A92EE5F72850AD4DEA67A8A521A69.ny5wwwdamsso1?10570
<- 200 POST /sso/Authenticator;jsessionid=FB0A92EE5F72850AD4DEA67A8A521A69.ny5wwwdamsso1?10570
-> POST /sso/Dispatcher;jsessionid=FB0A92EE5F72850AD4DEA67A8A521A69.ny5wwwdamsso1
<- 302 POST /sso/Dispatcher;jsessionid=FB0A92EE5F72850AD4DEA67A8A521A69.ny5wwwdamsso1
-> request: /v1/api/sso/validate?gw=1
-> request: /AccountManagement/OneBarAuthentication?json=1
-> GET /AccountManagement/OneBarAuthentication?json=1,404|211ms
-> GET /v1/api/sso/validate?gw=1,200|225ms
-> request: /v1/api/one/user
-> request: /sso/AuthenticateSSODH?ACTION=INIT
-> sso GET https://api.ibkr.com/sso/AuthenticateSSODH?ACTION=INIT
-> request: /sso/AuthenticateSSODH?ACTION=COMPLETE&B=16323aa170a6d5561ce47529ae61070d9317b8745c6d92f470c65696e1b993976a5e2d1edb50a4982ad4a503d14accde0f06fdd84b4a7843531952692ea64067&CHRESPONSE=d7a7affd16c37bd91517b7ebc8fc7925ab4c5450
-> sso GET https://api.ibkr.com/sso/AuthenticateSSODH?ACTION=COMPLETE&B=16323aa170a6d5561ce47529ae61070d9317b8745c6d92f470c65696e1b993976a5e2d1edb50a4982ad4a503d14accde0f06fdd84b4a7843531952692ea64067&CHRESPONSE=d7a7affd16c37bd91517b7ebc8fc7925ab4c5450
-> GET /v1/api/one/user,200|98ms
-> request: /v1/api/iserver/auth/status
-> GET /v1/api/iserver/auth/status,200|70ms
-> request: /v1/api/iserver/auth/ssodh/init
-> POST https://api.ibkr.com/v1/api/iserver/auth/ssodh/init,503|10069ms
-> POST /v1/portal/tickle
<- 200 POST /v1/portal/tickle
-> POST /v1/portal/tickle
<- 200 POST /v1/portal/tickle
-> GET /v1/portal/sso/validate
<- 200 GET /v1/portal/sso/validate
-> POST /v1/portal/iserver/auth/server
<- 404 POST /v1/portal/iserver/auth/server
-> GET /v1/portal/sso/validate
<- 200 GET /v1/portal/sso/validate
-> GET /v1/portal/iserver/auth/server
<- 404 GET /v1/portal/iserver/auth/server
-> request: /sso/ping
-> GET /sso/ping,200|259ms
-> request: /sso/ping
-> GET /sso/ping,200|358ms
-> request: /sso/ping
-> GET /sso/ping,200|262ms
-> request: /sso/ping
-> GET /sso/ping,200|261ms
-> request: /sso/ping
-> GET /sso/ping,200|326ms
-> request: /sso/ping
-> GET /sso/ping,200|264ms
-> request: /sso/ping
-> GET /sso/ping,200|262ms
-> request: /sso/ping
-> GET /sso/ping,200|327ms
