-> GET /v1/portal/iserver/auth/server
<- 401 GET /v1/portal/iserver/auth/server
-> GET /v1/portal/iserver/auth/server
<- 401 GET /v1/portal/iserver/auth/server
-> GET /sso/Login?forwardTo=22&RL=1&ip2loc=US
<- 200 GET /sso/Login?forwardTo=22&RL=1&ip2loc=US
-> GET /stylesheet/web/ib-common.css
-> GET /stylesheet/web/login.css
-> GET /sso/Templates/otp-responsive.css?1594133245336
-> GET /stylesheet/web/bootstrap.v3.3.6.css
-> GET /stylesheet/web/bootstrap-switch.v3.3.2.min.css
-> GET /stylesheet/web/font-awesome.v4.7.0.css
<- 200 GET /stylesheet/web/bootstrap-switch.v3.3.2.min.css
-> GET /stylesheet/web/switchery.min.css
<- 200 GET /stylesheet/web/font-awesome.v4.7.0.css
-> GET /scripts/common/js/2015/jquery.min.js
<- 200 GET /stylesheet/web/switchery.min.css
-> GET /scripts/common/js/jquery-ui-1.12.1.min.js
<- 200 GET /stylesheet/web/ib-common.css
<- 200 GET /stylesheet/web/login.css
<- 200 GET /sso/Templates/otp-responsive.css?1594133245336
-> GET /scripts/common/js/2015/bootstrap.min.js
<- 200 GET /scripts/common/js/2015/jquery.min.js
-> GET /scripts/common/js/2015/bootstrap-switch.min.js
<- 200 GET /scripts/common/js/jquery-ui-1.12.1.min.js
<- 200 GET /stylesheet/web/bootstrap.v3.3.6.css
<- 200 GET /scripts/common/js/2015/bootstrap.min.js
-> GET /scripts/common/js/switchery.min.js
<- 200 GET /scripts/common/js/2015/bootstrap-switch.min.js
-> GET /sso/CombineFiles
<- 200 GET /scripts/common/js/switchery.min.js
<- 200 GET /sso/CombineFiles
-> GET /images/2015/btn-app-apple.png
<- 200 GET /images/2015/btn-app-apple.png
-> GET /images/2015/btn-app-google.png
<- 200 GET /images/2015/btn-app-google.png
-> GET /images/2015/btn-app-tws.png
-> GET /images/2015/button_discover_apis.png
-> GET /images/2015/template/logo-ib-ibkr-txtwht.svg
-> GET /images/2015/template/logo-ib-ibkr-txtblk.svg
-> GET /fonts/Proxima-Nova-Light.woff2
-> GET /fonts/fontawesome-webfont.woff2?v=4.6.1
<- 200 GET /images/2015/btn-app-tws.png
-> GET /fonts/Proxima-Nova-Semibold.woff2
<- 200 GET /images/2015/button_discover_apis.png
-> GET /fonts/Proxima-Nova-Regular.woff2
<- 200 GET /images/2015/template/logo-ib-ibkr-txtwht.svg
<- 200 GET /images/2015/template/logo-ib-ibkr-txtblk.svg
<- 200 GET /fonts/fontawesome-webfont.woff2?v=4.6.1
<- 200 GET /fonts/Proxima-Nova-Semibold.woff2
<- 200 GET /fonts/Proxima-Nova-Regular.woff2
<- 200 GET /fonts/Proxima-Nova-Light.woff2
-> POST /sso/Authenticator;jsessionid=1D746B1FBCEEBA006438A253F0B8F54A.ny5wwwdamsso1?57929
<- 200 POST /sso/Authenticator;jsessionid=1D746B1FBCEEBA006438A253F0B8F54A.ny5wwwdamsso1?57929
-> POST /sso/Authenticator;jsessionid=1D746B1FBCEEBA006438A253F0B8F54A.ny5wwwdamsso1?46185
<- 200 POST /sso/Authenticator;jsessionid=1D746B1FBCEEBA006438A253F0B8F54A.ny5wwwdamsso1?46185
-> POST /sso/Dispatcher;jsessionid=1D746B1FBCEEBA006438A253F0B8F54A.ny5wwwdamsso1
<- 302 POST /sso/Dispatcher;jsessionid=1D746B1FBCEEBA006438A253F0B8F54A.ny5wwwdamsso1
-> request: /v1/api/sso/validate?gw=1
-> request: /AccountManagement/OneBarAuthentication?json=1
-> GET /AccountManagement/OneBarAuthentication?json=1,404|209ms
-> GET /v1/api/sso/validate?gw=1,200|222ms
-> request: /v1/api/one/user
-> request: /sso/AuthenticateSSODH?ACTION=INIT
-> sso GET https://api.ibkr.com/sso/AuthenticateSSODH?ACTION=INIT
-> request: /sso/AuthenticateSSODH?ACTION=COMPLETE&B=8e53cfe6c833351996865b15eea42e7cfe28da46d971c80b6493abd336642aa59383f1ce292bdefe882d66da422e8d8cc3c134e5f75b1c81bb38bae2a5c4c1bf&CHRESPONSE=fdfd667c196914eb99d281a408246e526727ba8d
-> sso GET https://api.ibkr.com/sso/AuthenticateSSODH?ACTION=COMPLETE&B=8e53cfe6c833351996865b15eea42e7cfe28da46d971c80b6493abd336642aa59383f1ce292bdefe882d66da422e8d8cc3c134e5f75b1c81bb38bae2a5c4c1bf&CHRESPONSE=fdfd667c196914eb99d281a408246e526727ba8d
-> GET /v1/api/one/user,200|107ms
-> request: /v1/api/iserver/auth/status
-> GET /v1/api/iserver/auth/status,200|68ms
-> request: /v1/api/iserver/auth/ssodh/init
-> GET /v1/portal/portfolio/accounts
<- 200 GET /v1/portal/portfolio/accounts
-> GET /v1/portal/portfolio/DU2388114/positions/0
<- 200 GET /v1/portal/portfolio/DU2388114/positions/0
-> POST https://api.ibkr.com/v1/api/iserver/auth/ssodh/init,503|10069ms
-> POST /v1/portal/tickle
<- 200 POST /v1/portal/tickle
-> GET /v1/portal/sso/validate
<- 200 GET /v1/portal/sso/validate
-> POST /v1/portal/iserver/auth/server
<- 404 POST /v1/portal/iserver/auth/server
-> POST /v1/portal/tickle
<- 200 POST /v1/portal/tickle
-> GET /v1/portal/sso/validate
<- 200 GET /v1/portal/sso/validate
-> POST /v1/portal/iserver/auth/server
<- 404 POST /v1/portal/iserver/auth/server
-> request: /sso/ping
-> GET /sso/ping,200|257ms
-> request: /sso/ping
-> GET /sso/ping,200|316ms
-> request: /sso/ping
-> GET /sso/ping,200|263ms
-> POST /v1/portal/tickle
<- 200 POST /v1/portal/tickle
-> GET /v1/portal/sso/validate
<- 200 GET /v1/portal/sso/validate
-> POST /v1/portal/iserver/auth/server
<- 404 POST /v1/portal/iserver/auth/server
-> POST /v1/portal/tickle
<- 200 POST /v1/portal/tickle
-> GET /v1/portal/sso/validate
<- 200 GET /v1/portal/sso/validate
-> POST /v1/portal/iserver/auth/server
<- 404 POST /v1/portal/iserver/auth/server
-> request: /sso/ping
-> GET /sso/ping,200|261ms
-> POST /v1/portal/tickle
<- 200 POST /v1/portal/tickle
-> GET /v1/portal/sso/validate
<- 200 GET /v1/portal/sso/validate
-> POST /v1/portal/iserver/auth/status
<- 200 POST /v1/portal/iserver/auth/status
-> POST /v1/portal/tickle
<- 200 POST /v1/portal/tickle
-> GET /v1/portal/sso/validate
<- 200 GET /v1/portal/sso/validate
-> POST /v1/portal/iserver/auth/status
<- 200 POST /v1/portal/iserver/auth/status
-> POST /v1/portal/tickle
<- 200 POST /v1/portal/tickle
-> GET /v1/portal/sso/validate
<- 200 GET /v1/portal/sso/validate
-> POST /v1/portal/iserver/auth/status
<- 200 POST /v1/portal/iserver/auth/status
-> POST /v1/portal/tickle
<- 200 POST /v1/portal/tickle
-> GET /v1/portal/sso/validate
<- 200 GET /v1/portal/sso/validate
-> POST /v1/portal/iserver/auth/status
<- 200 POST /v1/portal/iserver/auth/status
-> request: /sso/ping
-> GET /sso/ping,200|402ms
-> POST /v1/portal/tickle
<- 200 POST /v1/portal/tickle
-> GET /v1/portal/sso/validate
<- 200 GET /v1/portal/sso/validate
-> POST /v1/portal/iserver/auth/status
<- 200 POST /v1/portal/iserver/auth/status
-> GET /v1/portal/tickle
<- 200 GET /v1/portal/tickle
-> request: /sso/ping
-> GET /sso/ping,200|259ms
-> POST /v1/portal/tickle
<- 200 POST /v1/portal/tickle
-> POST /v1/portal/tickle
<- 200 POST /v1/portal/tickle
-> GET /v1/portal/sso/validate
<- 200 GET /v1/portal/sso/validate
-> POST /v1/portal/iserver/auth/status
<- 200 POST /v1/portal/iserver/auth/status
-> request: /sso/ping
-> GET /sso/ping,200|260ms
