-> request: /sso/ping
-> GET /sso/ping,200|755ms
-> request: /sso/ping
-> GET /sso/ping,200|352ms
-> request: /sso/ping
-> GET /sso/ping,200|1374ms
-> request: /sso/ping
-> request: /sso/ping
-> GET /sso/ping,200|816ms
-> request: /sso/ping
-> GET /sso/ping,200|380ms
-> request: /sso/ping
-> request: /sso/ping
-> GET /sso/ping,200|3432ms
-> request: /sso/ping
-> GET /sso/ping,200|351ms
-> request: /sso/ping
-> GET /sso/ping,200|3432ms
-> request: /sso/ping
-> GET /sso/ping,200|352ms
-> request: /sso/ping
-> GET /sso/ping,200|8973ms
-> request: /sso/ping
-> GET /sso/ping,200|3433ms
-> request: /sso/ping
-> GET /sso/ping,200|353ms
-> request: /sso/ping
-> GET /sso/ping,200|352ms
-> request: /sso/ping
-> GET /sso/ping,200|350ms
-> request: /sso/ping
-> GET /sso/ping,200|352ms
-> request: /sso/ping
-> GET /sso/ping,200|680ms
-> request: /sso/ping
-> GET /sso/ping,200|600ms
-> request: /sso/ping
-> GET /sso/ping,200|355ms
-> request: /sso/ping
-> GET /sso/ping,200|350ms
-> request: /sso/ping
-> GET /sso/ping,200|351ms
-> request: /sso/ping
-> GET /sso/ping,200|351ms
-> request: /sso/ping
-> GET /sso/ping,200|355ms
-> request: /sso/ping
-> GET /sso/ping,200|356ms
-> request: /sso/ping
-> GET /sso/ping,200|442ms
-> request: /sso/ping
-> GET /sso/ping,200|352ms
-> request: /sso/ping
-> GET /sso/ping,200|562ms
-> request: /sso/ping
-> GET /sso/ping,200|874ms
-> request: /sso/ping
-> GET /sso/ping,200|824ms
-> request: /sso/ping
-> GET /sso/ping,200|785ms
-> request: /sso/ping
-> GET /sso/ping,200|352ms
-> request: /sso/ping
-> GET /sso/ping,200|388ms
-> request: /sso/ping
-> GET /sso/ping,200|397ms
-> request: /sso/ping
-> GET /sso/ping,200|366ms
-> request: /sso/ping
-> GET /sso/ping,200|708ms
-> request: /sso/ping
-> GET /sso/ping,200|366ms
-> request: /sso/ping
-> request: /sso/ping
-> GET /sso/ping,200|624ms
-> request: /sso/ping
-> GET /sso/ping,200|272ms
-> request: /sso/ping
-> GET /sso/ping,200|384ms
-> GET /sso/Login?forwardTo=22&RL=1&ip2loc=US
<- 200 GET /sso/Login?forwardTo=22&RL=1&ip2loc=US
-> GET /stylesheet/web/ib-common.css
-> GET /stylesheet/web/login.css
-> GET /sso/Templates/otp-responsive.css?1593122316633
-> GET /stylesheet/web/bootstrap.v3.3.6.css
-> GET /stylesheet/web/bootstrap-switch.v3.3.2.min.css
-> GET /stylesheet/web/font-awesome.v4.7.0.css
<- 200 GET /stylesheet/web/bootstrap-switch.v3.3.2.min.css
-> GET /stylesheet/web/switchery.min.css
<- 200 GET /stylesheet/web/font-awesome.v4.7.0.css
<- 200 GET /sso/Templates/otp-responsive.css?1593122316633
-> GET /scripts/common/js/2015/jquery.min.js
-> GET /scripts/common/js/jquery-ui-1.12.1.min.js
<- 200 GET /stylesheet/web/login.css
<- 200 GET /stylesheet/web/ib-common.css
<- 200 GET /stylesheet/web/bootstrap.v3.3.6.css
<- 200 GET /stylesheet/web/switchery.min.css
-> GET /scripts/common/js/2015/bootstrap.min.js
<- 200 GET /scripts/common/js/2015/jquery.min.js
-> GET /scripts/common/js/2015/bootstrap-switch.min.js
<- 200 GET /scripts/common/js/jquery-ui-1.12.1.min.js
<- 200 GET /scripts/common/js/2015/bootstrap.min.js
-> GET /scripts/common/js/switchery.min.js
-> GET /sso/CombineFiles
<- 200 GET /scripts/common/js/2015/bootstrap-switch.min.js
<- 200 GET /scripts/common/js/switchery.min.js
<- 200 GET /sso/CombineFiles
-> GET /images/2015/btn-app-apple.png
<- 200 GET /images/2015/btn-app-apple.png
-> GET /images/2015/btn-app-google.png
-> GET /images/2015/btn-app-tws.png
-> GET /images/2015/button_discover_apis.png
-> GET /images/2015/template/logo-ib-ibkr-txtwht.svg
<- 200 GET /images/2015/btn-app-tws.png
<- 200 GET /images/2015/btn-app-google.png
<- 200 GET /images/2015/button_discover_apis.png
-> GET /images/2015/template/logo-ib-ibkr-txtblk.svg
-> GET /fonts/Proxima-Nova-Light.woff2
-> GET /fonts/fontawesome-webfont.woff2?v=4.6.1
-> GET /fonts/Proxima-Nova-Semibold.woff2
-> GET /fonts/Proxima-Nova-Regular.woff2
<- 200 GET /images/2015/template/logo-ib-ibkr-txtwht.svg
<- 200 GET /images/2015/template/logo-ib-ibkr-txtblk.svg
<- 200 GET /fonts/Proxima-Nova-Semibold.woff2
<- 200 GET /fonts/Proxima-Nova-Regular.woff2
<- 200 GET /fonts/Proxima-Nova-Light.woff2
<- 200 GET /fonts/fontawesome-webfont.woff2?v=4.6.1
-> GET /images/2015/template/home-screen-icon-128x128.png
<- 200 GET /images/2015/template/home-screen-icon-128x128.png
-> POST /sso/Authenticator?42039
<- 200 POST /sso/Authenticator?42039
-> POST /sso/Authenticator?59106
<- 200 POST /sso/Authenticator?59106
-> POST /sso/Authenticator?5739
<- 200 POST /sso/Authenticator?5739
-> POST /sso/Authenticator?28371
<- 200 POST /sso/Authenticator?28371
-> POST /sso/Authenticator?79425
<- 200 POST /sso/Authenticator?79425
-> POST /sso/Authenticator?79234
<- 200 POST /sso/Authenticator?79234
-> POST /sso/Dispatcher
<- 302 POST /sso/Dispatcher
-> request: /v1/api/sso/validate?gw=1
-> request: /AccountManagement/OneBarAuthentication?json=1
-> GET /AccountManagement/OneBarAuthentication?json=1,404|275ms
-> GET /v1/api/sso/validate?gw=1,200|322ms
-> request: /v1/api/one/user
-> request: /sso/AuthenticateSSODH?ACTION=INIT
-> sso GET https://api.ibkr.com/sso/AuthenticateSSODH?ACTION=INIT
-> GET /v1/api/one/user,200|121ms
-> request: /sso/AuthenticateSSODH?ACTION=COMPLETE&B=a1d5d4f1fb365c9a99bd4b38cea3b85491adec54a06e34ec96d79399c06fa8565d3342274cae99741476ee8fb1b9bbc2f6519e43b77f67a866721470c32636fb&CHRESPONSE=62cae32d672a1b27c9217f464edfd8e92ffcbf26
-> sso GET https://api.ibkr.com/sso/AuthenticateSSODH?ACTION=COMPLETE&B=a1d5d4f1fb365c9a99bd4b38cea3b85491adec54a06e34ec96d79399c06fa8565d3342274cae99741476ee8fb1b9bbc2f6519e43b77f67a866721470c32636fb&CHRESPONSE=62cae32d672a1b27c9217f464edfd8e92ffcbf26
-> request: /v1/api/iserver/auth/status
-> GET /v1/api/iserver/auth/status,200|166ms
-> request: /v1/api/iserver/auth/ssodh/init
-> GET /v1/portal/portfolio/accounts
<- 200 GET /v1/portal/portfolio/accounts
-> GET /v1/portal/portfolio/DU2388114/positions/0
<- 200 GET /v1/portal/portfolio/DU2388114/positions/0
-> POST https://api.ibkr.com/v1/api/iserver/auth/ssodh/init,503|10091ms
-> request: /sso/ping
-> GET /sso/ping,200|769ms
-> GET /v1/portal/portfolio/accounts
<- 200 GET /v1/portal/portfolio/accounts
-> GET /v1/portal/portfolio/DU2388114/positions/0
<- 200 GET /v1/portal/portfolio/DU2388114/positions/0
-> GET /v1/portal/portfolio/accounts
<- 200 GET /v1/portal/portfolio/accounts
-> GET /v1/portal/portfolio/DU2388114/positions/0
<- 200 GET /v1/portal/portfolio/DU2388114/positions/0
-> GET /v1/portal/portfolio/accounts
<- 200 GET /v1/portal/portfolio/accounts
-> GET /v1/portal/portfolio/DU2388114/positions/0
<- 200 GET /v1/portal/portfolio/DU2388114/positions/0
-> GET /v1/portal/portfolio/accounts
<- 200 GET /v1/portal/portfolio/accounts
-> GET /v1/portal/portfolio/DU2388114/positions/0
<- 200 GET /v1/portal/portfolio/DU2388114/positions/0
-> GET /v1/portal/portfolio/accounts
<- 200 GET /v1/portal/portfolio/accounts
-> GET /v1/portal/portfolio/DU2388114/positions/0
<- 200 GET /v1/portal/portfolio/DU2388114/positions/0
-> GET /v1/portal/portfolio/accounts
<- 200 GET /v1/portal/portfolio/accounts
-> GET /v1/portal/portfolio/DU2388114/positions/0
<- 200 GET /v1/portal/portfolio/DU2388114/positions/0
-> request: /sso/ping
-> GET /sso/ping,200|658ms
-> GET /v1/portal/portfolio/accounts
<- 200 GET /v1/portal/portfolio/accounts
-> GET /v1/portal/portfolio/DU2388114/positions/0
<- 200 GET /v1/portal/portfolio/DU2388114/positions/0
-> GET /v1/portal/portfolio/accounts
<- 200 GET /v1/portal/portfolio/accounts
-> GET /v1/portal/portfolio/DU2388114/positions/0
<- 200 GET /v1/portal/portfolio/DU2388114/positions/0
-> GET /v1/portal/portfolio/accounts
<- 200 GET /v1/portal/portfolio/accounts
-> GET /v1/portal/portfolio/DU2388114/positions/0
<- 200 GET /v1/portal/portfolio/DU2388114/positions/0
-> request: /sso/ping
-> GET /sso/ping,200|349ms
-> GET /v1/portal/portfolio/accounts
<- 200 GET /v1/portal/portfolio/accounts
-> GET /v1/portal/portfolio/DU2388114/positions/0
<- 200 GET /v1/portal/portfolio/DU2388114/positions/0
-> GET /v1/portal/portfolio/accounts
<- 200 GET /v1/portal/portfolio/accounts
-> GET /v1/portal/portfolio/DU2388114/positions/0
<- 200 GET /v1/portal/portfolio/DU2388114/positions/0
-> GET /v1/portal/portfolio/accounts
<- 200 GET /v1/portal/portfolio/accounts
-> GET /v1/portal/portfolio/DU2388114/positions/0
<- 200 GET /v1/portal/portfolio/DU2388114/positions/0
-> GET /v1/portal/portfolio/accounts
<- 200 GET /v1/portal/portfolio/accounts
-> GET /v1/portal/portfolio/DU2388114/positions/0
<- 200 GET /v1/portal/portfolio/DU2388114/positions/0
-> request: /sso/ping
-> GET /sso/ping,200|350ms
-> GET /v1/portal/portfolio/accounts
<- 200 GET /v1/portal/portfolio/accounts
-> GET /v1/portal/portfolio/DU2388114/positions/0
<- 200 GET /v1/portal/portfolio/DU2388114/positions/0
-> GET /v1/portal/portfolio/accounts
<- 200 GET /v1/portal/portfolio/accounts
-> GET /v1/portal/portfolio/DU2388114/positions/0
<- 200 GET /v1/portal/portfolio/DU2388114/positions/0
-> GET /v1/portal/portfolio/accounts
<- 200 GET /v1/portal/portfolio/accounts
-> GET /v1/portal/portfolio/DU2388114/positions/0
<- 200 GET /v1/portal/portfolio/DU2388114/positions/0
-> GET /v1/portal/portfolio/accounts
uri /v1/portal/portfolio/accounts failed
io.vertx.core.VertxException: Connection was closed
	at io.vertx.core.http.impl.ClientConnection.handleClosed(ClientConnection.java:406) ~[vertx-core-3.5.0.jar:na]
	at io.vertx.core.impl.ContextImpl.lambda$wrapTask$2(ContextImpl.java:342) ~[vertx-core-3.5.0.jar:na]
	at io.vertx.core.impl.ContextImpl.executeFromIO(ContextImpl.java:200) ~[vertx-core-3.5.0.jar:na]
	at io.vertx.core.net.impl.VertxHandler.channelInactive(VertxHandler.java:134) ~[vertx-core-3.5.0.jar:na]
	at io.netty.channel.AbstractChannelHandlerContext.invokeChannelInactive(AbstractChannelHandlerContext.java:245) ~[netty-transport-4.1.15.Final.jar:4.1.15.Final]
	at io.netty.channel.AbstractChannelHandlerContext.invokeChannelInactive(AbstractChannelHandlerContext.java:231) ~[netty-transport-4.1.15.Final.jar:4.1.15.Final]
	at io.netty.channel.AbstractChannelHandlerContext.fireChannelInactive(AbstractChannelHandlerContext.java:224) ~[netty-transport-4.1.15.Final.jar:4.1.15.Final]
	at io.netty.channel.CombinedChannelDuplexHandler$DelegatingChannelHandlerContext.fireChannelInactive(CombinedChannelDuplexHandler.java:420) ~[netty-transport-4.1.15.Final.jar:4.1.15.Final]
	at io.netty.handler.codec.ByteToMessageDecoder.channelInputClosed(ByteToMessageDecoder.java:377) ~[netty-codec-4.1.15.Final.jar:4.1.15.Final]
	at io.netty.handler.codec.ByteToMessageDecoder.channelInactive(ByteToMessageDecoder.java:342) ~[netty-codec-4.1.15.Final.jar:4.1.15.Final]
	at io.netty.handler.codec.http.HttpClientCodec$Decoder.channelInactive(HttpClientCodec.java:281) ~[netty-codec-http-4.1.15.Final.jar:4.1.15.Final]
	at io.netty.channel.CombinedChannelDuplexHandler.channelInactive(CombinedChannelDuplexHandler.java:223) ~[netty-transport-4.1.15.Final.jar:4.1.15.Final]
	at io.netty.channel.AbstractChannelHandlerContext.invokeChannelInactive(AbstractChannelHandlerContext.java:245) ~[netty-transport-4.1.15.Final.jar:4.1.15.Final]
	at io.netty.channel.AbstractChannelHandlerContext.invokeChannelInactive(AbstractChannelHandlerContext.java:231) ~[netty-transport-4.1.15.Final.jar:4.1.15.Final]
	at io.netty.channel.AbstractChannelHandlerContext.fireChannelInactive(AbstractChannelHandlerContext.java:224) ~[netty-transport-4.1.15.Final.jar:4.1.15.Final]
	at io.netty.handler.codec.ByteToMessageDecoder.channelInputClosed(ByteToMessageDecoder.java:377) ~[netty-codec-4.1.15.Final.jar:4.1.15.Final]
	at io.netty.handler.codec.ByteToMessageDecoder.channelInactive(ByteToMessageDecoder.java:342) ~[netty-codec-4.1.15.Final.jar:4.1.15.Final]
	at io.netty.handler.ssl.SslHandler.channelInactive(SslHandler.java:978) ~[netty-handler-4.1.15.Final.jar:4.1.15.Final]
	at io.netty.channel.AbstractChannelHandlerContext.invokeChannelInactive(AbstractChannelHandlerContext.java:245) ~[netty-transport-4.1.15.Final.jar:4.1.15.Final]
	at io.netty.channel.AbstractChannelHandlerContext.invokeChannelInactive(AbstractChannelHandlerContext.java:231) ~[netty-transport-4.1.15.Final.jar:4.1.15.Final]
	at io.netty.channel.AbstractChannelHandlerContext.fireChannelInactive(AbstractChannelHandlerContext.java:224) ~[netty-transport-4.1.15.Final.jar:4.1.15.Final]
	at io.netty.channel.DefaultChannelPipeline$HeadContext.channelInactive(DefaultChannelPipeline.java:1354) ~[netty-transport-4.1.15.Final.jar:4.1.15.Final]
	at io.netty.channel.AbstractChannelHandlerContext.invokeChannelInactive(AbstractChannelHandlerContext.java:245) ~[netty-transport-4.1.15.Final.jar:4.1.15.Final]
	at io.netty.channel.AbstractChannelHandlerContext.invokeChannelInactive(AbstractChannelHandlerContext.java:231) ~[netty-transport-4.1.15.Final.jar:4.1.15.Final]
	at io.netty.channel.DefaultChannelPipeline.fireChannelInactive(DefaultChannelPipeline.java:917) ~[netty-transport-4.1.15.Final.jar:4.1.15.Final]
	at io.netty.channel.AbstractChannel$AbstractUnsafe$7.run(AbstractChannel.java:763) ~[netty-transport-4.1.15.Final.jar:4.1.15.Final]
	at io.netty.util.concurrent.AbstractEventExecutor.safeExecute(AbstractEventExecutor.java:163) ~[netty-common-4.1.15.Final.jar:4.1.15.Final]
	at io.netty.util.concurrent.SingleThreadEventExecutor.runAllTasks(SingleThreadEventExecutor.java:403) ~[netty-common-4.1.15.Final.jar:4.1.15.Final]
	at io.netty.channel.nio.NioEventLoop.run(NioEventLoop.java:463) ~[netty-transport-4.1.15.Final.jar:4.1.15.Final]
	at io.netty.util.concurrent.SingleThreadEventExecutor$5.run(SingleThreadEventExecutor.java:858) ~[netty-common-4.1.15.Final.jar:4.1.15.Final]
	at java.lang.Thread.run(Thread.java:748) ~[na:1.8.0_131]
-> GET /v1/portal/portfolio/accounts
<- 200 GET /v1/portal/portfolio/accounts
-> GET /v1/portal/portfolio/DU2388114/positions/0
<- 200 GET /v1/portal/portfolio/DU2388114/positions/0
-> GET /v1/portal/portfolio/accounts
<- 200 GET /v1/portal/portfolio/accounts
-> GET /v1/portal/portfolio/DU2388114/positions/0
<- 200 GET /v1/portal/portfolio/DU2388114/positions/0
-> request: /sso/ping
-> GET /sso/ping,200|824ms
-> request: /sso/ping
-> GET /sso/ping,200|808ms
-> GET /v1/portal/portfolio/accounts
<- 200 GET /v1/portal/portfolio/accounts
-> GET /v1/portal/portfolio/DU2388114/positions/0
<- 200 GET /v1/portal/portfolio/DU2388114/positions/0
-> GET /v1/portal/portfolio/accounts
<- 200 GET /v1/portal/portfolio/accounts
-> GET /v1/portal/portfolio/DU2388114/positions/0
<- 200 GET /v1/portal/portfolio/DU2388114/positions/0
-> request: /sso/ping
-> GET /sso/ping,200|352ms
-> GET /v1/portal/portfolio/accounts
<- 200 GET /v1/portal/portfolio/accounts
-> GET /v1/portal/portfolio/DU2388114/positions/0
<- 200 GET /v1/portal/portfolio/DU2388114/positions/0
-> GET /v1/portal/portfolio/accounts
<- 200 GET /v1/portal/portfolio/accounts
-> GET /v1/portal/portfolio/DU2388114/positions/0
<- 200 GET /v1/portal/portfolio/DU2388114/positions/0
-> request: /sso/ping
-> GET /sso/ping,200|375ms
-> GET /v1/portal/portfolio/accounts
<- 200 GET /v1/portal/portfolio/accounts
-> GET /v1/portal/portfolio/DU2388114/positions/0
<- 200 GET /v1/portal/portfolio/DU2388114/positions/0
-> GET /v1/portal/portfolio/accounts
<- 200 GET /v1/portal/portfolio/accounts
-> GET /v1/portal/portfolio/DU2388114/positions/0
<- 200 GET /v1/portal/portfolio/DU2388114/positions/0
-> GET /v1/portal/portfolio/accounts
<- 200 GET /v1/portal/portfolio/accounts
-> GET /v1/portal/portfolio/DU2388114/positions/0
<- 200 GET /v1/portal/portfolio/DU2388114/positions/0
-> request: /sso/ping
-> GET /sso/ping,200|353ms
-> request: /sso/ping
-> GET /sso/ping,200|425ms
-> request: /sso/ping
-> GET /sso/ping,200|386ms
-> request: /sso/ping
-> GET /sso/ping,200|351ms
-> request: /sso/ping
-> request: /sso/ping
-> GET /sso/ping,200|385ms
-> request: /sso/ping
-> GET /sso/ping,200|354ms
-> request: /sso/ping
-> request: /sso/ping
-> GET /sso/ping,200|390ms
-> request: /sso/ping
-> GET /sso/ping,200|386ms
-> request: /sso/ping
-> GET /sso/ping,200|356ms
-> request: /sso/ping
-> GET /sso/ping,200|355ms
-> request: /sso/ping
-> GET /sso/ping,200|353ms
-> request: /sso/ping
-> GET /sso/ping,200|355ms
