-> GET /sso/Login?forwardTo=22&RL=1&ip2loc=US
<- 200 GET /sso/Login?forwardTo=22&RL=1&ip2loc=US
-> GET /sso/Login?forwardTo=22&RL=1&ip2loc=US
-> GET /stylesheet/web/ib-common.css
-> GET /stylesheet/web/login.css
-> GET /stylesheet/web/bootstrap.v3.3.6.css
-> GET /stylesheet/web/bootstrap-switch.v3.3.2.min.css
-> GET /stylesheet/web/font-awesome.v4.7.0.css
<- 200 GET /sso/Login?forwardTo=22&RL=1&ip2loc=US
-> GET /sso/Templates/otp-responsive.css?1592945461798
<- 200 GET /stylesheet/web/font-awesome.v4.7.0.css
-> GET /stylesheet/web/font-awesome.v4.7.0.css
<- 200 GET /stylesheet/web/ib-common.css
<- 200 GET /sso/Templates/otp-responsive.css?1592945461798
-> GET /stylesheet/web/ib-common.css
<- 200 GET /stylesheet/web/font-awesome.v4.7.0.css
-> GET /scripts/common/js/2015/jquery.min.js
<- 200 GET /stylesheet/web/ib-common.css
-> GET /scripts/common/js/jquery-ui-1.12.1.min.js
<- 200 GET /stylesheet/web/login.css
-> GET /scripts/common/js/2015/bootstrap.min.js
<- 200 GET /scripts/common/js/2015/jquery.min.js
<- 200 GET /stylesheet/web/bootstrap.v3.3.6.css
<- 200 GET /scripts/common/js/jquery-ui-1.12.1.min.js
-> GET /stylesheet/web/login.css
-> GET /stylesheet/web/bootstrap.v3.3.6.css
<- 200 GET /scripts/common/js/2015/bootstrap.min.js
<- 200 GET /stylesheet/web/login.css
-> GET /scripts/common/js/2015/bootstrap-switch.min.js
-> GET /scripts/common/js/switchery.min.js
<- 200 GET /stylesheet/web/bootstrap-switch.v3.3.2.min.css
-> GET /stylesheet/web/bootstrap-switch.v3.3.2.min.css
<- 200 GET /stylesheet/web/bootstrap.v3.3.6.css
<- 200 GET /scripts/common/js/2015/bootstrap-switch.min.js
-> GET /sso/CombineFiles
-> GET /stylesheet/web/switchery.min.css
<- 200 GET /scripts/common/js/switchery.min.js
-> GET /sso/Templates/otp-responsive.css?1592945461523
<- 200 GET /stylesheet/web/bootstrap-switch.v3.3.2.min.css
-> GET /scripts/common/js/2015/jquery.min.js
-> GET /scripts/common/js/jquery-ui-1.12.1.min.js
<- 200 GET /sso/CombineFiles
<- 200 GET /stylesheet/web/switchery.min.css
-> GET /scripts/common/js/2015/bootstrap.min.js
<- 200 GET /sso/Templates/otp-responsive.css?1592945461523
-> GET /stylesheet/web/switchery.min.css
-> GET /scripts/common/js/2015/bootstrap-switch.min.js
<- 200 GET /scripts/common/js/2015/jquery.min.js
<- 200 GET /scripts/common/js/jquery-ui-1.12.1.min.js
<- 200 GET /scripts/common/js/2015/bootstrap.min.js
<- 200 GET /stylesheet/web/switchery.min.css
-> GET /scripts/common/js/switchery.min.js
-> GET /sso/CombineFiles
-> GET /images/2015/btn-app-apple.png
-> GET /images/2015/btn-app-google.png
<- 200 GET /scripts/common/js/2015/bootstrap-switch.min.js
-> GET /images/2015/btn-app-tws.png
<- 200 GET /scripts/common/js/switchery.min.js
<- 200 GET /sso/CombineFiles
<- 200 GET /images/2015/btn-app-apple.png
<- 200 GET /images/2015/btn-app-google.png
-> GET /images/2015/button_discover_apis.png
-> GET /images/2015/template/logo-ib-ibkr-txtwht.svg
-> GET /images/2015/btn-app-apple.png
<- 200 GET /images/2015/btn-app-tws.png
<- 200 GET /images/2015/button_discover_apis.png
-> GET /fonts/Proxima-Nova-Light.woff2
-> GET /fonts/fontawesome-webfont.woff2?v=4.6.1
-> GET /fonts/Proxima-Nova-Semibold.woff2
-> GET /fonts/Proxima-Nova-Regular.woff2
<- 200 GET /images/2015/template/logo-ib-ibkr-txtwht.svg
<- 200 GET /images/2015/btn-app-apple.png
-> GET /images/2015/template/logo-ib-ibkr-txtblk.svg
-> GET /images/2015/btn-app-google.png
<- 200 GET /fonts/Proxima-Nova-Light.woff2
-> GET /images/2015/btn-app-tws.png
<- 200 GET /fonts/Proxima-Nova-Semibold.woff2
<- 200 GET /fonts/fontawesome-webfont.woff2?v=4.6.1
<- 200 GET /fonts/Proxima-Nova-Regular.woff2
-> GET /images/2015/button_discover_apis.png
<- 200 GET /images/2015/template/logo-ib-ibkr-txtblk.svg
<- 200 GET /images/2015/btn-app-google.png
<- 200 GET /images/2015/btn-app-tws.png
<- 200 GET /images/2015/button_discover_apis.png
-> POST /sso/Authenticator?53296
<- 200 POST /sso/Authenticator?53296
-> POST /sso/Authenticator?78901
<- 200 POST /sso/Authenticator?78901
-> POST /sso/Authenticator?88180
<- 200 POST /sso/Authenticator?88180
-> POST /sso/Authenticator?61504
<- 200 POST /sso/Authenticator?61504
-> POST /sso/Authenticator?76062
<- 200 POST /sso/Authenticator?76062
-> POST /sso/Authenticator?46762
<- 200 POST /sso/Authenticator?46762
-> POST /sso/Dispatcher
<- 302 POST /sso/Dispatcher
-> request: /v1/api/sso/validate?gw=1
-> request: /AccountManagement/OneBarAuthentication?json=1
-> GET /AccountManagement/OneBarAuthentication?json=1,404|213ms
-> GET /v1/api/sso/validate?gw=1,200|278ms
-> request: /v1/api/one/user
-> request: /sso/AuthenticateSSODH?ACTION=INIT
-> sso GET https://api.ibkr.com/sso/AuthenticateSSODH?ACTION=INIT
-> GET /v1/api/one/user,200|106ms
-> request: /sso/AuthenticateSSODH?ACTION=COMPLETE&B=6c1e444f43b3dfe94ff82f89c261d96669b91e687e522820bb843bdb254092d3e7a3f4900957a3b1a030ee60180a818794c84acd8b9e3b20ac68ed8e6f5a6cb1&CHRESPONSE=9a2d9727993b7c4578b2f3be2c735caf6e3896d0
-> sso GET https://api.ibkr.com/sso/AuthenticateSSODH?ACTION=COMPLETE&B=6c1e444f43b3dfe94ff82f89c261d96669b91e687e522820bb843bdb254092d3e7a3f4900957a3b1a030ee60180a818794c84acd8b9e3b20ac68ed8e6f5a6cb1&CHRESPONSE=9a2d9727993b7c4578b2f3be2c735caf6e3896d0
-> request: /v1/api/iserver/auth/status
-> GET /v1/api/iserver/auth/status,200|72ms
-> request: /v1/api/iserver/auth/ssodh/init
-> POST https://api.ibkr.com/v1/api/iserver/auth/ssodh/init,503|10073ms
-> POST /v1/portal/portfolio/accounts
<- 404 POST /v1/portal/portfolio/accounts
-> GET /v1/portal/portfolio/accounts
<- 200 GET /v1/portal/portfolio/accounts
-> POST /v1/portal/portfolio/accounts
<- 404 POST /v1/portal/portfolio/accounts
-> POST /v1/portal/portfolio/accounts
<- 404 POST /v1/portal/portfolio/accounts
-> POST /v1/portal/portfolio/accounts
<- 404 POST /v1/portal/portfolio/accounts
-> request: /sso/ping
-> GET /sso/ping,200|275ms
-> GET /v1/portal/portfolio/accounts
<- 200 GET /v1/portal/portfolio/accounts
-> GET /v1/portal/portfolio/accounts
<- 200 GET /v1/portal/portfolio/accounts
-> GET /v1/portal/portfolio/accounts
<- 200 GET /v1/portal/portfolio/accounts
-> request: /sso/ping
-> GET /sso/ping,200|271ms
-> request: /sso/ping
-> GET /sso/ping,200|273ms
-> request: /sso/ping
-> GET /sso/ping,200|277ms
-> request: /sso/ping
-> GET /sso/ping,200|277ms
-> request: /sso/ping
-> GET /sso/ping,200|272ms
-> request: /sso/ping
-> GET /sso/ping,200|270ms
-> request: /sso/ping
-> GET /sso/ping,200|273ms
-> request: /sso/ping
-> GET /sso/ping,200|278ms
-> request: /sso/ping
-> GET /sso/ping,200|273ms
-> request: /sso/ping
-> GET /sso/ping,200|271ms
-> request: /sso/ping
-> GET /sso/ping,200|271ms
-> request: /sso/ping
-> GET /sso/Login?forwardTo=22&RL=1&ip2loc=US
<- 200 GET /sso/Login?forwardTo=22&RL=1&ip2loc=US
-> GET /stylesheet/web/ib-common.css
-> GET /stylesheet/web/login.css
-> GET /sso/Templates/otp-responsive.css?1592950562387
-> GET /stylesheet/web/bootstrap.v3.3.6.css
-> GET /stylesheet/web/bootstrap-switch.v3.3.2.min.css
-> GET /stylesheet/web/font-awesome.v4.7.0.css
<- 200 GET /stylesheet/web/bootstrap-switch.v3.3.2.min.css
-> GET /stylesheet/web/switchery.min.css
<- 200 GET /stylesheet/web/font-awesome.v4.7.0.css
-> GET /scripts/common/js/2015/jquery.min.js
<- 200 GET /sso/Templates/otp-responsive.css?1592950562387
-> GET /scripts/common/js/jquery-ui-1.12.1.min.js
<- 200 GET /stylesheet/web/switchery.min.css
-> GET /scripts/common/js/2015/bootstrap.min.js
<- 200 GET /stylesheet/web/ib-common.css
<- 200 GET /stylesheet/web/bootstrap.v3.3.6.css
<- 200 GET /stylesheet/web/login.css
<- 200 GET /scripts/common/js/2015/jquery.min.js
<- 200 GET /scripts/common/js/jquery-ui-1.12.1.min.js
-> GET /scripts/common/js/2015/bootstrap-switch.min.js
<- 200 GET /scripts/common/js/2015/bootstrap.min.js
-> GET /scripts/common/js/switchery.min.js
-> GET /sso/CombineFiles
<- 200 GET /scripts/common/js/2015/bootstrap-switch.min.js
<- 200 GET /scripts/common/js/switchery.min.js
<- 200 GET /sso/CombineFiles
-> GET /images/2015/btn-app-apple.png
<- 200 GET /images/2015/btn-app-apple.png
-> GET /images/2015/btn-app-google.png
-> GET /images/2015/btn-app-tws.png
-> GET /images/2015/button_discover_apis.png
-> GET /images/2015/template/logo-ib-ibkr-txtwht.svg
-> GET /images/2015/template/logo-ib-ibkr-txtblk.svg
-> GET /fonts/Proxima-Nova-Light.woff2
<- 200 GET /images/2015/btn-app-google.png
-> GET /fonts/fontawesome-webfont.woff2?v=4.6.1
<- 200 GET /images/2015/btn-app-tws.png
-> GET /fonts/Proxima-Nova-Semibold.woff2
<- 200 GET /images/2015/button_discover_apis.png
-> GET /fonts/Proxima-Nova-Regular.woff2
<- 200 GET /images/2015/template/logo-ib-ibkr-txtwht.svg
<- 200 GET /images/2015/template/logo-ib-ibkr-txtblk.svg
<- 200 GET /fonts/Proxima-Nova-Light.woff2
<- 200 GET /fonts/fontawesome-webfont.woff2?v=4.6.1
<- 200 GET /fonts/Proxima-Nova-Semibold.woff2
<- 200 GET /fonts/Proxima-Nova-Regular.woff2
-> POST /sso/Authenticator;jsessionid=A82C3220500C200EBDBC2A805DB12D46.ny5wwwdamsso1?20021
<- 200 POST /sso/Authenticator;jsessionid=A82C3220500C200EBDBC2A805DB12D46.ny5wwwdamsso1?20021
-> POST /sso/Authenticator;jsessionid=A82C3220500C200EBDBC2A805DB12D46.ny5wwwdamsso1?54036
<- 200 POST /sso/Authenticator;jsessionid=A82C3220500C200EBDBC2A805DB12D46.ny5wwwdamsso1?54036
-> POST /sso/Dispatcher;jsessionid=A82C3220500C200EBDBC2A805DB12D46.ny5wwwdamsso1
<- 302 POST /sso/Dispatcher;jsessionid=A82C3220500C200EBDBC2A805DB12D46.ny5wwwdamsso1
-> request: /v1/api/sso/validate?gw=1
-> request: /AccountManagement/OneBarAuthentication?json=1
-> GET /AccountManagement/OneBarAuthentication?json=1,404|279ms
-> GET /v1/api/sso/validate?gw=1,200|348ms
-> request: /v1/api/one/user
-> request: /sso/AuthenticateSSODH?ACTION=INIT
-> sso GET https://api.ibkr.com/sso/AuthenticateSSODH?ACTION=INIT
-> request: /sso/AuthenticateSSODH?ACTION=COMPLETE&B=72f0bfb6a673ce118316df85c889526b38c77ad51eb951ce72c55290073a7157fd53dd39a8ef8230f4ddb5bfac64ce41950b2cc2b53621625d434e82d2b95fa8&CHRESPONSE=f85eb78e72d44f5b10c7d3ab376529eaeb751664
-> sso GET https://api.ibkr.com/sso/AuthenticateSSODH?ACTION=COMPLETE&B=72f0bfb6a673ce118316df85c889526b38c77ad51eb951ce72c55290073a7157fd53dd39a8ef8230f4ddb5bfac64ce41950b2cc2b53621625d434e82d2b95fa8&CHRESPONSE=f85eb78e72d44f5b10c7d3ab376529eaeb751664
-> GET /v1/api/one/user,200|408ms
-> request: /v1/api/iserver/auth/status
-> GET /v1/api/iserver/auth/status,200|94ms
-> request: /v1/api/iserver/auth/ssodh/init
-> POST https://api.ibkr.com/v1/api/iserver/auth/ssodh/init,503|10254ms
-> GET /v1/portal/portfolio/accounts
<- 200 GET /v1/portal/portfolio/accounts
-> GET /v1/portal/portfolio/accounts
<- 200 GET /v1/portal/portfolio/accounts
-> GET /v1/portal/portfolio/accounts
<- 200 GET /v1/portal/portfolio/accounts
-> GET /v1/portal/portfolio/accounts
<- 200 GET /v1/portal/portfolio/accounts
-> GET /v1/portal/portfolio/accounts
<- 200 GET /v1/portal/portfolio/accounts
-> GET /v1/portal/portfolio/accounts
<- 200 GET /v1/portal/portfolio/accounts
-> GET /v1/portal/portfolio/accounts
<- 200 GET /v1/portal/portfolio/accounts
-> GET /v1/portal/portfolio/accounts
<- 200 GET /v1/portal/portfolio/accounts
-> GET /v1/portal/portfolio/accounts
<- 200 GET /v1/portal/portfolio/accounts
-> request: /sso/ping
-> GET /sso/ping,200|355ms
-> GET /v1/portal/portfolio/accounts
<- 200 GET /v1/portal/portfolio/accounts
-> GET /v1/portal/portfolio/accounts
<- 200 GET /v1/portal/portfolio/accounts
-> GET /v1/portal/portfolio/accounts
<- 200 GET /v1/portal/portfolio/accounts
-> GET /v1/portal/portfolio/DU2388114/positions/0
<- 200 GET /v1/portal/portfolio/DU2388114/positions/0
-> GET /v1/portal/portfolio/accounts
<- 200 GET /v1/portal/portfolio/accounts
-> GET /v1/portal/portfolio/DU2388114/positions/0
<- 200 GET /v1/portal/portfolio/DU2388114/positions/0
-> request: /sso/ping
-> GET /sso/ping,200|90ms
-> GET /v1/portal/portfolio/accounts
<- 200 GET /v1/portal/portfolio/accounts
-> GET /v1/portal/portfolio/DU2388114/positions/0
<- 200 GET /v1/portal/portfolio/DU2388114/positions/0
-> GET /v1/portal/portfolio/accounts
<- 200 GET /v1/portal/portfolio/accounts
-> GET /v1/portal/portfolio/DU2388114/positions/0
<- 200 GET /v1/portal/portfolio/DU2388114/positions/0
-> GET /v1/portal/portfolio/accounts
<- 200 GET /v1/portal/portfolio/accounts
-> GET /v1/portal/portfolio/DU2388114/positions/0
<- 200 GET /v1/portal/portfolio/DU2388114/positions/0
-> GET /v1/portal/portfolio/accounts
<- 200 GET /v1/portal/portfolio/accounts
-> GET /v1/portal/portfolio/DU2388114/positions/0
<- 200 GET /v1/portal/portfolio/DU2388114/positions/0
-> GET /v1/portal/portfolio/accounts
<- 200 GET /v1/portal/portfolio/accounts
-> GET /v1/portal/portfolio/DU2388114/positions/0
<- 200 GET /v1/portal/portfolio/DU2388114/positions/0
-> request: /sso/ping
-> GET /sso/ping,200|355ms
-> GET /v1/portal/portfolio/accounts
<- 200 GET /v1/portal/portfolio/accounts
-> GET /v1/portal/portfolio/DU2388114/positions/0
<- 200 GET /v1/portal/portfolio/DU2388114/positions/0
-> GET /v1/portal/portfolio/accounts
<- 200 GET /v1/portal/portfolio/accounts
-> GET /v1/portal/portfolio/DU2388114/positions/0
<- 200 GET /v1/portal/portfolio/DU2388114/positions/0
-> GET /v1/portal/portfolio/accounts
<- 200 GET /v1/portal/portfolio/accounts
-> GET /v1/portal/portfolio/DU2388114/positions/0
<- 200 GET /v1/portal/portfolio/DU2388114/positions/0
-> GET /v1/portal/portfolio/accounts
<- 200 GET /v1/portal/portfolio/accounts
-> GET /v1/portal/portfolio/DU2388114/positions/0
<- 200 GET /v1/portal/portfolio/DU2388114/positions/0
-> GET /v1/portal/portfolio/accounts
<- 200 GET /v1/portal/portfolio/accounts
-> GET /v1/portal/portfolio/DU2388114/positions/0
<- 200 GET /v1/portal/portfolio/DU2388114/positions/0
-> request: /sso/ping
-> GET /sso/ping,200|350ms
-> GET /v1/portal/portfolio/accounts
<- 200 GET /v1/portal/portfolio/accounts
-> GET /v1/portal/portfolio/DU2388114/positions/0
<- 200 GET /v1/portal/portfolio/DU2388114/positions/0
-> GET /v1/portal/portfolio/accounts
<- 200 GET /v1/portal/portfolio/accounts
-> GET /v1/portal/portfolio/DU2388114/positions/0
<- 200 GET /v1/portal/portfolio/DU2388114/positions/0
-> request: /sso/ping
-> GET /sso/ping,200|498ms
-> GET /v1/portal/iserver/marketdata/history?conid=3691937&period=1w&bar=1h
<- 400 GET /v1/portal/iserver/marketdata/history?conid=3691937&period=1w&bar=1h
-> GET /sso/Login?forwardTo=22&RL=1&ip2loc=US
<- 200 GET /sso/Login?forwardTo=22&RL=1&ip2loc=US
-> GET /stylesheet/web/bootstrap.v3.3.6.css
-> GET /stylesheet/web/login.css
-> GET /stylesheet/web/bootstrap-switch.v3.3.2.min.css
-> GET /sso/Login?forwardTo=22&RL=1&ip2loc=US
-> GET /stylesheet/web/ib-common.css
-> GET /stylesheet/web/font-awesome.v4.7.0.css
<- 200 GET /stylesheet/web/ib-common.css
<- 200 GET /stylesheet/web/bootstrap.v3.3.6.css
-> GET /stylesheet/web/switchery.min.css
<- 200 GET /stylesheet/web/login.css
<- 200 GET /stylesheet/web/bootstrap-switch.v3.3.2.min.css
-> GET /sso/Templates/otp-responsive.css?1592952204113
<- 200 GET /sso/Login?forwardTo=22&RL=1&ip2loc=US
<- 200 GET /stylesheet/web/font-awesome.v4.7.0.css
-> GET /stylesheet/web/bootstrap.v3.3.6.css
-> GET /stylesheet/web/bootstrap-switch.v3.3.2.min.css
<- 200 GET /stylesheet/web/switchery.min.css
-> GET /stylesheet/web/ib-common.css
<- 200 GET /sso/Templates/otp-responsive.css?1592952204113
-> GET /stylesheet/web/login.css
<- 200 GET /stylesheet/web/bootstrap.v3.3.6.css
-> GET /sso/Templates/otp-responsive.css?1592952204603
<- 200 GET /stylesheet/web/bootstrap-switch.v3.3.2.min.css
-> GET /stylesheet/web/font-awesome.v4.7.0.css
<- 200 GET /stylesheet/web/ib-common.css
<- 200 GET /stylesheet/web/login.css
-> GET /stylesheet/web/switchery.min.css
-> GET /scripts/common/js/jquery-ui-1.12.1.min.js
<- 200 GET /sso/Templates/otp-responsive.css?1592952204603
-> GET /scripts/common/js/2015/bootstrap.min.js
-> GET /scripts/common/js/2015/bootstrap-switch.min.js
<- 200 GET /stylesheet/web/font-awesome.v4.7.0.css
<- 200 GET /stylesheet/web/switchery.min.css
-> GET /scripts/common/js/switchery.min.js
-> GET /sso/CombineFiles
<- 200 GET /scripts/common/js/jquery-ui-1.12.1.min.js
-> GET /scripts/common/js/2015/jquery.min.js
<- 200 GET /scripts/common/js/2015/bootstrap.min.js
-> GET /scripts/common/js/jquery-ui-1.12.1.min.js
<- 200 GET /sso/CombineFiles
<- 200 GET /scripts/common/js/2015/jquery.min.js
-> GET /scripts/common/js/2015/jquery.min.js
<- 200 GET /scripts/common/js/2015/bootstrap-switch.min.js
-> GET /scripts/common/js/2015/bootstrap.min.js
-> GET /sso/CombineFiles
<- 200 GET /scripts/common/js/jquery-ui-1.12.1.min.js
<- 200 GET /scripts/common/js/switchery.min.js
-> GET /images/2015/btn-app-apple.png
-> GET /scripts/common/js/2015/bootstrap-switch.min.js
<- 200 GET /sso/CombineFiles
<- 200 GET /scripts/common/js/2015/bootstrap.min.js
-> GET /scripts/common/js/switchery.min.js
<- 200 GET /images/2015/btn-app-apple.png
-> GET /images/2015/btn-app-apple.png
<- 200 GET /scripts/common/js/2015/jquery.min.js
-> GET /images/2015/btn-app-google.png
<- 200 GET /scripts/common/js/switchery.min.js
-> GET /images/2015/btn-app-tws.png
-> GET /images/2015/button_discover_apis.png
<- 200 GET /images/2015/btn-app-apple.png
-> GET /images/2015/template/logo-ib-ibkr-txtwht.svg
<- 200 GET /images/2015/btn-app-google.png
-> GET /images/2015/btn-app-google.png
<- 200 GET /images/2015/btn-app-tws.png
-> GET /images/2015/btn-app-tws.png
<- 200 GET /images/2015/button_discover_apis.png
-> GET /images/2015/button_discover_apis.png
-> GET /images/2015/template/logo-ib-ibkr-txtblk.svg
<- 200 GET /images/2015/template/logo-ib-ibkr-txtwht.svg
<- 200 GET /images/2015/btn-app-google.png
<- 200 GET /images/2015/btn-app-tws.png
-> GET /fonts/Proxima-Nova-Light.woff2
-> GET /fonts/fontawesome-webfont.woff2?v=4.6.1
-> GET /fonts/Proxima-Nova-Semibold.woff2
<- 200 GET /images/2015/button_discover_apis.png
-> GET /fonts/Proxima-Nova-Regular.woff2
<- 200 GET /images/2015/template/logo-ib-ibkr-txtblk.svg
<- 200 GET /fonts/Proxima-Nova-Light.woff2
<- 200 GET /fonts/fontawesome-webfont.woff2?v=4.6.1
<- 200 GET /scripts/common/js/2015/bootstrap-switch.min.js
<- 200 GET /fonts/Proxima-Nova-Semibold.woff2
<- 200 GET /fonts/Proxima-Nova-Regular.woff2
-> GET /v1/portal/iserver/marketdata/history?conid=3691937&period=1w&bar=1h
<- 400 GET /v1/portal/iserver/marketdata/history?conid=3691937&period=1w&bar=1h
-> GET /v1/portal/iserver/contract/8314/info
<- 400 GET /v1/portal/iserver/contract/8314/info
-> GET /v1/portal/portfolio/accounts
<- 200 GET /v1/portal/portfolio/accounts
-> GET /v1/portal/portfolio/DU2388114/positions/0
<- 200 GET /v1/portal/portfolio/DU2388114/positions/0
-> request: /sso/ping
-> GET /sso/ping,200|359ms
-> GET /v1/portal/portfolio/accounts
<- 200 GET /v1/portal/portfolio/accounts
-> GET /v1/portal/portfolio/DU2388114/positions/0
<- 200 GET /v1/portal/portfolio/DU2388114/positions/0
-> GET /v1/portal/portfolio/accounts
<- 200 GET /v1/portal/portfolio/accounts
-> GET /v1/portal/portfolio/DU2388114/positions/0
<- 200 GET /v1/portal/portfolio/DU2388114/positions/0
-> request: /sso/ping
-> GET /sso/ping,200|355ms
-> GET /v1/portal/portfolio/accounts
<- 200 GET /v1/portal/portfolio/accounts
-> GET /v1/portal/portfolio/DU2388114/positions/0
<- 200 GET /v1/portal/portfolio/DU2388114/positions/0
-> request: /sso/ping
-> GET /sso/ping,200|410ms
-> GET /v1/portal/portfolio/accounts
<- 200 GET /v1/portal/portfolio/accounts
-> GET /v1/portal/portfolio/DU2388114/positions/0
<- 200 GET /v1/portal/portfolio/DU2388114/positions/0
-> GET /v1/portal/portfolio/accounts
<- 200 GET /v1/portal/portfolio/accounts
-> GET /v1/portal/portfolio/DU2388114/positions/0
<- 200 GET /v1/portal/portfolio/DU2388114/positions/0
-> GET /v1/portal/portfolio/accounts
<- 200 GET /v1/portal/portfolio/accounts
-> GET /v1/portal/portfolio/DU2388114/positions/0
<- 200 GET /v1/portal/portfolio/DU2388114/positions/0
-> request: /sso/ping
-> GET /sso/ping,200|384ms
-> request: /sso/ping
-> GET /sso/ping,200|354ms
-> request: /sso/ping
-> GET /sso/ping,200|360ms
-> request: /sso/ping
-> GET /sso/ping,200|358ms
-> request: /sso/ping
-> GET /sso/ping,200|434ms
-> GET /v1/portal/portfolio/accounts
<- 401 GET /v1/portal/portfolio/accounts
-> request: /sso/ping
-> GET /sso/ping,200|94ms
-> GET /v1/portal/portfolio/accounts
<- 401 GET /v1/portal/portfolio/accounts
-> GET /v1/portal/portfolio/accounts
<- 401 GET /v1/portal/portfolio/accounts
-> GET /sso/Login?forwardTo=22&RL=1&ip2loc=US
<- 200 GET /sso/Login?forwardTo=22&RL=1&ip2loc=US
-> GET /stylesheet/web/ib-common.css
-> GET /stylesheet/web/login.css
-> GET /sso/Templates/otp-responsive.css?1592955058458
-> GET /stylesheet/web/bootstrap.v3.3.6.css
-> GET /stylesheet/web/bootstrap-switch.v3.3.2.min.css
-> GET /stylesheet/web/font-awesome.v4.7.0.css
<- 200 GET /stylesheet/web/bootstrap-switch.v3.3.2.min.css
-> GET /stylesheet/web/switchery.min.css
<- 200 GET /sso/Templates/otp-responsive.css?1592955058458
-> GET /scripts/common/js/2015/jquery.min.js
<- 200 GET /stylesheet/web/font-awesome.v4.7.0.css
-> GET /scripts/common/js/jquery-ui-1.12.1.min.js
<- 200 GET /stylesheet/web/ib-common.css
<- 200 GET /stylesheet/web/bootstrap.v3.3.6.css
<- 200 GET /stylesheet/web/login.css
<- 200 GET /stylesheet/web/switchery.min.css
-> GET /scripts/common/js/2015/bootstrap.min.js
<- 200 GET /scripts/common/js/2015/jquery.min.js
-> GET /scripts/common/js/2015/bootstrap-switch.min.js
<- 200 GET /scripts/common/js/jquery-ui-1.12.1.min.js
-> GET /scripts/common/js/switchery.min.js
<- 200 GET /scripts/common/js/2015/bootstrap.min.js
<- 200 GET /scripts/common/js/2015/bootstrap-switch.min.js
-> GET /sso/CombineFiles
<- 200 GET /scripts/common/js/switchery.min.js
<- 200 GET /sso/CombineFiles
-> GET /images/2015/btn-app-apple.png
<- 200 GET /images/2015/btn-app-apple.png
-> GET /images/2015/btn-app-google.png
<- 200 GET /images/2015/btn-app-google.png
-> GET /images/2015/btn-app-tws.png
-> GET /images/2015/button_discover_apis.png
-> GET /images/2015/template/logo-ib-ibkr-txtwht.svg
-> GET /images/2015/template/logo-ib-ibkr-txtblk.svg
-> GET /fonts/Proxima-Nova-Light.woff2
-> GET /fonts/fontawesome-webfont.woff2?v=4.6.1
<- 200 GET /images/2015/button_discover_apis.png
-> GET /fonts/Proxima-Nova-Semibold.woff2
<- 200 GET /images/2015/template/logo-ib-ibkr-txtwht.svg
-> GET /fonts/Proxima-Nova-Regular.woff2
<- 200 GET /images/2015/template/logo-ib-ibkr-txtblk.svg
<- 200 GET /fonts/Proxima-Nova-Light.woff2
<- 200 GET /images/2015/btn-app-tws.png
<- 200 GET /fonts/fontawesome-webfont.woff2?v=4.6.1
<- 200 GET /fonts/Proxima-Nova-Semibold.woff2
<- 200 GET /fonts/Proxima-Nova-Regular.woff2
-> POST /sso/Authenticator?1562
<- 200 POST /sso/Authenticator?1562
-> POST /sso/Authenticator?76814
<- 200 POST /sso/Authenticator?76814
-> POST /sso/Dispatcher
<- 200 POST /sso/Dispatcher
-> GET /stylesheet/web/bootstrap.v3.3.6.css
-> GET /stylesheet/web/bootstrap-switch.v3.3.2.min.css
-> GET /stylesheet/web/font-awesome.v4.7.0.css
-> GET /stylesheet/web/login.css
-> GET /stylesheet/web/ib-common.css
-> GET /sso/Templates/otp-responsive.css?1592955068217
<- 200 GET /stylesheet/web/ib-common.css
<- 200 GET /stylesheet/web/bootstrap.v3.3.6.css
<- 200 GET /stylesheet/web/bootstrap-switch.v3.3.2.min.css
-> GET /stylesheet/web/switchery.min.css
<- 200 GET /stylesheet/web/font-awesome.v4.7.0.css
-> GET /sso/CombineFiles
<- 200 GET /stylesheet/web/login.css
<- 200 GET /sso/Templates/otp-responsive.css?1592955068217
<- 200 GET /stylesheet/web/switchery.min.css
<- 200 GET /sso/CombineFiles
-> GET /images/2015/template/logo-ib-ibkr-txtwht.svg
-> GET /images/2015/template/logo-ib-ibkr-txtblk.svg
-> GET /images/2015/btn-app-apple.png
-> GET /images/2015/btn-app-google.png
-> GET /images/2015/btn-app-tws.png
-> GET /fonts/Proxima-Nova-Light.woff2
<- 200 GET /images/2015/template/logo-ib-ibkr-txtwht.svg
-> GET /fonts/fontawesome-webfont.woff2?v=4.6.1
<- 200 GET /images/2015/template/logo-ib-ibkr-txtblk.svg
-> GET /fonts/Proxima-Nova-Semibold.woff2
<- 200 GET /images/2015/btn-app-apple.png
-> GET /fonts/Proxima-Nova-Regular.woff2
<- 200 GET /images/2015/btn-app-google.png
<- 200 GET /images/2015/btn-app-tws.png
-> GET /images/2015/button_discover_apis.png
<- 200 GET /fonts/Proxima-Nova-Light.woff2
<- 200 GET /fonts/fontawesome-webfont.woff2?v=4.6.1
<- 200 GET /images/2015/button_discover_apis.png
<- 200 GET /fonts/Proxima-Nova-Semibold.woff2
<- 200 GET /fonts/Proxima-Nova-Regular.woff2
-> POST /sso/Authenticator?62020
<- 200 POST /sso/Authenticator?62020
-> request: /sso/ping
-> GET /sso/ping,200|89ms
-> POST /sso/Authenticator?66232
<- 200 POST /sso/Authenticator?66232
-> POST /sso/Dispatcher
<- 302 POST /sso/Dispatcher
-> request: /v1/api/sso/validate?gw=1
-> request: /AccountManagement/OneBarAuthentication?json=1
-> GET /AccountManagement/OneBarAuthentication?json=1,404|274ms
-> GET /v1/api/sso/validate?gw=1,200|338ms
-> request: /v1/api/one/user
-> request: /sso/AuthenticateSSODH?ACTION=INIT
-> sso GET https://api.ibkr.com/sso/AuthenticateSSODH?ACTION=INIT
-> request: /sso/AuthenticateSSODH?ACTION=COMPLETE&B=a9166600a43289b8a4ab4ade8ba48594adabb69022e293ca7dec57177fa974c6c6fb7183fce127c66b891562a142b064599ebcd87f2fd1a9eeed257609759660&CHRESPONSE=f75575838902a1804b15ada93e48ddcc06bc9f01
-> sso GET https://api.ibkr.com/sso/AuthenticateSSODH?ACTION=COMPLETE&B=a9166600a43289b8a4ab4ade8ba48594adabb69022e293ca7dec57177fa974c6c6fb7183fce127c66b891562a142b064599ebcd87f2fd1a9eeed257609759660&CHRESPONSE=f75575838902a1804b15ada93e48ddcc06bc9f01
-> GET /v1/api/one/user,200|398ms
-> request: /v1/api/iserver/auth/status
-> GET /v1/api/iserver/auth/status,200|92ms
-> request: /v1/api/iserver/auth/ssodh/init
-> GET /v1/portal/portfolio/accounts
<- 200 GET /v1/portal/portfolio/accounts
-> GET /v1/portal/portfolio/DU2388114/positions/0
<- 200 GET /v1/portal/portfolio/DU2388114/positions/0
-> POST https://api.ibkr.com/v1/api/iserver/auth/ssodh/init,503|10110ms
-> GET /v1/portal/portfolio/accounts
<- 200 GET /v1/portal/portfolio/accounts
-> GET /v1/portal/portfolio/DU2388114/positions/0
<- 200 GET /v1/portal/portfolio/DU2388114/positions/0
-> GET /v1/portal/portfolio/accounts
<- 200 GET /v1/portal/portfolio/accounts
-> GET /v1/portal/portfolio/DU2388114/positions/0
<- 200 GET /v1/portal/portfolio/DU2388114/positions/0
-> GET /v1/portal/portfolio/accounts
<- 200 GET /v1/portal/portfolio/accounts
-> GET /v1/portal/portfolio/DU2388114/positions/0
<- 200 GET /v1/portal/portfolio/DU2388114/positions/0
-> request: /sso/ping
-> GET /sso/ping,200|357ms
-> request: /sso/ping
-> GET /sso/ping,200|354ms
-> request: /sso/ping
-> GET /sso/ping,200|358ms
-> GET /sso/Login?forwardTo=22&RL=1&ip2loc=US
<- 200 GET /sso/Login?forwardTo=22&RL=1&ip2loc=US
-> GET /sso/Login?forwardTo=22&RL=1&ip2loc=US
-> GET /stylesheet/web/bootstrap.v3.3.6.css
-> GET /stylesheet/web/bootstrap-switch.v3.3.2.min.css
-> GET /stylesheet/web/font-awesome.v4.7.0.css
-> GET /stylesheet/web/switchery.min.css
-> GET /stylesheet/web/ib-common.css
<- 200 GET /stylesheet/web/switchery.min.css
-> GET /stylesheet/web/login.css
<- 200 GET /stylesheet/web/ib-common.css
<- 200 GET /sso/Login?forwardTo=22&RL=1&ip2loc=US
<- 200 GET /stylesheet/web/bootstrap.v3.3.6.css
<- 200 GET /stylesheet/web/bootstrap-switch.v3.3.2.min.css
-> GET /stylesheet/web/switchery.min.css
-> GET /stylesheet/web/ib-common.css
-> GET /sso/Templates/otp-responsive.css?1592956085700
<- 200 GET /stylesheet/web/login.css
<- 200 GET /stylesheet/web/font-awesome.v4.7.0.css
-> GET /stylesheet/web/bootstrap.v3.3.6.css
-> GET /stylesheet/web/bootstrap-switch.v3.3.2.min.css
<- 200 GET /stylesheet/web/switchery.min.css
<- 200 GET /sso/Templates/otp-responsive.css?1592956085700
-> GET /stylesheet/web/login.css
-> GET /stylesheet/web/font-awesome.v4.7.0.css
-> GET /scripts/common/js/2015/jquery.min.js
<- 200 GET /stylesheet/web/ib-common.css
<- 200 GET /stylesheet/web/bootstrap-switch.v3.3.2.min.css
-> GET /scripts/common/js/jquery-ui-1.12.1.min.js
<- 200 GET /stylesheet/web/login.css
-> GET /scripts/common/js/2015/bootstrap.min.js
<- 200 GET /stylesheet/web/font-awesome.v4.7.0.css
<- 200 GET /stylesheet/web/bootstrap.v3.3.6.css
<- 200 GET /scripts/common/js/2015/jquery.min.js
-> GET /scripts/common/js/2015/bootstrap-switch.min.js
-> GET /scripts/common/js/switchery.min.js
<- 200 GET /scripts/common/js/jquery-ui-1.12.1.min.js
-> GET /sso/CombineFiles
<- 200 GET /scripts/common/js/2015/bootstrap-switch.min.js
-> GET /sso/Templates/otp-responsive.css?1592956085421
<- 200 GET /scripts/common/js/switchery.min.js
<- 200 GET /scripts/common/js/2015/bootstrap.min.js
-> GET /scripts/common/js/2015/jquery.min.js
-> GET /scripts/common/js/jquery-ui-1.12.1.min.js
<- 200 GET /sso/CombineFiles
<- 200 GET /sso/Templates/otp-responsive.css?1592956085421
-> GET /scripts/common/js/2015/bootstrap-switch.min.js
<- 200 GET /scripts/common/js/jquery-ui-1.12.1.min.js
-> GET /scripts/common/js/switchery.min.js
<- 200 GET /scripts/common/js/2015/bootstrap-switch.min.js
-> GET /scripts/common/js/2015/bootstrap.min.js
<- 200 GET /scripts/common/js/2015/jquery.min.js
<- 200 GET /scripts/common/js/switchery.min.js
-> GET /sso/CombineFiles
<- 200 GET /scripts/common/js/2015/bootstrap.min.js
-> GET /images/2015/btn-app-apple.png
-> GET /images/2015/btn-app-google.png
<- 200 GET /sso/CombineFiles
<- 200 GET /images/2015/btn-app-apple.png
-> GET /images/2015/btn-app-apple.png
-> GET /images/2015/btn-app-tws.png
-> GET /images/2015/button_discover_apis.png
<- 200 GET /images/2015/btn-app-google.png
<- 200 GET /images/2015/btn-app-apple.png
-> GET /images/2015/btn-app-google.png
<- 200 GET /images/2015/btn-app-tws.png
<- 200 GET /images/2015/button_discover_apis.png
<- 200 GET /images/2015/btn-app-google.png
-> GET /images/2015/btn-app-tws.png
-> GET /images/2015/button_discover_apis.png
<- 200 GET /images/2015/btn-app-tws.png
-> GET /images/2015/template/logo-ib-ibkr-txtwht.svg
-> GET /images/2015/template/logo-ib-ibkr-txtblk.svg
-> GET /fonts/Proxima-Nova-Light.woff2
-> GET /fonts/fontawesome-webfont.woff2?v=4.6.1
-> GET /fonts/Proxima-Nova-Semibold.woff2
<- 200 GET /images/2015/button_discover_apis.png
-> GET /fonts/Proxima-Nova-Regular.woff2
<- 200 GET /images/2015/template/logo-ib-ibkr-txtwht.svg
<- 200 GET /images/2015/template/logo-ib-ibkr-txtblk.svg
<- 200 GET /fonts/Proxima-Nova-Light.woff2
<- 200 GET /fonts/Proxima-Nova-Semibold.woff2
<- 200 GET /fonts/Proxima-Nova-Regular.woff2
<- 200 GET /fonts/fontawesome-webfont.woff2?v=4.6.1
-> POST /sso/Authenticator?9919
<- 200 POST /sso/Authenticator?9919
-> POST /sso/Authenticator?97524
<- 200 POST /sso/Authenticator?97524
-> POST /sso/Dispatcher
<- 200 POST /sso/Dispatcher
-> GET /stylesheet/web/bootstrap.v3.3.6.css
-> GET /stylesheet/web/bootstrap-switch.v3.3.2.min.css
-> GET /stylesheet/web/font-awesome.v4.7.0.css
-> GET /stylesheet/web/ib-common.css
-> GET /stylesheet/web/login.css
-> GET /sso/Templates/otp-responsive.css?1592956095948
<- 200 GET /stylesheet/web/login.css
-> GET /stylesheet/web/switchery.min.css
<- 200 GET /sso/Templates/otp-responsive.css?1592956095948
-> GET /sso/CombineFiles
<- 200 GET /stylesheet/web/bootstrap.v3.3.6.css
<- 200 GET /stylesheet/web/bootstrap-switch.v3.3.2.min.css
<- 200 GET /stylesheet/web/font-awesome.v4.7.0.css
<- 200 GET /stylesheet/web/switchery.min.css
<- 200 GET /stylesheet/web/ib-common.css
<- 200 GET /sso/CombineFiles
-> GET /scripts/common/js/jquery-ui-1.12.1.min.js
<- 200 GET /scripts/common/js/jquery-ui-1.12.1.min.js
-> GET /scripts/common/js/2015/bootstrap.min.js
<- 200 GET /scripts/common/js/2015/bootstrap.min.js
-> GET /scripts/common/js/2015/bootstrap-switch.min.js
<- 200 GET /scripts/common/js/2015/bootstrap-switch.min.js
-> GET /scripts/common/js/switchery.min.js
<- 200 GET /scripts/common/js/switchery.min.js
-> GET /images/2015/template/logo-ib-ibkr-txtwht.svg
-> GET /images/2015/template/logo-ib-ibkr-txtblk.svg
-> GET /images/2015/btn-app-apple.png
-> GET /images/2015/btn-app-google.png
-> GET /images/2015/btn-app-tws.png
-> GET /images/2015/button_discover_apis.png
<- 200 GET /images/2015/template/logo-ib-ibkr-txtwht.svg
-> GET /fonts/Proxima-Nova-Light.woff2
<- 200 GET /images/2015/template/logo-ib-ibkr-txtblk.svg
-> GET /fonts/fontawesome-webfont.woff2?v=4.6.1
<- 200 GET /images/2015/btn-app-google.png
<- 200 GET /images/2015/btn-app-tws.png
-> GET /fonts/Proxima-Nova-Semibold.woff2
-> GET /fonts/Proxima-Nova-Regular.woff2
<- 200 GET /images/2015/btn-app-apple.png
<- 200 GET /images/2015/button_discover_apis.png
<- 200 GET /fonts/Proxima-Nova-Light.woff2
<- 200 GET /fonts/Proxima-Nova-Semibold.woff2
<- 200 GET /fonts/Proxima-Nova-Regular.woff2
<- 200 GET /fonts/fontawesome-webfont.woff2?v=4.6.1
-> POST /sso/Authenticator?32486
<- 200 POST /sso/Authenticator?32486
-> POST /sso/Authenticator?6994
<- 200 POST /sso/Authenticator?6994
-> POST /sso/Dispatcher
<- 302 POST /sso/Dispatcher
-> request: /v1/api/sso/validate?gw=1
-> request: /AccountManagement/OneBarAuthentication?json=1
-> GET /AccountManagement/OneBarAuthentication?json=1,404|298ms
-> GET /v1/api/sso/validate?gw=1,200|833ms
-> request: /v1/api/one/user
-> request: /sso/AuthenticateSSODH?ACTION=INIT
-> sso GET https://api.ibkr.com/sso/AuthenticateSSODH?ACTION=INIT
-> GET /v1/api/one/user,200|92ms
-> request: /sso/AuthenticateSSODH?ACTION=COMPLETE&B=9a5cc68e1f357d06d0d226278e7adf6388a8004943fbe030a46ffa1f5890ee5cbdc207d1496e2f84d6105f49806d851b20afe591b2e56bcdb0c0b474f54206e7&CHRESPONSE=bf50508e626f4e2ba0cd5513e409d2745ff0fbf2
-> sso GET https://api.ibkr.com/sso/AuthenticateSSODH?ACTION=COMPLETE&B=9a5cc68e1f357d06d0d226278e7adf6388a8004943fbe030a46ffa1f5890ee5cbdc207d1496e2f84d6105f49806d851b20afe591b2e56bcdb0c0b474f54206e7&CHRESPONSE=bf50508e626f4e2ba0cd5513e409d2745ff0fbf2
-> request: /v1/api/iserver/auth/status
-> GET /v1/api/iserver/auth/status,200|93ms
-> request: /v1/api/iserver/auth/ssodh/init
-> POST https://api.ibkr.com/v1/api/iserver/auth/ssodh/init,503|10123ms
-> GET /v1/portal/portfolio/accounts
<- 200 GET /v1/portal/portfolio/accounts
-> GET /v1/portal/portfolio/DU2388114/positions/0
<- 200 GET /v1/portal/portfolio/DU2388114/positions/0
-> GET /v1/portal/portfolio/accounts
<- 200 GET /v1/portal/portfolio/accounts
-> GET /v1/portal/portfolio/DU2388114/positions/0
<- 200 GET /v1/portal/portfolio/DU2388114/positions/0
-> GET /v1/portal/portfolio/accounts
<- 200 GET /v1/portal/portfolio/accounts
-> GET /v1/portal/portfolio/DU2388114/positions/0
<- 200 GET /v1/portal/portfolio/DU2388114/positions/0
-> request: /sso/ping
-> GET /sso/ping,200|351ms
-> GET /v1/portal/portfolio/accounts
<- 200 GET /v1/portal/portfolio/accounts
-> GET /v1/portal/portfolio/DU2388114/positions/0
<- 200 GET /v1/portal/portfolio/DU2388114/positions/0
-> GET /v1/portal/portfolio/accounts
<- 200 GET /v1/portal/portfolio/accounts
-> GET /v1/portal/portfolio/DU2388114/positions/0
<- 200 GET /v1/portal/portfolio/DU2388114/positions/0
-> request: /sso/ping
-> GET /sso/ping,200|358ms
-> request: /sso/ping
-> GET /sso/ping,200|698ms
-> request: /sso/ping
-> GET /sso/ping,200|352ms
-> request: /sso/ping
-> GET /sso/ping,200|360ms
-> request: /sso/ping
-> GET /sso/ping,200|384ms
-> request: /sso/ping
-> GET /sso/ping,200|698ms
-> request: /sso/ping
-> GET /sso/ping,200|415ms
-> request: /sso/ping
-> GET /sso/ping,200|557ms
-> request: /sso/ping
-> GET /sso/ping,200|375ms
-> request: /sso/ping
-> GET /sso/ping,200|363ms
-> request: /sso/ping
-> GET /sso/ping,200|355ms
-> request: /sso/ping
-> GET /sso/ping,200|364ms
-> request: /sso/ping
-> GET /sso/ping,200|358ms
-> request: /sso/ping
-> GET /sso/ping,200|381ms
-> request: /sso/ping
-> GET /sso/ping,200|360ms
-> request: /sso/ping
-> GET /sso/ping,200|407ms
-> request: /sso/ping
-> GET /sso/ping,200|682ms
-> request: /sso/ping
-> GET /sso/ping,200|351ms
-> request: /sso/ping
-> GET /sso/ping,200|1234ms
-> request: /sso/ping
-> GET /sso/ping,200|355ms
-> GET /sso/Login?forwardTo=22&RL=1&ip2loc=US
<- 200 GET /sso/Login?forwardTo=22&RL=1&ip2loc=US
-> GET /stylesheet/web/bootstrap.v3.3.6.css
-> GET /stylesheet/web/switchery.min.css
-> GET /stylesheet/web/ib-common.css
-> GET /stylesheet/web/font-awesome.v4.7.0.css
-> GET /stylesheet/web/login.css
-> GET /stylesheet/web/bootstrap-switch.v3.3.2.min.css
<- 200 GET /stylesheet/web/login.css
-> GET /sso/Templates/otp-responsive.css?1592964815322
<- 200 GET /stylesheet/web/switchery.min.css
-> GET /scripts/common/js/2015/jquery.min.js
<- 200 GET /stylesheet/web/bootstrap.v3.3.6.css
<- 200 GET /stylesheet/web/font-awesome.v4.7.0.css
<- 200 GET /stylesheet/web/bootstrap-switch.v3.3.2.min.css
<- 200 GET /sso/Templates/otp-responsive.css?1592964815322
-> GET /scripts/common/js/jquery-ui-1.12.1.min.js
-> GET /scripts/common/js/2015/bootstrap.min.js
<- 200 GET /stylesheet/web/ib-common.css
<- 200 GET /scripts/common/js/2015/jquery.min.js
<- 200 GET /scripts/common/js/jquery-ui-1.12.1.min.js
-> GET /scripts/common/js/2015/bootstrap-switch.min.js
<- 200 GET /scripts/common/js/2015/bootstrap.min.js
-> GET /scripts/common/js/switchery.min.js
-> GET /sso/CombineFiles
-> GET /images/2015/btn-app-apple.png
<- 200 GET /scripts/common/js/2015/bootstrap-switch.min.js
-> GET /images/2015/btn-app-google.png
<- 200 GET /sso/CombineFiles
<- 200 GET /images/2015/btn-app-apple.png
-> GET /images/2015/btn-app-tws.png
-> GET /sso/Login?forwardTo=22&RL=1&ip2loc=US
<- 200 GET /scripts/common/js/switchery.min.js
-> GET /images/2015/button_discover_apis.png
<- 200 GET /images/2015/btn-app-google.png
<- 200 GET /images/2015/btn-app-tws.png
<- 200 GET /sso/Login?forwardTo=22&RL=1&ip2loc=US
<- 200 GET /images/2015/button_discover_apis.png
-> GET /stylesheet/web/bootstrap.v3.3.6.css
-> GET /stylesheet/web/bootstrap-switch.v3.3.2.min.css
-> GET /stylesheet/web/font-awesome.v4.7.0.css
-> GET /stylesheet/web/switchery.min.css
-> GET /stylesheet/web/ib-common.css
-> GET /stylesheet/web/login.css
<- 200 GET /stylesheet/web/switchery.min.css
<- 200 GET /stylesheet/web/bootstrap-switch.v3.3.2.min.css
<- 200 GET /stylesheet/web/bootstrap.v3.3.6.css
-> GET /sso/Templates/otp-responsive.css?1592964816853
-> GET /scripts/common/js/2015/jquery.min.js
<- 200 GET /stylesheet/web/font-awesome.v4.7.0.css
-> GET /scripts/common/js/jquery-ui-1.12.1.min.js
<- 200 GET /stylesheet/web/ib-common.css
<- 200 GET /stylesheet/web/login.css
-> GET /scripts/common/js/2015/bootstrap.min.js
<- 200 GET /sso/Templates/otp-responsive.css?1592964816853
-> GET /scripts/common/js/2015/bootstrap-switch.min.js
<- 200 GET /scripts/common/js/2015/jquery.min.js
-> GET /scripts/common/js/switchery.min.js
-> GET /sso/CombineFiles
<- 200 GET /scripts/common/js/jquery-ui-1.12.1.min.js
<- 200 GET /scripts/common/js/2015/bootstrap.min.js
<- 200 GET /scripts/common/js/2015/bootstrap-switch.min.js
<- 200 GET /scripts/common/js/switchery.min.js
<- 200 GET /sso/CombineFiles
-> GET /images/2015/btn-app-apple.png
-> GET /images/2015/btn-app-google.png
-> GET /images/2015/btn-app-tws.png
-> GET /images/2015/button_discover_apis.png
-> GET /images/2015/template/logo-ib-ibkr-txtwht.svg
<- 200 GET /images/2015/btn-app-apple.png
-> GET /images/2015/template/logo-ib-ibkr-txtblk.svg
<- 200 GET /images/2015/btn-app-google.png
<- 200 GET /images/2015/btn-app-tws.png
<- 200 GET /images/2015/template/logo-ib-ibkr-txtwht.svg
<- 200 GET /images/2015/button_discover_apis.png
-> GET /fonts/Proxima-Nova-Light.woff2
-> GET /fonts/fontawesome-webfont.woff2?v=4.6.1
-> GET /fonts/Proxima-Nova-Semibold.woff2
-> GET /fonts/Proxima-Nova-Regular.woff2
<- 200 GET /images/2015/template/logo-ib-ibkr-txtblk.svg
<- 200 GET /fonts/Proxima-Nova-Light.woff2
<- 200 GET /fonts/Proxima-Nova-Semibold.woff2
<- 200 GET /fonts/Proxima-Nova-Regular.woff2
<- 200 GET /fonts/fontawesome-webfont.woff2?v=4.6.1
-> POST /sso/Authenticator?21818
<- 200 POST /sso/Authenticator?21818
-> POST /sso/Authenticator?7187
<- 200 POST /sso/Authenticator?7187
-> POST /sso/Dispatcher
<- 200 POST /sso/Dispatcher
-> GET /stylesheet/web/bootstrap.v3.3.6.css
-> GET /stylesheet/web/bootstrap-switch.v3.3.2.min.css
-> GET /stylesheet/web/font-awesome.v4.7.0.css
-> GET /stylesheet/web/ib-common.css
-> GET /stylesheet/web/login.css
-> GET /sso/Templates/otp-responsive.css?1592964828211
<- 200 GET /stylesheet/web/login.css
-> GET /stylesheet/web/switchery.min.css
<- 200 GET /sso/Templates/otp-responsive.css?1592964828211
-> GET /sso/CombineFiles
<- 200 GET /stylesheet/web/font-awesome.v4.7.0.css
<- 200 GET /stylesheet/web/bootstrap.v3.3.6.css
<- 200 GET /stylesheet/web/bootstrap-switch.v3.3.2.min.css
<- 200 GET /stylesheet/web/ib-common.css
<- 200 GET /stylesheet/web/switchery.min.css
<- 200 GET /sso/CombineFiles
-> POST /sso/Authenticator?51105
<- 200 POST /sso/Authenticator?51105
-> POST /sso/Authenticator?81910
<- 200 POST /sso/Authenticator?81910
-> POST /sso/Dispatcher
<- 302 POST /sso/Dispatcher
-> request: /v1/api/sso/validate?gw=1
-> request: /AccountManagement/OneBarAuthentication?json=1
-> GET /v1/api/sso/validate?gw=1,200|629ms
-> request: /v1/api/one/user
-> request: /sso/AuthenticateSSODH?ACTION=INIT
-> sso GET https://api.ibkr.com/sso/AuthenticateSSODH?ACTION=INIT
-> GET /AccountManagement/OneBarAuthentication?json=1,404|929ms
-> GET /v1/api/one/user,200|470ms
-> request: /sso/AuthenticateSSODH?ACTION=COMPLETE&B=8c25c0b34ab1ea1073df2e9340a962b896d07f711201a1f3da624ad95c3b6dbd060042274216e791b572e44f4e58b73e4829411dfb6fd7d1ff010a4aca8fc6e2&CHRESPONSE=6f60cd6766435bf9a35bfdfaa2f259e296b88472
-> sso GET https://api.ibkr.com/sso/AuthenticateSSODH?ACTION=COMPLETE&B=8c25c0b34ab1ea1073df2e9340a962b896d07f711201a1f3da624ad95c3b6dbd060042274216e791b572e44f4e58b73e4829411dfb6fd7d1ff010a4aca8fc6e2&CHRESPONSE=6f60cd6766435bf9a35bfdfaa2f259e296b88472
-> request: /v1/api/iserver/auth/status
-> GET /v1/api/iserver/auth/status,200|93ms
-> request: /v1/api/iserver/auth/ssodh/init
-> POST https://api.ibkr.com/v1/api/iserver/auth/ssodh/init,503|10097ms
-> GET /v1/portal/portfolio/accounts
<- 200 GET /v1/portal/portfolio/accounts
-> GET /v1/portal/portfolio/DU2388114/positions/0
<- 200 GET /v1/portal/portfolio/DU2388114/positions/0
-> GET /v1/portal/portfolio/accounts
<- 200 GET /v1/portal/portfolio/accounts
-> GET /v1/portal/portfolio/DU2388114/positions/0
<- 200 GET /v1/portal/portfolio/DU2388114/positions/0
-> GET /v1/portal/portfolio/accounts
<- 200 GET /v1/portal/portfolio/accounts
-> GET /v1/portal/portfolio/DU2388114/positions/0
<- 200 GET /v1/portal/portfolio/DU2388114/positions/0
-> GET /v1/portal/portfolio/accounts
<- 200 GET /v1/portal/portfolio/accounts
-> GET /v1/portal/portfolio/DU2388114/positions/0
<- 200 GET /v1/portal/portfolio/DU2388114/positions/0
-> GET /v1/portal/portfolio/accounts
<- 200 GET /v1/portal/portfolio/accounts
-> GET /v1/portal/portfolio/DU2388114/positions/0
<- 200 GET /v1/portal/portfolio/DU2388114/positions/0
-> GET /v1/portal/portfolio/accounts
<- 200 GET /v1/portal/portfolio/accounts
-> GET /v1/portal/portfolio/DU2388114/positions/0
<- 200 GET /v1/portal/portfolio/DU2388114/positions/0
-> GET /v1/portal/portfolio/accounts
<- 200 GET /v1/portal/portfolio/accounts
-> GET /v1/portal/portfolio/DU2388114/positions/0
<- 200 GET /v1/portal/portfolio/DU2388114/positions/0
-> request: /sso/ping
-> GET /sso/ping,200|353ms
-> GET /v1/portal/portfolio/accounts
<- 200 GET /v1/portal/portfolio/accounts
-> GET /v1/portal/portfolio/DU2388114/positions/0
<- 200 GET /v1/portal/portfolio/DU2388114/positions/0
-> request: /sso/ping
-> GET /sso/ping,200|786ms
-> request: /sso/ping
-> GET /sso/ping,200|431ms
-> request: /sso/ping
-> GET /sso/ping,200|350ms
-> request: /sso/ping
-> GET /sso/ping,200|359ms
-> request: /sso/ping
-> GET /sso/ping,200|367ms
-> request: /sso/ping
-> GET /sso/ping,200|790ms
-> request: /sso/ping
-> GET /sso/ping,200|470ms
-> request: /sso/ping
-> GET /sso/ping,200|354ms
-> request: /sso/ping
-> GET /sso/ping,200|360ms
-> request: /sso/ping
-> GET /sso/ping,200|358ms
-> request: /sso/ping
-> GET /sso/ping,200|357ms
-> request: /sso/ping
-> GET /sso/ping,200|360ms
-> request: /sso/ping
-> GET /sso/ping,200|1384ms
-> request: /sso/ping
-> GET /sso/ping,200|378ms
-> request: /sso/ping
-> GET /sso/ping,200|374ms
-> request: /sso/ping
-> GET /sso/ping,200|352ms
-> request: /sso/ping
-> GET /sso/ping,200|472ms
-> request: /sso/ping
-> GET /sso/ping,200|2307ms
-> request: /sso/ping
-> GET /sso/ping,200|353ms
