-> GET /sso/Login?forwardTo=22&RL=1&ip2loc=US
<- 200 GET /sso/Login?forwardTo=22&RL=1&ip2loc=US
-> GET /sso/Login?forwardTo=22&RL=1&ip2loc=US
-> GET /stylesheet/web/switchery.min.css
-> GET /stylesheet/web/ib-common.css
-> GET /stylesheet/web/login.css
-> GET /stylesheet/web/bootstrap.v3.3.6.css
-> GET /stylesheet/web/bootstrap-switch.v3.3.2.min.css
<- 200 GET /stylesheet/web/bootstrap.v3.3.6.css
<- 200 GET /stylesheet/web/switchery.min.css
-> GET /stylesheet/web/font-awesome.v4.7.0.css
<- 200 GET /sso/Login?forwardTo=22&RL=1&ip2loc=US
<- 200 GET /stylesheet/web/ib-common.css
<- 200 GET /stylesheet/web/login.css
<- 200 GET /stylesheet/web/bootstrap-switch.v3.3.2.min.css
-> GET /stylesheet/web/bootstrap.v3.3.6.css
-> GET /stylesheet/web/switchery.min.css
-> GET /sso/Templates/otp-responsive.css?1592867796673
-> GET /stylesheet/web/ib-common.css
<- 200 GET /stylesheet/web/bootstrap.v3.3.6.css
<- 200 GET /stylesheet/web/font-awesome.v4.7.0.css
<- 200 GET /stylesheet/web/switchery.min.css
<- 200 GET /sso/Templates/otp-responsive.css?1592867796673
-> GET /stylesheet/web/login.css
-> GET /stylesheet/web/bootstrap-switch.v3.3.2.min.css
-> GET /stylesheet/web/font-awesome.v4.7.0.css
<- 200 GET /stylesheet/web/ib-common.css
<- 200 GET /stylesheet/web/bootstrap-switch.v3.3.2.min.css
<- 200 GET /stylesheet/web/login.css
-> GET /scripts/common/js/2015/jquery.min.js
-> GET /scripts/common/js/jquery-ui-1.12.1.min.js
-> GET /scripts/common/js/2015/bootstrap.min.js
-> GET /scripts/common/js/2015/bootstrap-switch.min.js
<- 200 GET /stylesheet/web/font-awesome.v4.7.0.css
<- 200 GET /scripts/common/js/2015/jquery.min.js
<- 200 GET /scripts/common/js/jquery-ui-1.12.1.min.js
-> GET /scripts/common/js/switchery.min.js
<- 200 GET /scripts/common/js/2015/bootstrap.min.js
-> GET /sso/CombineFiles
-> GET /sso/Templates/otp-responsive.css?1592867796365
<- 200 GET /scripts/common/js/2015/bootstrap-switch.min.js
-> GET /scripts/common/js/2015/jquery.min.js
<- 200 GET /scripts/common/js/switchery.min.js
-> GET /scripts/common/js/jquery-ui-1.12.1.min.js
-> GET /scripts/common/js/2015/bootstrap.min.js
<- 200 GET /sso/CombineFiles
<- 200 GET /sso/Templates/otp-responsive.css?1592867796365
-> GET /scripts/common/js/2015/bootstrap-switch.min.js
<- 200 GET /scripts/common/js/2015/jquery.min.js
<- 200 GET /scripts/common/js/jquery-ui-1.12.1.min.js
-> GET /scripts/common/js/switchery.min.js
<- 200 GET /scripts/common/js/2015/bootstrap.min.js
-> GET /sso/CombineFiles
<- 200 GET /scripts/common/js/2015/bootstrap-switch.min.js
-> GET /images/2015/btn-app-apple.png
-> GET /images/2015/btn-app-google.png
<- 200 GET /scripts/common/js/switchery.min.js
-> GET /images/2015/btn-app-tws.png
<- 200 GET /sso/CombineFiles
<- 200 GET /images/2015/btn-app-google.png
-> GET /images/2015/button_discover_apis.png
<- 200 GET /images/2015/btn-app-tws.png
<- 200 GET /images/2015/button_discover_apis.png
<- 200 GET /images/2015/btn-app-apple.png
-> GET /images/2015/btn-app-apple.png
-> GET /images/2015/btn-app-google.png
-> GET /images/2015/btn-app-tws.png
-> GET /images/2015/button_discover_apis.png
-> GET /images/2015/template/logo-ib-ibkr-txtwht.svg
<- 200 GET /images/2015/btn-app-google.png
-> GET /images/2015/template/logo-ib-ibkr-txtblk.svg
<- 200 GET /images/2015/btn-app-tws.png
<- 200 GET /images/2015/button_discover_apis.png
-> GET /fonts/Proxima-Nova-Light.woff2
-> GET /fonts/fontawesome-webfont.woff2?v=4.6.1
<- 200 GET /images/2015/template/logo-ib-ibkr-txtblk.svg
-> GET /fonts/Proxima-Nova-Semibold.woff2
<- 200 GET /fonts/Proxima-Nova-Light.woff2
-> GET /fonts/Proxima-Nova-Regular.woff2
<- 200 GET /images/2015/btn-app-apple.png
<- 200 GET /fonts/fontawesome-webfont.woff2?v=4.6.1
<- 200 GET /fonts/Proxima-Nova-Semibold.woff2
<- 200 GET /fonts/Proxima-Nova-Regular.woff2
<- 200 GET /images/2015/template/logo-ib-ibkr-txtwht.svg
-> POST /sso/Authenticator?60099
<- 200 POST /sso/Authenticator?60099
-> POST /sso/Authenticator?16045
<- 200 POST /sso/Authenticator?16045
-> POST /sso/Dispatcher
<- 302 POST /sso/Dispatcher
-> request: /v1/api/sso/validate?gw=1
-> request: /AccountManagement/OneBarAuthentication?json=1
-> GET /AccountManagement/OneBarAuthentication?json=1,404|279ms
-> GET /v1/api/sso/validate?gw=1,200|333ms
-> request: /v1/api/one/user
-> request: /sso/AuthenticateSSODH?ACTION=INIT
-> sso GET https://api.ibkr.com/sso/AuthenticateSSODH?ACTION=INIT
-> request: /sso/AuthenticateSSODH?ACTION=COMPLETE&B=c4f0c5a20fdcb50d7298bc40fd51459ec1ff2b53848400441ea4ed3b2cc0c0c1f2912c7c87c8f80a7c679e59b0b2aae9f0433bd013d8794e1a8338e20e361ff2&CHRESPONSE=5c01251aac9f9789b597f8ae84c486d997a5d3fe
-> sso GET https://api.ibkr.com/sso/AuthenticateSSODH?ACTION=COMPLETE&B=c4f0c5a20fdcb50d7298bc40fd51459ec1ff2b53848400441ea4ed3b2cc0c0c1f2912c7c87c8f80a7c679e59b0b2aae9f0433bd013d8794e1a8338e20e361ff2&CHRESPONSE=5c01251aac9f9789b597f8ae84c486d997a5d3fe
-> GET /v1/api/one/user,200|376ms
-> request: /v1/api/iserver/auth/status
-> GET /v1/api/iserver/auth/status,200|93ms
-> request: /v1/api/iserver/auth/ssodh/init
-> POST https://api.ibkr.com/v1/api/iserver/auth/ssodh/init,503|10092ms
-> GET /v1/portal/portfolio/accounts
<- 200 GET /v1/portal/portfolio/accounts
-> GET /v1/portal/portfolio/accounts
<- 200 GET /v1/portal/portfolio/accounts
-> GET /v1/portal/portfolio/DU2388114/positions/0
<- 200 GET /v1/portal/portfolio/DU2388114/positions/0
-> GET /v1/portal/portfolio/DU2388114/positions/0
<- 200 GET /v1/portal/portfolio/DU2388114/positions/0
-> POST /v1/portal/iserver/auth/status
<- 200 POST /v1/portal/iserver/auth/status
-> request: /sso/ping
-> GET /sso/ping,200|358ms
-> GET /v1/portal/sso/validate
<- 200 GET /v1/portal/sso/validate
-> GET /v1/portal/sso/validate
<- 200 GET /v1/portal/sso/validate
-> GET /v1/portal/iserver/auth/status
<- 200 GET /v1/portal/iserver/auth/status
-> request: /sso/ping
-> GET /sso/ping,200|353ms
-> request: /sso/ping
-> GET /sso/ping,200|364ms
-> request: /sso/ping
-> GET /sso/ping,200|359ms
