-> GET /sso/Login?forwardTo=22&RL=1&ip2loc=US
<- 200 GET /sso/Login?forwardTo=22&RL=1&ip2loc=US
-> GET /stylesheet/web/ib-common.css
-> GET /stylesheet/web/login.css
-> GET /sso/Templates/otp-responsive.css?1593538104971
-> GET /stylesheet/web/bootstrap.v3.3.6.css
-> GET /stylesheet/web/bootstrap-switch.v3.3.2.min.css
-> GET /stylesheet/web/font-awesome.v4.7.0.css
<- 200 GET /stylesheet/web/bootstrap-switch.v3.3.2.min.css
-> GET /stylesheet/web/switchery.min.css
<- 200 GET /sso/Templates/otp-responsive.css?1593538104971
-> GET /scripts/common/js/2015/jquery.min.js
<- 200 GET /stylesheet/web/font-awesome.v4.7.0.css
-> GET /scripts/common/js/jquery-ui-1.12.1.min.js
<- 200 GET /stylesheet/web/ib-common.css
<- 200 GET /stylesheet/web/switchery.min.css
-> GET /scripts/common/js/2015/bootstrap.min.js
<- 200 GET /stylesheet/web/login.css
<- 200 GET /stylesheet/web/bootstrap.v3.3.6.css
<- 200 GET /scripts/common/js/2015/jquery.min.js
<- 200 GET /scripts/common/js/jquery-ui-1.12.1.min.js
-> GET /scripts/common/js/2015/bootstrap-switch.min.js
-> GET /scripts/common/js/switchery.min.js
<- 200 GET /scripts/common/js/2015/bootstrap.min.js
-> GET /sso/CombineFiles
<- 200 GET /scripts/common/js/2015/bootstrap-switch.min.js
<- 200 GET /scripts/common/js/switchery.min.js
<- 200 GET /sso/CombineFiles
-> GET /images/2015/btn-app-apple.png
<- 200 GET /images/2015/btn-app-apple.png
-> GET /images/2015/btn-app-google.png
-> GET /images/2015/btn-app-tws.png
-> GET /images/2015/button_discover_apis.png
-> GET /images/2015/template/logo-ib-ibkr-txtwht.svg
<- 200 GET /images/2015/btn-app-tws.png
<- 200 GET /images/2015/btn-app-google.png
<- 200 GET /images/2015/button_discover_apis.png
-> GET /images/2015/template/logo-ib-ibkr-txtblk.svg
<- 200 GET /images/2015/template/logo-ib-ibkr-txtwht.svg
-> GET /fonts/Proxima-Nova-Light.woff2
-> GET /fonts/fontawesome-webfont.woff2?v=4.6.1
-> GET /fonts/Proxima-Nova-Semibold.woff2
-> GET /fonts/Proxima-Nova-Regular.woff2
<- 200 GET /images/2015/template/logo-ib-ibkr-txtblk.svg
<- 200 GET /fonts/Proxima-Nova-Light.woff2
<- 200 GET /fonts/fontawesome-webfont.woff2?v=4.6.1
<- 200 GET /fonts/Proxima-Nova-Regular.woff2
<- 200 GET /fonts/Proxima-Nova-Semibold.woff2
-> GET /images/2015/template/home-screen-icon-128x128.png
<- 200 GET /images/2015/template/home-screen-icon-128x128.png
-> GET /sso/Login?forwardTo=22&RL=1&ip2loc=US
<- 200 GET /sso/Login?forwardTo=22&RL=1&ip2loc=US
-> GET /stylesheet/web/bootstrap.v3.3.6.css
-> GET /stylesheet/web/bootstrap-switch.v3.3.2.min.css
-> GET /stylesheet/web/font-awesome.v4.7.0.css
-> GET /stylesheet/web/switchery.min.css
-> GET /stylesheet/web/ib-common.css
-> GET /stylesheet/web/login.css
<- 200 GET /stylesheet/web/ib-common.css
-> GET /sso/Templates/otp-responsive.css?1593538694844
<- 200 GET /stylesheet/web/login.css
-> GET /scripts/common/js/2015/jquery.min.js
<- 200 GET /sso/Templates/otp-responsive.css?1593538694844
-> GET /scripts/common/js/jquery-ui-1.12.1.min.js
<- 200 GET /scripts/common/js/2015/jquery.min.js
-> GET /scripts/common/js/2015/bootstrap.min.js
<- 200 GET /scripts/common/js/jquery-ui-1.12.1.min.js
-> GET /scripts/common/js/2015/bootstrap-switch.min.js
<- 200 GET /scripts/common/js/2015/bootstrap.min.js
-> GET /scripts/common/js/switchery.min.js
<- 200 GET /stylesheet/web/switchery.min.css
-> GET /sso/CombineFiles
<- 200 GET /stylesheet/web/font-awesome.v4.7.0.css
<- 200 GET /stylesheet/web/bootstrap.v3.3.6.css
<- 200 GET /scripts/common/js/2015/bootstrap-switch.min.js
<- 200 GET /stylesheet/web/bootstrap-switch.v3.3.2.min.css
<- 200 GET /scripts/common/js/switchery.min.js
<- 200 GET /sso/CombineFiles
-> GET /images/2015/btn-app-apple.png
-> GET /images/2015/btn-app-google.png
-> GET /images/2015/btn-app-tws.png
-> GET /images/2015/button_discover_apis.png
-> GET /images/2015/template/logo-ib-ibkr-txtwht.svg
<- 200 GET /images/2015/btn-app-apple.png
-> GET /images/2015/template/logo-ib-ibkr-txtblk.svg
<- 200 GET /images/2015/btn-app-google.png
-> GET /fonts/Proxima-Nova-Light.woff2
<- 200 GET /images/2015/btn-app-tws.png
-> GET /fonts/fontawesome-webfont.woff2?v=4.6.1
<- 200 GET /images/2015/template/logo-ib-ibkr-txtwht.svg
-> GET /fonts/Proxima-Nova-Semibold.woff2
-> GET /fonts/Proxima-Nova-Regular.woff2
<- 200 GET /images/2015/template/logo-ib-ibkr-txtblk.svg
<- 200 GET /fonts/Proxima-Nova-Light.woff2
<- 200 GET /fonts/fontawesome-webfont.woff2?v=4.6.1
<- 200 GET /fonts/Proxima-Nova-Semibold.woff2
<- 200 GET /fonts/Proxima-Nova-Regular.woff2
<- 200 GET /images/2015/button_discover_apis.png
-> GET /images/2015/template/home-screen-icon-128x128.png
<- 200 GET /images/2015/template/home-screen-icon-128x128.png
-> GET /stylesheet/web/bootstrap.v3.3.6.css
-> GET /stylesheet/web/bootstrap-switch.v3.3.2.min.css
-> GET /stylesheet/web/font-awesome.v4.7.0.css
-> GET /stylesheet/web/switchery.min.css
-> GET /stylesheet/web/ib-common.css
-> GET /stylesheet/web/login.css
<- 200 GET /stylesheet/web/bootstrap.v3.3.6.css
<- 200 GET /stylesheet/web/bootstrap-switch.v3.3.2.min.css
<- 200 GET /stylesheet/web/switchery.min.css
-> GET /sso/Templates/otp-responsive.css?1593538694844
<- 200 GET /stylesheet/web/ib-common.css
<- 200 GET /stylesheet/web/font-awesome.v4.7.0.css
<- 200 GET /stylesheet/web/login.css
<- 200 GET /sso/Templates/otp-responsive.css?1593538694844
-> GET /sso/Login?forwardTo=22&RL=1&ip2loc=US
<- 200 GET /sso/Login?forwardTo=22&RL=1&ip2loc=US
-> GET /stylesheet/web/bootstrap.v3.3.6.css
-> GET /stylesheet/web/bootstrap-switch.v3.3.2.min.css
-> GET /stylesheet/web/font-awesome.v4.7.0.css
-> GET /stylesheet/web/switchery.min.css
-> GET /stylesheet/web/ib-common.css
-> GET /stylesheet/web/login.css
<- 200 GET /stylesheet/web/ib-common.css
-> GET /sso/Templates/otp-responsive.css?1593538933146
<- 200 GET /stylesheet/web/login.css
-> GET /scripts/common/js/2015/jquery.min.js
<- 200 GET /sso/Templates/otp-responsive.css?1593538933146
-> GET /scripts/common/js/jquery-ui-1.12.1.min.js
<- 200 GET /scripts/common/js/2015/jquery.min.js
-> GET /scripts/common/js/2015/bootstrap.min.js
<- 200 GET /stylesheet/web/switchery.min.css
-> GET /scripts/common/js/2015/bootstrap-switch.min.js
<- 200 GET /stylesheet/web/bootstrap.v3.3.6.css
<- 200 GET /stylesheet/web/bootstrap-switch.v3.3.2.min.css
-> GET /scripts/common/js/switchery.min.js
<- 200 GET /scripts/common/js/jquery-ui-1.12.1.min.js
<- 200 GET /scripts/common/js/2015/bootstrap.min.js
<- 200 GET /stylesheet/web/font-awesome.v4.7.0.css
<- 200 GET /scripts/common/js/2015/bootstrap-switch.min.js
-> GET /sso/CombineFiles
<- 200 GET /scripts/common/js/switchery.min.js
-> GET /images/2015/btn-app-apple.png
<- 200 GET /sso/CombineFiles
<- 200 GET /images/2015/btn-app-apple.png
-> GET /images/2015/btn-app-google.png
<- 200 GET /images/2015/btn-app-google.png
-> GET /images/2015/btn-app-tws.png
-> GET /images/2015/button_discover_apis.png
-> GET /images/2015/template/logo-ib-ibkr-txtwht.svg
-> GET /images/2015/template/logo-ib-ibkr-txtblk.svg
<- 200 GET /images/2015/btn-app-tws.png
-> GET /fonts/Proxima-Nova-Light.woff2
-> GET /fonts/fontawesome-webfont.woff2?v=4.6.1
-> GET /fonts/Proxima-Nova-Semibold.woff2
<- 200 GET /images/2015/button_discover_apis.png
<- 200 GET /images/2015/template/logo-ib-ibkr-txtwht.svg
-> GET /fonts/Proxima-Nova-Regular.woff2
<- 200 GET /images/2015/template/logo-ib-ibkr-txtblk.svg
<- 200 GET /fonts/Proxima-Nova-Light.woff2
<- 200 GET /fonts/fontawesome-webfont.woff2?v=4.6.1
<- 200 GET /fonts/Proxima-Nova-Semibold.woff2
<- 200 GET /fonts/Proxima-Nova-Regular.woff2
-> GET /images/2015/template/home-screen-icon-128x128.png
<- 200 GET /images/2015/template/home-screen-icon-128x128.png
-> POST /sso/Authenticator?48506
<- 200 POST /sso/Authenticator?48506
-> GET /stylesheet/web/bootstrap.v3.3.6.css
-> GET /stylesheet/web/bootstrap-switch.v3.3.2.min.css
-> GET /stylesheet/web/font-awesome.v4.7.0.css
-> GET /stylesheet/web/switchery.min.css
-> GET /stylesheet/web/ib-common.css
-> GET /stylesheet/web/login.css
<- 200 GET /stylesheet/web/bootstrap.v3.3.6.css
<- 200 GET /stylesheet/web/bootstrap-switch.v3.3.2.min.css
<- 200 GET /stylesheet/web/ib-common.css
<- 200 GET /stylesheet/web/font-awesome.v4.7.0.css
<- 200 GET /stylesheet/web/switchery.min.css
-> GET /sso/Templates/otp-responsive.css?1593538933146
<- 200 GET /stylesheet/web/login.css
<- 200 GET /sso/Templates/otp-responsive.css?1593538933146
-> GET /sso/Login?forwardTo=22&RL=1&ip2loc=US
<- 200 GET /sso/Login?forwardTo=22&RL=1&ip2loc=US
-> GET /stylesheet/web/bootstrap.v3.3.6.css
-> GET /stylesheet/web/font-awesome.v4.7.0.css
-> GET /stylesheet/web/switchery.min.css
-> GET /stylesheet/web/bootstrap-switch.v3.3.2.min.css
-> GET /stylesheet/web/ib-common.css
-> GET /stylesheet/web/login.css
<- 200 GET /stylesheet/web/ib-common.css
-> GET /sso/Templates/otp-responsive.css?1593539072258
<- 200 GET /stylesheet/web/login.css
-> GET /scripts/common/js/2015/jquery.min.js
<- 200 GET /sso/Templates/otp-responsive.css?1593539072258
-> GET /scripts/common/js/jquery-ui-1.12.1.min.js
<- 200 GET /stylesheet/web/switchery.min.css
-> GET /scripts/common/js/2015/bootstrap.min.js
<- 200 GET /scripts/common/js/2015/jquery.min.js
<- 200 GET /stylesheet/web/bootstrap.v3.3.6.css
<- 200 GET /scripts/common/js/jquery-ui-1.12.1.min.js
<- 200 GET /stylesheet/web/bootstrap-switch.v3.3.2.min.css
<- 200 GET /stylesheet/web/font-awesome.v4.7.0.css
-> GET /scripts/common/js/2015/bootstrap-switch.min.js
-> GET /scripts/common/js/switchery.min.js
<- 200 GET /scripts/common/js/2015/bootstrap.min.js
-> GET /sso/CombineFiles
<- 200 GET /scripts/common/js/2015/bootstrap-switch.min.js
<- 200 GET /scripts/common/js/switchery.min.js
<- 200 GET /sso/CombineFiles
-> GET /images/2015/btn-app-apple.png
-> GET /images/2015/btn-app-google.png
-> GET /images/2015/btn-app-tws.png
-> GET /images/2015/button_discover_apis.png
<- 200 GET /images/2015/btn-app-apple.png
-> GET /images/2015/template/logo-ib-ibkr-txtwht.svg
-> GET /images/2015/template/logo-ib-ibkr-txtblk.svg
<- 200 GET /images/2015/btn-app-google.png
<- 200 GET /images/2015/button_discover_apis.png
-> GET /fonts/Proxima-Nova-Light.woff2
-> GET /fonts/fontawesome-webfont.woff2?v=4.6.1
<- 200 GET /images/2015/template/logo-ib-ibkr-txtwht.svg
-> GET /fonts/Proxima-Nova-Semibold.woff2
-> GET /fonts/Proxima-Nova-Regular.woff2
<- 200 GET /images/2015/template/logo-ib-ibkr-txtblk.svg
<- 200 GET /fonts/Proxima-Nova-Light.woff2
<- 200 GET /images/2015/btn-app-tws.png
<- 200 GET /fonts/fontawesome-webfont.woff2?v=4.6.1
<- 200 GET /fonts/Proxima-Nova-Semibold.woff2
<- 200 GET /fonts/Proxima-Nova-Regular.woff2
-> GET /images/2015/template/home-screen-icon-128x128.png
<- 200 GET /images/2015/template/home-screen-icon-128x128.png
-> POST /sso/Authenticator?42511
<- 200 POST /sso/Authenticator?42511
-> POST /sso/Authenticator?56000
<- 200 POST /sso/Authenticator?56000
-> POST /sso/Dispatcher
<- 302 POST /sso/Dispatcher
-> request: /v1/api/sso/validate?gw=1
-> request: /AccountManagement/OneBarAuthentication?json=1
-> GET /AccountManagement/OneBarAuthentication?json=1,404|109ms
-> GET /v1/api/sso/validate?gw=1,200|137ms
-> request: /v1/api/one/user
-> request: /sso/AuthenticateSSODH?ACTION=INIT
-> sso GET https://api.ibkr.com/sso/AuthenticateSSODH?ACTION=INIT
-> request: /sso/AuthenticateSSODH?ACTION=COMPLETE&B=40a6c5e43aa9dc0d084565ef5c506b0585ad636b070276f34581d499ae9b308201bfa2daf868f4090832f5e1a412132b00a54cb5ac45eff14f4cd00539d68368&CHRESPONSE=2156b7c4d7d7b1ab52285e7ee2a0ecb9c1cbc0d1
-> sso GET https://api.ibkr.com/sso/AuthenticateSSODH?ACTION=COMPLETE&B=40a6c5e43aa9dc0d084565ef5c506b0585ad636b070276f34581d499ae9b308201bfa2daf868f4090832f5e1a412132b00a54cb5ac45eff14f4cd00539d68368&CHRESPONSE=2156b7c4d7d7b1ab52285e7ee2a0ecb9c1cbc0d1
-> GET /v1/api/one/user,200|134ms
-> request: /v1/api/iserver/auth/status
-> GET /v1/api/iserver/auth/status,200|99ms
-> request: /v1/api/iserver/auth/ssodh/init
-> POST https://api.ibkr.com/v1/api/iserver/auth/ssodh/init,503|10140ms
-> GET /sso/Login?forwardTo=22&RL=1&ip2loc=US
<- 200 GET /sso/Login?forwardTo=22&RL=1&ip2loc=US
-> GET /stylesheet/web/bootstrap.v3.3.6.css
-> GET /stylesheet/web/bootstrap-switch.v3.3.2.min.css
-> GET /stylesheet/web/font-awesome.v4.7.0.css
-> GET /stylesheet/web/switchery.min.css
-> GET /stylesheet/web/ib-common.css
-> GET /stylesheet/web/login.css
<- 200 GET /stylesheet/web/ib-common.css
<- 200 GET /stylesheet/web/bootstrap.v3.3.6.css
<- 200 GET /stylesheet/web/bootstrap-switch.v3.3.2.min.css
<- 200 GET /stylesheet/web/switchery.min.css
-> GET /sso/Templates/otp-responsive.css?1593539282845
<- 200 GET /stylesheet/web/font-awesome.v4.7.0.css
-> GET /scripts/common/js/2015/jquery.min.js
-> GET /scripts/common/js/jquery-ui-1.12.1.min.js
<- 200 GET /stylesheet/web/login.css
<- 200 GET /sso/Templates/otp-responsive.css?1593539282845
-> GET /scripts/common/js/2015/bootstrap.min.js
<- 200 GET /scripts/common/js/2015/jquery.min.js
-> GET /scripts/common/js/2015/bootstrap-switch.min.js
<- 200 GET /scripts/common/js/jquery-ui-1.12.1.min.js
-> GET /scripts/common/js/switchery.min.js
<- 200 GET /scripts/common/js/2015/bootstrap.min.js
<- 200 GET /scripts/common/js/2015/bootstrap-switch.min.js
-> GET /sso/CombineFiles
<- 200 GET /scripts/common/js/switchery.min.js
<- 200 GET /sso/CombineFiles
-> GET /images/2015/btn-app-apple.png
<- 200 GET /images/2015/btn-app-apple.png
-> GET /images/2015/btn-app-google.png
-> GET /images/2015/btn-app-tws.png
-> GET /images/2015/button_discover_apis.png
-> GET /images/2015/template/logo-ib-ibkr-txtwht.svg
<- 200 GET /images/2015/btn-app-google.png
<- 200 GET /images/2015/btn-app-tws.png
<- 200 GET /images/2015/button_discover_apis.png
<- 200 GET /images/2015/template/logo-ib-ibkr-txtwht.svg
-> GET /images/2015/template/logo-ib-ibkr-txtblk.svg
-> GET /fonts/Proxima-Nova-Light.woff2
-> GET /fonts/fontawesome-webfont.woff2?v=4.6.1
-> GET /fonts/Proxima-Nova-Semibold.woff2
-> GET /fonts/Proxima-Nova-Regular.woff2
<- 200 GET /images/2015/template/logo-ib-ibkr-txtblk.svg
<- 200 GET /fonts/Proxima-Nova-Light.woff2
<- 200 GET /fonts/Proxima-Nova-Regular.woff2
<- 200 GET /fonts/fontawesome-webfont.woff2?v=4.6.1
<- 200 GET /fonts/Proxima-Nova-Semibold.woff2
-> GET /images/2015/template/home-screen-icon-128x128.png
<- 200 GET /images/2015/template/home-screen-icon-128x128.png
-> POST /sso/Authenticator?52564
<- 200 POST /sso/Authenticator?52564
-> POST /sso/Authenticator?25279
<- 200 POST /sso/Authenticator?25279
-> POST /sso/Dispatcher
<- 302 POST /sso/Dispatcher
-> request: /v1/api/sso/validate?gw=1
-> request: /AccountManagement/OneBarAuthentication?json=1
-> GET /v1/api/sso/validate?gw=1,200|94ms
-> request: /v1/api/one/user
-> request: /sso/AuthenticateSSODH?ACTION=INIT
-> sso GET https://api.ibkr.com/sso/AuthenticateSSODH?ACTION=INIT
-> GET /AccountManagement/OneBarAuthentication?json=1,404|104ms
-> GET /v1/api/one/user,200|96ms
-> request: /sso/AuthenticateSSODH?ACTION=COMPLETE&B=28a6754b3ae23200bcc0e690318a7f7b77358e61a34b401351cdb6732f26c38fd109c837f5e8f815c12c654d367921ff4d1dfec0c28e906cfcf7a3cd230ef1a0&CHRESPONSE=82edf6037dc96f0a07a08693f572009862815adf
-> sso GET https://api.ibkr.com/sso/AuthenticateSSODH?ACTION=COMPLETE&B=28a6754b3ae23200bcc0e690318a7f7b77358e61a34b401351cdb6732f26c38fd109c837f5e8f815c12c654d367921ff4d1dfec0c28e906cfcf7a3cd230ef1a0&CHRESPONSE=82edf6037dc96f0a07a08693f572009862815adf
-> request: /v1/api/iserver/auth/status
-> GET /v1/api/iserver/auth/status,200|91ms
-> request: /v1/api/iserver/auth/ssodh/init
-> POST https://api.ibkr.com/v1/api/iserver/auth/ssodh/init,503|10197ms
-> request: /sso/ping
-> GET /sso/ping,200|354ms
-> request: /sso/ping
-> GET /sso/ping,200|347ms
-> request: /sso/ping
-> GET /sso/ping,200|349ms
-> GET /sso/Login?forwardTo=22&RL=1&ip2loc=US
<- 200 GET /sso/Login?forwardTo=22&RL=1&ip2loc=US
-> GET /stylesheet/web/bootstrap.v3.3.6.css
-> GET /stylesheet/web/bootstrap-switch.v3.3.2.min.css
-> GET /stylesheet/web/font-awesome.v4.7.0.css
-> GET /stylesheet/web/switchery.min.css
-> GET /stylesheet/web/ib-common.css
-> GET /stylesheet/web/login.css
<- 200 GET /stylesheet/web/ib-common.css
<- 200 GET /stylesheet/web/switchery.min.css
-> GET /sso/Templates/otp-responsive.css?1593540401468
-> GET /scripts/common/js/2015/jquery.min.js
<- 200 GET /stylesheet/web/bootstrap.v3.3.6.css
<- 200 GET /stylesheet/web/bootstrap-switch.v3.3.2.min.css
-> GET /scripts/common/js/jquery-ui-1.12.1.min.js
<- 200 GET /stylesheet/web/font-awesome.v4.7.0.css
<- 200 GET /stylesheet/web/login.css
<- 200 GET /sso/Templates/otp-responsive.css?1593540401468
-> GET /scripts/common/js/2015/bootstrap.min.js
<- 200 GET /scripts/common/js/2015/jquery.min.js
-> GET /scripts/common/js/2015/bootstrap-switch.min.js
<- 200 GET /scripts/common/js/jquery-ui-1.12.1.min.js
-> GET /scripts/common/js/switchery.min.js
<- 200 GET /scripts/common/js/2015/bootstrap.min.js
<- 200 GET /scripts/common/js/2015/bootstrap-switch.min.js
-> GET /sso/CombineFiles
<- 200 GET /scripts/common/js/switchery.min.js
<- 200 GET /sso/CombineFiles
-> GET /images/2015/btn-app-apple.png
<- 200 GET /images/2015/btn-app-apple.png
-> GET /images/2015/btn-app-google.png
-> GET /images/2015/btn-app-tws.png
-> GET /images/2015/button_discover_apis.png
-> GET /images/2015/template/logo-ib-ibkr-txtwht.svg
<- 200 GET /images/2015/btn-app-google.png
-> GET /images/2015/template/logo-ib-ibkr-txtblk.svg
<- 200 GET /images/2015/btn-app-tws.png
<- 200 GET /images/2015/button_discover_apis.png
<- 200 GET /images/2015/template/logo-ib-ibkr-txtwht.svg
-> GET /fonts/Proxima-Nova-Light.woff2
-> GET /fonts/fontawesome-webfont.woff2?v=4.6.1
-> GET /fonts/Proxima-Nova-Semibold.woff2
-> GET /fonts/Proxima-Nova-Regular.woff2
<- 200 GET /images/2015/template/logo-ib-ibkr-txtblk.svg
<- 200 GET /fonts/Proxima-Nova-Light.woff2
<- 200 GET /fonts/Proxima-Nova-Regular.woff2
<- 200 GET /fonts/fontawesome-webfont.woff2?v=4.6.1
<- 200 GET /fonts/Proxima-Nova-Semibold.woff2
-> GET /images/2015/template/home-screen-icon-128x128.png
<- 200 GET /images/2015/template/home-screen-icon-128x128.png
-> POST /sso/Authenticator?83102
<- 200 POST /sso/Authenticator?83102
-> POST /sso/Authenticator?85516
<- 200 POST /sso/Authenticator?85516
-> POST /sso/Dispatcher
<- 302 POST /sso/Dispatcher
-> request: /v1/api/sso/validate?gw=1
-> request: /AccountManagement/OneBarAuthentication?json=1
-> GET /AccountManagement/OneBarAuthentication?json=1,404|108ms
-> GET /v1/api/sso/validate?gw=1,200|180ms
-> request: /v1/api/one/user
-> request: /sso/AuthenticateSSODH?ACTION=INIT
-> sso GET https://api.ibkr.com/sso/AuthenticateSSODH?ACTION=INIT
-> request: /sso/AuthenticateSSODH?ACTION=COMPLETE&B=387ba622004978a8b836a11d105c10b4abf011c2e55f97437d879ebd00d203c97bf1dfcabd82ba2674940966154673189397f546f25400343e753fcd0b978016&CHRESPONSE=ec5854e13650caffac3cfd4aa8f5de6edbc12d3d
-> sso GET https://api.ibkr.com/sso/AuthenticateSSODH?ACTION=COMPLETE&B=387ba622004978a8b836a11d105c10b4abf011c2e55f97437d879ebd00d203c97bf1dfcabd82ba2674940966154673189397f546f25400343e753fcd0b978016&CHRESPONSE=ec5854e13650caffac3cfd4aa8f5de6edbc12d3d
-> GET /v1/api/one/user,200|371ms
-> request: /v1/api/iserver/auth/status
-> GET /v1/api/iserver/auth/status,200|93ms
-> request: /v1/api/iserver/auth/ssodh/init
-> POST https://api.ibkr.com/v1/api/iserver/auth/ssodh/init,503|10141ms
-> GET /v1/portal/sso/validate
<- 200 GET /v1/portal/sso/validate
-> POST /v1/portal/iserver/auth/status
<- 200 POST /v1/portal/iserver/auth/status
-> request: /sso/ping
-> GET /sso/ping,200|349ms
-> request: /sso/ping
-> GET /sso/ping,200|348ms
-> request: /sso/ping
-> GET /sso/ping,200|402ms
-> request: /sso/ping
-> GET /sso/ping,200|411ms
-> request: /sso/ping
-> GET /sso/ping,200|359ms
